2017-09-06 14:44:37,175 INFO  - 2c9f81ee5e54f992015e55e91f2c0baf插入success
2017-09-06 14:44:37,187 INFO  - 2c9f81ee5e54f992015e55e91f5c0bb0插入success
2017-09-06 14:44:37,187 INFO  - 2c9f81ee5e54f992015e55e91f9f0bb1插入success
2017-09-06 14:44:37,187 INFO  - 2c9f81ee5e54f992015e55e91fb90bb2插入success
2017-09-06 14:44:37,187 INFO  - 2c9f81ee5e54f992015e55e920270bb3插入success
2017-09-06 14:44:37,187 INFO  - 2c9f81ee5e54f992015e55e921660bb4插入success
2017-09-06 14:44:37,187 INFO  - 2c9f81ee5e54f992015e55e9226d0bb7插入success
2017-09-06 14:44:37,187 INFO  - 2c9f81ee5e54f992015e55e922e70bb8插入success
2017-09-06 14:44:37,187 INFO  - 2c9f81ee5e54f992015e55e924fa0bb9插入success
2017-09-06 14:44:37,187 INFO  - 2c9f81ee5e54f992015e55e9270e0bba插入success
2017-09-06 14:44:37,187 INFO  - 2c9f81ee5e54f992015e55e929200bbb插入success
2017-09-06 14:44:37,187 INFO  - 2c9f81ee5e54f992015e55e92b400bbc插入success
2017-09-06 14:44:37,187 INFO  - 2c9f81ee5e54f992015e55e92d4a0bbd插入success
2017-09-06 14:44:37,187 INFO  - 2c9f81ee5e54f992015e55e92f5e0bbe插入success
2017-09-06 14:44:37,187 INFO  - 2c9f81ee5e54f992015e55e931720bc0插入success
2017-09-06 14:44:37,188 INFO  - 2c9f81ee5e54f992015e55e933860bc2插入success
2017-09-06 14:44:37,188 INFO  - 2c9f81ee5e54f992015e55e92f880bbf插入success
2017-09-06 14:44:37,188 INFO  - 2c9f81ee5e54f992015e55e935990bc6插入success
2017-09-06 14:44:37,188 INFO  - 2c9f81ee5e54f992015e55e937b00bc7插入success
2017-09-06 14:44:37,188 INFO  - 2c9f81ee5e54f992015e55e939c20bc8插入success
2017-09-06 14:44:37,188 INFO  - 2c9f81ee5e54f992015e55e93da60bc9插入success
2017-09-06 14:44:37,188 INFO  - 2c9f81ee5e54f992015e55e941950bca插入success
2017-09-06 14:44:37,188 INFO  - 2c9f81ee5e54f992015e55e9457f0bcb插入success
2017-09-06 14:44:37,188 INFO  - 2c9f81ee5e54f992015e55e949660bcc插入success
2017-09-06 14:44:37,188 INFO  - 2c9f81ee5e54f992015e55e94d4d0bcd插入success
2017-09-06 14:44:37,188 INFO  - 2c9f81ee5e54f992015e55e951360bce插入success
2017-09-06 14:44:37,188 INFO  - 2c9f81ee5e54f992015e55e9551c0bcf插入success
2017-09-06 14:44:37,188 INFO  - 2c9f81ee5e54f992015e55e959060bd0插入success
2017-09-06 14:44:37,188 INFO  - 2c9f81ee5e54f992015e55e95cf10bd1插入success
2017-09-06 14:44:37,188 INFO  - 2c9f81ee5e54f992015e55e960db0bd2插入success
2017-09-06 14:44:37,188 INFO  - 2c9f81ee5e54f992015e55e964bf0bd3插入success
2017-09-06 14:44:37,188 INFO  - 2c9f81ee5e54f992015e55e968a90bd4插入success
2017-09-06 14:44:37,188 INFO  - 2c9f81ee5e54f992015e55e9707c0bd5插入success
2017-09-06 14:44:37,188 INFO  - 2c9f81ee5e54f992015e55e974270bd6插入success
2017-09-06 14:44:37,188 INFO  - 2c9f81ee5e54f992015e55e978750bd7插入success
2017-09-06 14:44:37,188 INFO  - 2c9f81ee5e54f992015e55e98ee40bdc插入success
2017-09-06 14:44:37,188 INFO  - 2c9f81ee5e54f992015e55e992240bdf插入success
2017-09-06 14:44:37,188 INFO  - 2c9f81ee5e54f992015e55e992ac0be0插入success
2017-09-06 14:44:37,188 INFO  - 2c9f81ee5e54f992015e55e9937b0be1插入success
2017-09-06 14:44:37,188 INFO  - 2c9f81ee5e54f992015e55e994440be2插入success
2017-09-06 14:44:37,189 INFO  - 2c9f81ee5e54f992015e55e998c10be7插入success
2017-09-06 14:44:37,189 INFO  - 2c9f81ee5e54f992015e55e999440be8插入success
2017-09-06 14:44:37,189 INFO  - 2c9f81ee5e54f992015e55e999c20be9插入success
2017-09-06 14:44:37,189 INFO  - 2c9f81ee5e54f992015e55e99c590bea插入success
2017-09-06 14:44:37,189 INFO  - 2c9f81ee5e54f992015e55e9a3040bed插入success
2017-09-06 14:44:37,189 INFO  - 2c9f81ee5e54f992015e55e9a6ee0bef插入success
2017-09-06 14:44:37,189 INFO  - 2c9f81ee5e54f992015e55e9a6350bee插入success
2017-09-06 14:44:37,189 INFO  - 2c9f81ee5e54f992015e55e9aad80bf2插入success
2017-09-06 14:44:37,189 INFO  - 2c9f81ee5e54f992015e55e9aebf0bf3插入success
2017-09-06 14:44:37,189 INFO  - 2c9f81ee5e54f992015e55e9aec70bf4插入success
2017-09-06 14:44:37,189 INFO  - 2c9f81ee5e54f992015e55e9b2a40bf7插入success
2017-09-06 14:44:37,189 INFO  - 2c9f81ee5e54f992015e55e9b68d0bf8插入success
2017-09-06 14:44:37,189 INFO  - 2c9f81ee5e54f992015e55e9ba710bf9插入success
2017-09-06 14:44:37,189 INFO  - 2c9f81ee5e54f992015e55e9be5f0bfa插入success
2017-09-06 14:44:37,189 INFO  - 2c9f81ee5e54f992015e55e9c2460bfb插入success
2017-09-06 14:44:37,189 INFO  - 2c9f81ee5e54f992015e55e9c64c0bfc插入success
2017-09-06 14:44:37,189 INFO  - 2c9f81ee5e54f992015e55e9ca120bfd插入success
2017-09-06 14:44:37,189 INFO  - 2c9f81ee5e54f992015e55e9cdfd0bfe插入success
2017-09-06 14:44:37,189 INFO  - 2c9f81ee5e54f992015e55e9d5d90bff插入success
2017-09-06 14:44:37,189 INFO  - 2c9f81ee5e54f992015e55e9d8e00c04插入success
2017-09-06 14:44:37,189 INFO  - 2c9f81ee5e54f992015e55e9dc2c0c09插入success
2017-09-06 14:44:37,189 INFO  - 2c9f81ee5e54f992015e55e9dddb0c0c插入success
2017-09-06 14:44:37,189 INFO  - 2c9f81ee5e54f992015e55e9e1850c0d插入success
2017-09-06 14:44:37,190 INFO  - 2c9f81ee5e54f992015e55e9e6cc0c0e插入success
2017-09-06 14:44:37,190 INFO  - 2c9f81ee5e54f992015e55e9e9960c11插入success
2017-09-06 14:44:37,190 INFO  - 2c9f81ee5e54f992015e55e9ed790c12插入success
2017-09-06 14:44:37,190 INFO  - 2c9f81ee5e54f992015e55e9f15c0c13插入success
2017-09-06 14:44:37,190 INFO  - 2c9f81ee5e54f992015e55e9f5460c14插入success
2017-09-06 14:44:37,190 INFO  - 2c9f81ee5e54f992015e55e9f9330c15插入success
2017-09-06 14:44:37,190 INFO  - 2c9f81ee5e54f992015e55e9fcde0c16插入success
2017-09-06 14:44:37,190 INFO  - 2c9f81ee5e54f992015e55ea00c20c17插入success
2017-09-06 14:44:37,190 INFO  - 2c9f81ee5e54f992015e55ea04a90c18插入success
2017-09-06 14:44:37,190 INFO  - 2c9f81ee5e54f992015e55ea08910c19插入success
2017-09-06 14:44:37,190 INFO  - 2c9f81ee5e54f992015e55ea0c7c0c1a插入success
2017-09-06 14:44:37,190 INFO  - 2c9f81ee5e54f992015e55ea10630c1b插入success
2017-09-06 14:44:37,190 INFO  - 2c9f81ee5e54f992015e55ea21c90c1c插入success
2017-09-06 14:44:37,190 INFO  - 2c9f81ee5e54f992015e55ea23e10c1f插入success
2017-09-06 14:44:37,190 INFO  - 2c9f81ee5e54f992015e55ea299d0c22插入success
2017-09-06 14:44:37,190 INFO  - 2c9f81ee5e54f992015e55ea30d80c25插入success
2017-09-06 14:44:37,190 INFO  - 2c9f81ee5e54f992015e55ea33000c28插入success
2017-09-06 14:44:37,190 INFO  - 2c9f81ee5e54f992015e55ea3cb60c2c插入success
2017-09-06 14:44:37,190 INFO  - 2c9f81ee5e54f992015e55ea3cb10c2b插入success
2017-09-06 14:44:37,190 INFO  - 2c9f81ee5e54f992015e55ea47280c31插入success
2017-09-06 14:44:37,190 INFO  - 2c9f81ee5e54f992015e55ea47980c32插入success
2017-09-06 14:44:37,190 INFO  - 2c9f81ee5e54f992015e55ea4f2e0c37插入success
2017-09-06 14:44:37,190 INFO  - 2c9f81ee5e54f992015e55ea544b0c3a插入success
2017-09-06 14:44:37,190 INFO  - 2c9f81ee5e54f992015e55ea568e0c3d插入success
2017-09-06 14:44:37,190 INFO  - 2c9f81ee5e54f992015e55ea56d00c3e插入success
2017-09-06 14:44:37,191 INFO  - 2c9f81ee5e54f992015e55ea57520c3f插入success
2017-09-06 14:44:37,191 INFO  - 2c9f81ee5e54f992015e55ea5ae60c40插入success
2017-09-06 14:44:37,191 INFO  - 2c9f81ee5e54f992015e55ea68aa0c41插入success
2017-09-06 14:44:37,191 INFO  - 2c9f81ee5e54f992015e55ea6c060c44插入success
2017-09-06 14:44:37,191 INFO  - 2c9f81ee5e54f992015e55ea6c890c45插入success
2017-09-06 14:44:37,191 INFO  - 2c9f81ee5e54f992015e55ea7b450c46插入success
2017-09-06 14:44:37,191 INFO  - 2c9f81ee5e54f992015e55ea7f3a0c49插入success
2017-09-06 14:44:37,191 INFO  - 2c9f81ee5e54f992015e55ea7fb70c4a插入success
2017-09-06 14:44:37,191 INFO  - 2c9f81ee5e54f992015e55ea80460c4b插入success
2017-09-06 14:44:37,191 INFO  - 2c9f81ee5e54f992015e55ea80cc0c4c插入success
2017-09-06 14:44:37,191 INFO  - 2c9f81ee5e54f992015e55ea89ef0c4d插入success
2017-09-06 14:44:37,191 INFO  - 2c9f81ee5e54f992015e55ea92610c50插入success
2017-09-06 14:44:37,191 INFO  - 2c9f81ee5e54f992015e55ea9b300c55插入success
2017-09-06 14:44:37,191 INFO  - 2c9f81ee5e54f992015e55ea9bb10c56插入success
2017-09-06 14:44:37,191 INFO  - 2c9f81ee5e54f992015e55ea9c2e0c57插入success
2017-09-06 14:44:37,191 INFO  - 2c9f81ee5e54f992015e55ea9cb10c58插入success
2017-09-06 14:44:37,191 INFO  - 2c9f81ee5e54f992015e55ea9d350c59插入success
2017-09-06 14:44:37,191 INFO  - 2c9f81ee5e54f992015e55ea9dcd0c5a插入success
2017-09-06 14:44:37,191 INFO  - 2c9f81ee5e54f992015e55eaa12c0c5b插入success
2017-09-06 14:44:37,191 INFO  - 2c9f81ee5e54f992015e55eaa5130c5d插入success
2017-09-06 14:44:37,191 INFO  - 2c9f81ee5e54f992015e55eaa2810c5c插入success
2017-09-06 14:44:37,191 INFO  - 2c9f81ee5e54f992015e55eaa90f0c62插入success
2017-09-06 14:44:37,191 INFO  - 2c9f81ee5e54f992015e55eaa9930c63插入success
2017-09-06 14:44:37,191 INFO  - 2c9f81ee5e54f992015e55eabb160c64插入success
2017-09-06 14:44:37,192 INFO  - 2c9f81ee5e54f992015e55eabe6f0c67插入success
2017-09-06 14:44:37,192 INFO  - 2c9f81ee5e54f992015e55eabeec0c68插入success
2017-09-06 14:44:37,192 INFO  - 2c9f81ee5e54f992015e55eabfad0c69插入success
2017-09-06 14:44:37,192 INFO  - 2c9f81ee5e54f992015e55eacb050c6a插入success
2017-09-06 14:44:37,192 INFO  - 2c9f81ee5e54f992015e55ead1b60c6f插入success
2017-09-06 14:44:37,192 INFO  - 2c9f81ee5e54f992015e55ead7ca0c74插入success
2017-09-06 14:44:37,192 INFO  - 2c9f81ee5e54f992015e55ead8460c75插入success
2017-09-06 14:44:37,192 INFO  - 2c9f81ee5e54f992015e55ead8c10c76插入success
2017-09-06 14:44:37,192 INFO  - 2c9f81ee5e54f992015e55ead93b0c77插入success
2017-09-06 14:44:37,192 INFO  - 2c9f81ee5e54f992015e55ead9fa0c78插入success
2017-09-06 14:44:37,192 INFO  - 2c9f81ee5e54f992015e55eadbed0c7a插入success
2017-09-06 14:44:37,192 INFO  - 2c9f81ee5e54f992015e55eada060c79插入success
2017-09-06 14:44:37,192 INFO  - 2c9f81ee5e54f992015e55eaddfd0c7d插入success
2017-09-06 14:44:37,192 INFO  - 2c9f81ee5e54f992015e55eadfaa0c7e插入success
2017-09-06 14:44:37,192 INFO  - 2c9f81ee5e54f992015e55eae7770c7f插入success
2017-09-06 14:44:37,192 INFO  - 2c9f81ee5e54f992015e55eaeac90c82插入success
2017-09-06 14:44:37,192 INFO  - 2c9f81ee5e54f992015e55eaeb6a0c83插入success
2017-09-06 14:44:37,192 INFO  - 2c9f81ee5e54f992015e55eaef4e0c84插入success
2017-09-06 14:44:37,192 INFO  - 2c9f81ee5e54f992015e55eaf68f0c85插入success
2017-09-06 14:44:37,192 INFO  - 2c9f81ee5e54f992015e55eafc8b0c8a插入success
2017-09-06 14:44:37,192 INFO  - 2c9f81ee5e54f992015e55eafd050c8b插入success
2017-09-06 14:44:37,192 INFO  - 2c9f81ee5e54f992015e55eafeeb0c8c插入success
2017-09-06 14:44:37,192 INFO  - 2c9f81ee5e54f992015e55eb02f80c8d插入success
2017-09-06 14:44:37,192 INFO  - 2c9f81ee5e54f992015e55eb06bd0c8e插入success
2017-09-06 14:44:37,192 INFO  - 2c9f81ee5e54f992015e55eb0aa20c8f插入success
2017-09-06 14:44:37,192 INFO  - 2c9f81ee5e54f992015e55eb0e8b0c92插入success
2017-09-06 14:44:37,193 INFO  - 2c9f81ee5e54f992015e55eb0b8f0c90插入success
2017-09-06 14:44:37,193 INFO  - 2c9f81ee5e54f992015e55eb11d00c96插入success
2017-09-06 14:44:37,193 INFO  - 2c9f81ee5e54f992015e55eb12740c97插入success
2017-09-06 14:44:37,193 INFO  - 2c9f81ee5e54f992015e55eb165b0c98插入success
2017-09-06 14:44:37,193 INFO  - 2c9f81ee5e54f992015e55eb1a510c99插入success
2017-09-06 14:44:37,193 INFO  - 2c9f81ee5e54f992015e55eb1e2a0c9a插入success
2017-09-06 14:44:37,193 INFO  - 2c9f81ee5e54f992015e55eb22120c9b插入success
2017-09-06 14:44:37,193 INFO  - 2c9f81ee5e54f992015e55eb25bd0c9c插入success
2017-09-06 14:44:37,193 INFO  - 2c9f81ee5e54f992015e55eb29d20c9d插入success
2017-09-06 14:44:37,193 INFO  - 2c9f81ee5e54f992015e55eb2dce0c9e插入success
2017-09-06 14:44:37,193 INFO  - 2c9f81ee5e54f992015e55eb31770c9f插入success
2017-09-06 14:44:37,193 INFO  - 2c9f81ee5e54f992015e55eb355f0ca0插入success
2017-09-06 14:44:37,193 INFO  - 2c9f81ee5e54f992015e55eb39480ca1插入success
2017-09-06 14:44:37,193 INFO  - 2c9f81ee5e54f992015e55eb3d300ca2插入success
2017-09-06 14:44:37,193 INFO  - 2c9f81ee5e54f992015e55eb41170ca3插入success
2017-09-06 14:44:37,193 INFO  - 2c9f81ee5e54f992015e55eb45000ca4插入success
2017-09-06 14:44:37,193 INFO  - 2c9f81ee5e54f992015e55eb48e70ca5插入success
2017-09-06 14:44:37,193 INFO  - 2c9f81ee5e54f992015e55eb4ccf0ca6插入success
2017-09-06 14:44:37,193 INFO  - 2c9f81ee5e54f992015e55eb50c70ca7插入success
2017-09-06 14:44:37,193 INFO  - 2c9f81ee5e54f992015e55eb549e0ca8插入success
2017-09-06 14:44:37,193 INFO  - 2c9f81ee5e54f992015e55eb58c50ca9插入success
2017-09-06 14:44:37,193 INFO  - 2c9f81ee5e54f992015e55eb5cad0caa插入success
2017-09-06 14:44:37,193 INFO  - 2c9f81ee5e54f992015e55eb60960cab插入success
2017-09-06 14:44:37,193 INFO  - 2c9f81ee5e54f992015e55eb64800cac插入success
2017-09-06 14:44:37,193 INFO  - 2c9f81ee5e54f992015e55eb68650cad插入success
2017-09-06 14:44:37,194 INFO  - 2c9f81ee5e54f992015e55eb6c4d0cae插入success
2017-09-06 14:44:37,194 INFO  - 2c9f81ee5e54f992015e55eb70350caf插入success
2017-09-06 14:44:37,194 INFO  - 2c9f81ee5e54f992015e55eb741f0cb0插入success
2017-09-06 14:44:37,194 INFO  - 2c9f81ee5e54f992015e55eb78360cb1插入success
2017-09-06 14:44:37,194 INFO  - 2c9f81ee5e54f992015e55eb7bef0cb2插入success
2017-09-06 14:44:37,194 INFO  - 2c9f81ee5e54f992015e55eb7fd60cb3插入success
2017-09-06 14:44:37,194 INFO  - 2c9f81ee5e54f992015e55eb83be0cb4插入success
2017-09-06 14:44:37,194 INFO  - 2c9f81ee5e54f992015e55eb87a60cb5插入success
2017-09-06 14:44:37,194 INFO  - 2c9f81ee5e54f992015e55ebd1700cb6插入success
2017-09-06 14:44:37,194 INFO  - 2c9f81ee5e54f992015e55ebdadc0cbb插入success
2017-09-06 14:44:37,194 INFO  - 2c9f81ee5e54f992015e55ebe0810cbc插入success
2017-09-06 14:44:37,194 INFO  - 2c9f81ee5e54f992015e55ec21780cc1插入success
2017-09-06 14:44:37,194 INFO  - 2c9f81ee5e54f992015e55ec3eab0cc6插入success
2017-09-06 14:44:37,194 INFO  - 2c9f81ee5e54f992015e55ec516f0ccb插入success
2017-09-06 14:44:37,194 INFO  - 2c9f81ee5e54f992015e55ec5c080cd0插入success
2017-09-06 14:44:37,194 INFO  - 2c9f81ee5e54f992015e55ec9e6b0cd5插入success
2017-09-06 14:44:37,194 INFO  - 2c9f81ee5e54f992015e55eca7740cda插入success
2017-09-06 14:44:37,194 INFO  - 2c9f81ee5e54f992015e55eca7f80cdb插入success
2017-09-06 14:44:37,194 INFO  - 2c9f81ee5e54f992015e55eca8790cdc插入success
2017-09-06 14:44:37,194 INFO  - 2c9f81ee5e54f992015e55eca8ba0cdd插入success
2017-09-06 14:44:37,194 INFO  - 2c9f81ee5e54f992015e55eca9060cde插入success
2017-09-06 14:44:37,194 INFO  - 2c9f81ee5e54f992015e55eca9490cdf插入success
2017-09-06 14:44:37,194 INFO  - 2c9f81ee5e54f992015e55eca98b0ce0插入success
2017-09-06 14:44:37,194 INFO  - 2c9f81ee5e54f992015e55ecaa4d0ce1插入success
2017-09-06 14:44:37,194 INFO  - 2c9f81ee5e54f992015e55ecaa950ce2插入success
2017-09-06 14:44:37,194 INFO  - 2c9f81ee5e54f992015e55ecaae10ce3插入success
2017-09-06 14:44:37,195 INFO  - 2c9f81ee5e54f992015e55ecab2b0ce4插入success
2017-09-06 14:44:37,195 INFO  - 2c9f81ee5e54f992015e55ecab760ce5插入success
2017-09-06 14:44:37,195 INFO  - 2c9f81ee5e54f992015e55ecabc30ce7插入success
2017-09-06 14:44:37,195 INFO  - 2c9f81ee5e54f992015e55ecac4a0ce8插入success
2017-09-06 14:44:37,195 INFO  - 2c9f81ee5e54f992015e55ecacd00ce9插入success
2017-09-06 14:44:37,195 INFO  - 2c9f81ee5e54f992015e55ecad550cea插入success
2017-09-06 14:44:37,195 INFO  - 2c9f81ee5e54f992015e55ecaddb0ceb插入success
2017-09-06 14:44:37,195 INFO  - 2c9f81ee5e54f992015e55ecae610cec插入success
2017-09-06 14:44:37,195 INFO  - 2c9f81ee5e54f992015e55ecaec50ced插入success
2017-09-06 14:44:37,195 INFO  - 2c9f81ee5e54f992015e55ecaf0c0cee插入success
2017-09-06 14:44:37,195 INFO  - 2c9f81ee5e54f992015e55ecafe60cf0插入success
2017-09-06 14:44:37,195 INFO  - 2c9f81ee5e54f992015e55ecb03a0cf1插入success
2017-09-06 14:44:37,195 INFO  - 2c9f81ee5e54f992015e55ecb0820cf2插入success
2017-09-06 14:44:37,195 INFO  - 2c9f81ee5e54f992015e55ecb1580cf3插入success
2017-09-06 14:44:37,195 INFO  - 2c9f81ee5e54f992015e55ecb1a50cf4插入success
2017-09-06 14:44:37,195 INFO  - 2c9f81ee5e54f992015e55ecb1f80cf5插入success
2017-09-06 14:44:37,195 INFO  - 2c9f81ee5e54f992015e55ecb24d0cf6插入success
2017-09-06 14:44:37,195 INFO  - 2c9f81ee5e54f992015e55ecb2d40cf7插入success
2017-09-06 14:44:37,195 INFO  - 2c9f81ee5e54f992015e55ecb36a0cf8插入success
2017-09-06 14:44:37,195 INFO  - 2c9f81ee5e54f992015e55ecab8b0ce6插入success
2017-09-06 14:44:37,195 INFO  - 2c9f81ee5e54f992015e55ecb4010cfc插入success
2017-09-06 14:44:37,195 INFO  - 2c9f81ee5e54f992015e55ecb4a80cfd插入success
2017-09-06 14:44:37,195 INFO  - 2c9f81ee5e54f992015e55ecb5a50cfe插入success
2017-09-06 14:44:37,195 INFO  - 2c9f81ee5e54f992015e55ecb5fd0cff插入success
2017-09-06 14:44:37,196 INFO  - 2c9f81ee5e54f992015e55ecb6570d00插入success
2017-09-06 14:44:37,196 INFO  - 2c9f81ee5e54f992015e55ecb6ee0d01插入success
2017-09-06 14:44:37,196 INFO  - 2c9f81ee5e54f992015e55ecb73f0d02插入success
2017-09-06 14:44:37,196 INFO  - 2c9f81ee5e54f992015e55ecb8200d03插入success
2017-09-06 14:44:37,196 INFO  - 2c9f81ee5e54f992015e55ecbc090d04插入success
2017-09-06 14:44:37,196 INFO  - 2c9f81ee5e54f992015e55ecbff10d05插入success
2017-09-06 14:44:37,196 INFO  - 2c9f81ee5e54f992015e55ecc3d90d06插入success
2017-09-06 14:44:37,196 INFO  - 2c9f81ee5e54f992015e55ecc7c10d07插入success
2017-09-06 14:44:37,196 INFO  - 2c9f81ee5e54f992015e55eccbaa0d08插入success
2017-09-06 14:44:37,196 INFO  - 2c9f81ee5e54f992015e55eccf910d09插入success
2017-09-06 14:44:37,196 INFO  - 2c9f81ee5e54f992015e55ecd3c80d0a插入success
2017-09-06 14:44:37,196 INFO  - 2c9f81ee5e54f992015e55ecd7600d0b插入success
2017-09-06 14:44:37,196 INFO  - 2c9f81ee5e54f992015e55ecdb430d0c插入success
2017-09-06 14:44:37,196 INFO  - 2c9f81ee5e54f992015e55ecdf2b0d0d插入success
2017-09-06 14:44:37,196 INFO  - 2c9f81ee5e54f992015e55ece31a0d0f插入success
2017-09-06 14:44:37,196 INFO  - 2c9f81ee5e54f992015e55ece7020d11插入success
2017-09-06 14:44:37,196 INFO  - 2c9f81ee5e54f992015e55ece0440d0e插入success
2017-09-06 14:44:37,196 INFO  - 2c9f81ee5e54f992015e55ece8730d15插入success
2017-09-06 14:44:37,196 INFO  - 2c9f81ee5e54f992015e55ece90a0d16插入success
2017-09-06 14:44:37,196 INFO  - 2c9f81ee5e54f992015e55ece9560d17插入success
2017-09-06 14:44:37,196 INFO  - 2c9f81ee5e54f992015e55ece9a00d18插入success
2017-09-06 14:44:37,196 INFO  - 2c9f81ee5e54f992015e55ece9ec0d19插入success
2017-09-06 14:44:37,196 INFO  - 2c9f81ee5e54f992015e55ecea360d1a插入success
2017-09-06 14:44:37,196 INFO  - 2c9f81ee5e54f992015e55ecea990d1b插入success
2017-09-06 14:44:37,196 INFO  - 2c9f81ee5e54f992015e55eceae80d1c插入success
2017-09-06 14:44:37,196 INFO  - 2c9f81ee5e54f992015e55eceb070d1d插入success
2017-09-06 14:44:37,197 INFO  - 2c9f81ee5e54f992015e55eceb520d1e插入success
2017-09-06 14:44:37,197 INFO  - 2c9f81ee5e54f992015e55eceba40d1f插入success
2017-09-06 14:44:37,197 INFO  - 2c9f81ee5e54f992015e55ecebf90d20插入success
2017-09-06 14:44:37,197 INFO  - 2c9f81ee5e54f992015e55ecec440d21插入success
2017-09-06 14:44:37,197 INFO  - 2c9f81ee5e54f992015e55ececd10d22插入success
2017-09-06 14:44:37,197 INFO  - 2c9f81ee5e54f992015e55eced610d23插入success
2017-09-06 14:44:37,197 INFO  - 2c9f81ee5e54f992015e55ecedf70d24插入success
2017-09-06 14:44:37,197 INFO  - 2c9f81ee5e54f992015e55ecee480d25插入success
2017-09-06 14:44:37,197 INFO  - 2c9f81ee5e54f992015e55ecee940d26插入success
2017-09-06 14:44:37,197 INFO  - 2c9f81ee5e54f992015e55eceedd0d27插入success
2017-09-06 14:44:37,197 INFO  - 2c9f81ee5e54f992015e55eceeef0d28插入success
2017-09-06 14:44:37,197 INFO  - 2c9f81ee5e54f992015e55ecef3a0d29插入success
2017-09-06 14:44:37,197 INFO  - 2c9f81ee5e54f992015e55ecef860d2a插入success
2017-09-06 14:44:37,197 INFO  - 2c9f81ee5e54f992015e55ecefea0d2b插入success
2017-09-06 14:44:37,197 INFO  - 2c9f81ee5e54f992015e55ecf03e0d2c插入success
2017-09-06 14:44:37,197 INFO  - 2c9f81ee5e54f992015e55ecf0d50d2d插入success
2017-09-06 14:44:37,197 INFO  - 2c9f81ee5e54f992015e55ecf16d0d2e插入success
2017-09-06 14:44:37,197 INFO  - 2c9f81ee5e54f992015e55ecf20a0d2f插入success
2017-09-06 14:44:37,197 INFO  - 2c9f81ee5e54f992015e55ecf29f0d30插入success
2017-09-06 14:44:37,197 INFO  - 2c9f81ee5e54f992015e55ecf2b80d31插入success
2017-09-06 14:44:37,197 INFO  - 2c9f81ee5e54f992015e55ecf3360d32插入success
2017-09-06 14:44:37,197 INFO  - 2c9f81ee5e54f992015e55ecf3cc0d33插入success
2017-09-06 14:44:37,197 INFO  - 2c9f81ee5e54f992015e55ecf4610d34插入success
2017-09-06 14:44:37,197 INFO  - 2c9f81ee5e54f992015e55ecf4f60d35插入success
2017-09-06 14:44:37,197 INFO  - 2c9f81ee5e54f992015e55ecf6dd0d36插入success
2017-09-06 14:44:37,197 INFO  - 2c9f81ee5e54f992015e55ecfa800d37插入success
2017-09-06 14:44:37,198 INFO  - 2c9f81ee5e54f992015e55ecfe680d38插入success
2017-09-06 14:44:37,198 INFO  - 2c9f81ee5e54f992015e55ed02910d39插入success
2017-09-06 14:44:37,198 INFO  - 2c9f81ee5e54f992015e55ed06790d3a插入success
2017-09-06 14:44:37,198 INFO  - 2c9f81ee5e54f992015e55ed0a660d3b插入success
2017-09-06 14:44:37,198 INFO  - 2c9f81ee5e54f992015e55ed0e4d0d3c插入success
2017-09-06 14:44:37,198 INFO  - 2c9f81ee5e54f992015e55ed122d0d3d插入success
2017-09-06 14:44:37,198 INFO  - 2c9f81ee5e54f992015e55ed16170d3e插入success
2017-09-06 14:44:37,198 INFO  - 2c9f81ee5e54f992015e55ed19ba0d3f插入success
2017-09-06 14:44:37,198 INFO  - 2c9f81ee5e54f992015e55ed1dac0d40插入success
2017-09-06 14:44:37,198 INFO  - 2c9f81ee5e54f992015e55ed21a10d41插入success
2017-09-06 14:44:37,198 INFO  - 2c9f81ee5e54f992015e55ed257b0d42插入success
2017-09-06 14:44:37,198 INFO  - 2c9f81ee5e54f992015e55ed29620d43插入success
2017-09-06 14:44:37,198 INFO  - 2c9f81ee5e54f992015e55ed2d4c0d44插入success
2017-09-06 14:44:37,198 INFO  - 2c9f81ee5e54f992015e55ed31310d45插入success
2017-09-06 14:44:37,198 INFO  - 2c9f81ee5e54f992015e55ed35120d46插入success
2017-09-06 14:44:37,198 INFO  - 2c9f81ee5e54f992015e55ed38fc0d47插入success
2017-09-06 14:44:37,198 INFO  - 2c9f81ee5e54f992015e55ed3ce30d48插入success
2017-09-06 14:44:37,198 INFO  - 2c9f81ee5e54f992015e55ed40cc0d49插入success
2017-09-06 14:44:37,198 INFO  - 2c9f81ee5e54f992015e55ed44b20d4a插入success
2017-09-06 14:44:37,198 INFO  - 2c9f81ee5e54f992015e55ed489e0d4b插入success
2017-09-06 14:44:37,198 INFO  - 2c9f81ee5e54f992015e55ed4c830d4c插入success
2017-09-06 14:44:37,198 INFO  - 2c9f81ee5e54f992015e55ed506b0d4d插入success
2017-09-06 14:44:37,198 INFO  - 2c9f81ee5e54f992015e55ed545e0d4e插入success
2017-09-06 14:44:37,198 INFO  - 2c9f81ee5e54f992015e55ed58420d4f插入success
2017-09-06 14:44:37,198 INFO  - 2c9f81ee5e54f992015e55ed5c220d50插入success
2017-09-06 14:44:37,198 INFO  - 2c9f81ee5e54f992015e55ed60130d51插入success
2017-09-06 14:44:37,199 INFO  - 2c9f81ee5e54f992015e55ed63f30d52插入success
2017-09-06 14:44:37,199 INFO  - 2c9f81ee5e54f992015e55ed67de0d53插入success
2017-09-06 14:44:37,199 INFO  - 2c9f81ee5e54f992015e55ed6bda0d54插入success
2017-09-06 14:44:37,199 INFO  - 2c9f81ee5e54f992015e55ed6fb20d55插入success
2017-09-06 14:44:37,199 INFO  - 2c9f81ee5e54f992015e55ed73970d56插入success
2017-09-06 14:44:37,199 INFO  - 2c9f81ee5e54f992015e55ed777c0d57插入success
2017-09-06 14:44:37,199 INFO  - 2c9f81ee5e54f992015e55ed7ba70d58插入success
2017-09-06 14:44:37,199 INFO  - 2c9f81ee5e54f992015e55ed7f4d0d59插入success
2017-09-06 14:44:37,199 INFO  - 2c9f81ee5e54f992015e55ed83330d5a插入success
2017-09-06 14:44:37,199 INFO  - 2c9f81ee5e54f992015e55ed87210d5b插入success
2017-09-06 14:44:37,199 INFO  - 2c9f81ee5e54f992015e55ed8b0a0d5c插入success
2017-09-06 14:44:37,199 INFO  - 2c9f81ee5e54f992015e55ed8ef00d5d插入success
2017-09-06 14:44:37,199 INFO  - 2c9f81ee5e54f992015e55ed92ec0d5e插入success
2017-09-06 14:44:37,199 INFO  - 2c9f81ee5e54f992015e55ed96c20d5f插入success
2017-09-06 14:44:37,199 INFO  - 2c9f81ee5e54f992015e55ed9aaa0d60插入success
2017-09-06 14:44:37,199 INFO  - 2c9f81ee5e54f992015e55ed9e910d61插入success
2017-09-06 14:44:37,199 INFO  - 2c9f81ee5e54f992015e55eda2790d62插入success
2017-09-06 14:44:37,199 INFO  - 2c9f81ee5e54f992015e55eda6600d63插入success
2017-09-06 14:44:37,200 INFO  - 2c9f81ee5e54f992015e55edaa490d64插入success
2017-09-06 14:44:37,200 INFO  - 2c9f81ee5e54f992015e55edae300d65插入success
2017-09-06 14:44:37,200 INFO  - 2c9f81ee5e54f992015e55edb2600d66插入success
2017-09-06 14:44:37,200 INFO  - 2c9f81ee5e54f992015e55edb6440d67插入success
2017-09-06 14:44:37,200 INFO  - 2c9f81ee5e54f992015e55edba2e0d68插入success
2017-09-06 14:44:37,200 INFO  - 2c9f81ee5e54f992015e55edbe170d69插入success
2017-09-06 14:44:37,200 INFO  - 2c9f81ee5e54f992015e55edc1fc0d6a插入success
2017-09-06 14:44:37,200 INFO  - 2c9f81ee5e54f992015e55edc5e60d6b插入success
2017-09-06 14:44:37,200 INFO  - 2c9f81ee5e54f992015e55edc9ce0d6c插入success
2017-09-06 14:44:37,200 INFO  - 2c9f81ee5e54f992015e55edcdb60d6d插入success
2017-09-06 14:44:37,200 INFO  - 2c9f81ee5e54f992015e55edd19c0d6e插入success
2017-09-06 14:44:37,200 INFO  - 2c9f81ee5e54f992015e55edd5850d6f插入success
2017-09-06 14:44:37,200 INFO  - 2c9f81ee5e54f992015e55edd96d0d70插入success
2017-09-06 14:44:37,200 INFO  - 2c9f81ee5e54f992015e55eddd560d71插入success
2017-09-06 14:44:37,200 INFO  - 2c9f81ee5e54f992015e55ede13f0d72插入success
2017-09-06 14:44:37,200 INFO  - 2c9f81ee5e54f992015e55ede5250d73插入success
2017-09-06 14:44:37,200 INFO  - 2c9f81ee5e54f992015e55ede90d0d74插入success
2017-09-06 14:44:37,200 INFO  - 2c9f81ee5e54f992015e55edecf60d75插入success
2017-09-06 14:44:37,200 INFO  - 2c9f81ee5e54f992015e55edf0dd0d76插入success
2017-09-06 14:44:37,200 INFO  - 2c9f81ee5e54f992015e55edf4ec0d77插入success
2017-09-06 14:44:37,200 INFO  - 2c9f81ee5e54f992015e55edf8680d78插入success
2017-09-06 14:44:37,200 INFO  - 2c9f81ee5e54f992015e55edfc8f0d79插入success
2017-09-06 14:44:37,200 INFO  - 2c9f81ee5e54f992015e55ee00760d7a插入success
2017-09-06 14:44:37,200 INFO  - 2c9f81ee5e54f992015e55ee045e0d7b插入success
2017-09-06 14:44:37,201 INFO  - 2c9f81ee5e54f992015e55ee08470d7c插入success
2017-09-06 14:44:37,201 INFO  - 2c9f81ee5e54f992015e55ee0c2f0d7d插入success
2017-09-06 14:44:37,201 INFO  - 2c9f81ee5e54f992015e55ee10180d7e插入success
2017-09-06 14:44:37,201 INFO  - 2c9f81ee5e54f992015e55ee13ff0d7f插入success
2017-09-06 14:44:37,201 INFO  - 2c9f81ee5e54f992015e55ee17e70d80插入success
2017-09-06 14:44:37,201 INFO  - 2c9f81ee5e54f992015e55ee1bcf0d81插入success
2017-09-06 14:44:37,201 INFO  - 2c9f81ee5e54f992015e55ee1fb80d82插入success
2017-09-06 14:44:37,201 INFO  - 2c9f81ee5e54f992015e55ee239f0d83插入success
2017-09-06 14:44:37,201 INFO  - 2c9f81ee5e54f992015e55ee27870d84插入success
2017-09-06 14:44:37,201 INFO  - 2c9f81ee5e54f992015e55ee2b6f0d85插入success
2017-09-06 14:44:37,201 INFO  - 2c9f81ee5e54f992015e55ee2f560d86插入success
2017-09-06 14:44:37,201 INFO  - 2c9f81ee5e54f992015e55ee33400d87插入success
2017-09-06 14:44:37,201 INFO  - 2c9f81ee5e54f992015e55ee372a0d88插入success
2017-09-06 14:44:37,201 INFO  - 2c9f81ee5e54f992015e55ee3b100d89插入success
2017-09-06 14:44:37,201 INFO  - 2c9f81ee5e54f992015e55ee3ef70d8a插入success
2017-09-06 14:44:37,201 INFO  - 2c9f81ee5e54f992015e55ee42e00d8b插入success
2017-09-06 14:44:37,201 INFO  - 2c9f81ee5e54f992015e55ee46c90d8c插入success
2017-09-06 14:44:37,201 INFO  - 2c9f81ee5e54f992015e55ee4aaf0d8d插入success
2017-09-06 14:44:37,201 INFO  - 2c9f81ee5e54f992015e55ee4e970d8e插入success
2017-09-06 14:44:37,201 INFO  - 2c9f81ee5e54f992015e55ee527f0d8f插入success
2017-09-06 14:44:37,201 INFO  - 2c9f81ee5e54f992015e55ee56680d90插入success
2017-09-06 14:44:37,201 INFO  - 2c9f81ee5e54f992015e55ee5a4f0d91插入success
2017-09-06 14:44:37,201 INFO  - 2c9f81ee5e54f992015e55ee5e380d92插入success
2017-09-06 14:44:37,201 INFO  - 2c9f81ee5e54f992015e55ee62210d93插入success
2017-09-06 14:44:37,202 INFO  - 2c9f81ee5e54f992015e55ee66060d94插入success
2017-09-06 14:44:37,202 INFO  - 2c9f81ee5e54f992015e55ee69f20d95插入success
2017-09-06 14:44:37,202 INFO  - 2c9f81ee5e54f992015e55ee6dd70d96插入success
2017-09-06 14:44:37,202 INFO  - 2c9f81ee5e54f992015e55ee71c00d97插入success
2017-09-06 14:44:37,202 INFO  - 2c9f81ee5e54f992015e55ee75a70d98插入success
2017-09-06 14:44:37,202 INFO  - 2c9f81ee5e54f992015e55ee79900d99插入success
2017-09-06 14:44:37,202 INFO  - 2c9f81ee5e54f992015e55ee7d780d9a插入success
2017-09-06 14:44:37,202 INFO  - 2c9f81ee5e54f992015e55ee815f0d9b插入success
2017-09-06 14:44:37,202 INFO  - 2c9f81ee5e54f992015e55ee85480d9c插入success
2017-09-06 14:44:37,202 INFO  - 2c9f81ee5e54f992015e55ee892f0d9d插入success
2017-09-06 14:44:37,202 INFO  - 2c9f81ee5e54f992015e55ee8d170d9e插入success
2017-09-06 14:44:37,202 INFO  - 2c9f81ee5e54f992015e55ee91000d9f插入success
2017-09-06 14:44:37,311 INFO  - 2c9f81ee5e54f992015e55ee95150da0插入success
2017-09-06 14:47:42,121 INFO  - 竹凉6::本地库更新2c9f81ee5e54f992015e55ee95150da0成功
2017-09-06 14:47:42,127 INFO  - 竹凉2::本地库更新2c9f81ee5e54f992015e55ee91000d9f成功
2017-09-06 14:47:42,132 INFO  - 洋老涌6::本地库更新2c9f81ee5e54f992015e55ee8d170d9e成功
2017-09-06 14:47:42,137 INFO  - 羊担冲::羊担冲口本地库更新2c9f81ee5e54f992015e55ee892f0d9d成功
2017-09-06 14:47:42,142 INFO  - 小蜡烛::小蜡烛本地库更新2c9f81ee5e54f992015e55ee85480d9c成功
2017-09-06 14:47:42,147 INFO  - 响水::仙花冲本地库更新2c9f81ee5e54f992015e55ee815f0d9b成功
2017-09-06 14:47:42,152 INFO  - 霞岭5::本地库更新2c9f81ee5e54f992015e55ee7d780d9a成功
2017-09-06 14:47:42,158 INFO  - 西冲水::大田冲本地库更新2c9f81ee5e54f992015e55ee79900d99成功
2017-09-06 14:47:42,163 INFO  - 乌榄坑工区::本地库更新2c9f81ee5e54f992015e55ee75a70d98成功
2017-09-06 14:47:42,168 INFO  - 蚊子峰::蚊子峰本地库更新2c9f81ee5e54f992015e55ee71c00d97成功
2017-09-06 14:47:42,172 INFO  - 温罗工区防火带::石牛山本地库更新2c9f81ee5e54f992015e55ee6dd70d96成功
2017-09-06 14:47:42,176 INFO  - 铜锣湾6::本地库更新2c9f81ee5e54f992015e55ee69f20d95成功
2017-09-06 14:47:42,180 INFO  - 铜锣湾5::本地库更新2c9f81ee5e54f992015e55ee66060d94成功
2017-09-06 14:47:42,184 INFO  - 双山12::本地库更新2c9f81ee5e54f992015e55ee62210d93成功
2017-09-06 14:47:42,188 INFO  - 双峰::撑船岭本地库更新2c9f81ee5e54f992015e55ee5e380d92成功
2017-09-06 14:47:42,192 INFO  - 石芒肚::鸭嘴颈本地库更新2c9f81ee5e54f992015e55ee5a4f0d91成功
2017-09-06 14:47:42,196 INFO  - 石观山牧牛地::本地库更新2c9f81ee5e54f992015e55ee56680d90成功
2017-09-06 14:47:42,199 INFO  - 上坳::上坳冲本地库更新2c9f81ee5e54f992015e55ee527f0d8f成功
2017-09-06 14:47:42,203 INFO  - 榕树坝::榕树坝本地库更新2c9f81ee5e54f992015e55ee4e970d8e成功
2017-09-06 14:47:42,207 INFO  - 牛窝::本地库更新2c9f81ee5e54f992015e55ee4aaf0d8d成功
2017-09-06 14:47:42,211 INFO  - 南房工区::本地库更新2c9f81ee5e54f992015e55ee46c90d8c成功
2017-09-06 14:47:42,215 INFO  - 南房7::本地库更新2c9f81ee5e54f992015e55ee42e00d8b成功
2017-09-06 14:47:42,219 INFO  - 马面嶂4::水尾本地库更新2c9f81ee5e54f992015e55ee3ef70d8a成功
2017-09-06 14:47:42,222 INFO  - 马蜂坑::马蜂坑本地库更新2c9f81ee5e54f992015e55ee3b100d89成功
2017-09-06 14:47:42,226 INFO  - 陆湖塘::本地库更新2c9f81ee5e54f992015e55ee372a0d88成功
2017-09-06 14:47:42,230 INFO  - 六峨工区防火带::南花岭本地库更新2c9f81ee5e54f992015e55ee33400d87成功
2017-09-06 14:47:42,233 INFO  - 雷打顶::本地库更新2c9f81ee5e54f992015e55ee2f560d86成功
2017-09-06 14:47:42,237 INFO  - {竹头工区::本地库更新2c9f81ee5e54f992015e55ee2b6f0d85成功
2017-09-06 14:47:42,241 INFO  - 腊竹圈::松光坑本地库更新2c9f81ee5e54f992015e55ee27870d84成功
2017-09-06 14:47:42,245 INFO  - 径肚工区防火带::狗龙塘本地库更新2c9f81ee5e54f992015e55ee239f0d83成功
2017-09-06 14:47:42,249 INFO  - 黄泥嶂南中::本地库更新2c9f81ee5e54f992015e55ee1fb80d82成功
2017-09-06 14:47:42,253 INFO  - 黄泥嶂顶::本地库更新2c9f81ee5e54f992015e55ee1bcf0d81成功
2017-09-06 14:47:42,256 INFO  - 横塘1::本地库更新2c9f81ee5e54f992015e55ee17e70d80成功
2017-09-06 14:47:42,260 INFO  - 饭盖头::本地库更新2c9f81ee5e54f992015e55ee13ff0d7f成功
2017-09-06 14:47:42,264 INFO  - 灯塘牧牛地::本地库更新2c9f81ee5e54f992015e55ee10180d7e成功
2017-09-06 14:47:42,268 INFO  - 大仁3::本地库更新2c9f81ee5e54f992015e55ee0c2f0d7d成功
2017-09-06 14:47:42,272 INFO  - 大岭岗::长田排本地库更新2c9f81ee5e54f992015e55ee08470d7c成功
2017-09-06 14:47:42,276 INFO  - 大坑::本地库更新2c9f81ee5e54f992015e55ee045e0d7b成功
2017-09-06 14:47:42,280 INFO  - 薄刀岗::刀岗勒本地库更新2c9f81ee5e54f992015e55ee00760d7a成功
2017-09-06 14:47:42,284 INFO  - 八字线::石峰冲本地库更新2c9f81ee5e54f992015e55edfc8f0d79成功
2017-09-06 14:47:42,288 INFO  - 白竹林场防火林24:平冲尾:长坪乡高岭组平冲本地库更新2c9f81ee5e54f992015e55edf8680d78成功
2017-09-06 14:47:42,291 INFO  - 水汶省界防火林带:云会:竹兰本地库更新2c9f81ee5e54f992015e55edf4ec0d77成功
2017-09-06 14:47:42,295 INFO  - 梨木省界防火林带:水井村:里汉村本地库更新2c9f81ee5e54f992015e55edf0dd0d76成功
2017-09-06 14:47:42,299 INFO  - 筋竹省界防火林带:云龙村:横山本地库更新2c9f81ee5e54f992015e55edecf60d75成功
2017-09-06 14:47:42,303 INFO  - 新地镇县界防火林带:题铺村:雁村本地库更新2c9f81ee5e54f992015e55ede90d0d74成功
2017-09-06 14:47:42,307 INFO  - 石桥镇省界防火林带:廉溪村:寒水村本地库更新2c9f81ee5e54f992015e55ede5250d73成功
2017-09-06 14:47:42,311 INFO  - 狮寨镇市界防火林带:大昌村:庆安村本地库更新2c9f81ee5e54f992015e55ede13f0d72成功
2017-09-06 14:47:42,314 INFO  - 沙头镇市界防火林带:铁塘村:深塘村本地库更新2c9f81ee5e54f992015e55eddd560d71成功
2017-09-06 14:47:42,318 INFO  - 沙头镇省界防火林带:双尚村:铁塘村本地库更新2c9f81ee5e54f992015e55edd96d0d70成功
2017-09-06 14:47:42,322 INFO  - 木双镇省界防火林带:天平村:万安村本地库更新2c9f81ee5e54f992015e55edd5850d6f成功
2017-09-06 14:47:42,325 INFO  - 龙圩镇县界防火林带:都坎村:大恩村本地库更新2c9f81ee5e54f992015e55edd19c0d6e成功
2017-09-06 14:47:42,329 INFO  - 龙圩镇省界防火林带:寨中村:社学村本地库更新2c9f81ee5e54f992015e55edcdb60d6d成功
2017-09-06 14:47:42,333 INFO  - 六堡镇市界防火林带:四柳村:不椅村本地库更新2c9f81ee5e54f992015e55edc9ce0d6c成功
2017-09-06 14:47:42,337 INFO  - 岭脚镇县界防火林带:流山村:福传村本地库更新2c9f81ee5e54f992015e55edc5e60d6b成功
2017-09-06 14:47:42,341 INFO  - 梨埠镇市界防火林带:蒌底村:龙涌村本地库更新2c9f81ee5e54f992015e55edc1fc0d6a成功
2017-09-06 14:47:42,345 INFO  - 京南镇县界防火林带:思蓬村:大岸村本地库更新2c9f81ee5e54f992015e55edbe170d69成功
2017-09-06 14:47:42,348 INFO  - 广平镇县界防火林带:城坦村:扶达村本地库更新2c9f81ee5e54f992015e55edba2e0d68成功
2017-09-06 14:47:42,352 INFO  - 广平镇省界防火林带:扶达村:思化村本地库更新2c9f81ee5e54f992015e55edb6440d67成功
2017-09-06 14:47:42,356 INFO  - 大坡镇省界防火林带:大燕村:交村本地库更新2c9f81ee5e54f992015e55edb2600d66成功
2017-09-06 14:47:42,359 INFO  - 白竹林场防火林23:平冲尾:长坪村高岭组本地库更新2c9f81ee5e54f992015e55edae300d65成功
2017-09-06 14:47:42,363 INFO  - 白竹林场4:扁担冲尾:扁担冲尾本地库更新2c9f81ee5e54f992015e55edaa490d64成功
2017-09-06 14:47:42,367 INFO  - 白竹林场20:老虎冲:老虎冲本地库更新2c9f81ee5e54f992015e55eda6600d63成功
2017-09-06 14:47:42,371 INFO  - 蒙山县白竹林场25:长坪村小冲尾:长坪村小冲尾本地库更新2c9f81ee5e54f992015e55eda2790d62成功
2017-09-06 14:47:42,375 INFO  - 白竹林场防火林带29:长坪乡三妹村老虎冲:长坪乡三妹村大冲本地库更新2c9f81ee5e54f992015e55ed9e910d61成功
2017-09-06 14:47:42,379 INFO  - 白竹林场防火林带28:长坪乡三妹村老虎冲:长坪乡三妹村大冲本地库更新2c9f81ee5e54f992015e55ed9aaa0d60成功
2017-09-06 14:47:42,383 INFO  - 白竹林场防火林27:长坪乡三妹村老虎冲尾:长坪乡三妹村大冲本地库更新2c9f81ee5e54f992015e55ed96c20d5f成功
2017-09-06 14:47:42,386 INFO  - 白竹林场防火林22:长坪乡长坪村高岭组:长坪乡长坪村营上组本地库更新2c9f81ee5e54f992015e55ed92ec0d5e成功
2017-09-06 14:47:42,390 INFO  - 白竹林场9:大冲尾:大冲尾本地库更新2c9f81ee5e54f992015e55ed8ef00d5d成功
2017-09-06 14:47:42,394 INFO  - 白竹林场8:大冲尾:大冲尾本地库更新2c9f81ee5e54f992015e55ed8b0a0d5c成功
2017-09-06 14:47:42,398 INFO  - 白竹林场7:崩冲脑:五里坳本地库更新2c9f81ee5e54f992015e55ed87210d5b成功
2017-09-06 14:47:42,401 INFO  - 白竹林场6:老虎冲:老虎冲本地库更新2c9f81ee5e54f992015e55ed83330d5a成功
2017-09-06 14:47:42,406 INFO  - 白竹林场5:老虎冲:老虎冲本地库更新2c9f81ee5e54f992015e55ed7f4d0d59成功
2017-09-06 14:47:42,410 INFO  - 白竹林场40:谷西冲:谷西冲本地库更新2c9f81ee5e54f992015e55ed7ba70d58成功
2017-09-06 14:47:42,413 INFO  - 白竹林场39:界排岭:界排岭本地库更新2c9f81ee5e54f992015e55ed777c0d57成功
2017-09-06 14:47:42,417 INFO  - 白竹林场38:界排岭:界排岭本地库更新2c9f81ee5e54f992015e55ed73970d56成功
2017-09-06 14:47:42,421 INFO  - 白竹林场37:谷西冲:谷西冲本地库更新2c9f81ee5e54f992015e55ed6fb20d55成功
2017-09-06 14:47:42,425 INFO  - 白竹林场36:六丹冲:谷西岭本地库更新2c9f81ee5e54f992015e55ed6bda0d54成功
2017-09-06 14:47:42,429 INFO  - 白竹林场35:古崩冲:古崩冲本地库更新2c9f81ee5e54f992015e55ed67de0d53成功
2017-09-06 14:47:42,432 INFO  - 白竹林场33:六兰冲:六兰冲本地库更新2c9f81ee5e54f992015e55ed63f30d52成功
2017-09-06 14:47:42,436 INFO  - 白竹林场32:花篮冲尾:顶子冲口本地库更新2c9f81ee5e54f992015e55ed60130d51成功
2017-09-06 14:47:42,440 INFO  - 白竹林场31:上孟冲:上孟冲本地库更新2c9f81ee5e54f992015e55ed5c220d50成功
2017-09-06 14:47:42,444 INFO  - 白竹林场30:水瓜坪岭顶:水瓜坪岭顶本地库更新2c9f81ee5e54f992015e55ed58420d4f成功
2017-09-06 14:47:42,447 INFO  - 白竹林场3:箭竹冲尾:箭竹冲本地库更新2c9f81ee5e54f992015e55ed545e0d4e成功
2017-09-06 14:47:42,451 INFO  - 白竹林场26:箭竹冲:古梅冲本地库更新2c9f81ee5e54f992015e55ed506b0d4d成功
2017-09-06 14:47:42,455 INFO  - 白竹林场21:三妹大冲岭岐:三妹大冲岭岐本地库更新2c9f81ee5e54f992015e55ed4c830d4c成功
2017-09-06 14:47:42,459 INFO  - 白竹林场2:高岭对面山:高岭对面山本地库更新2c9f81ee5e54f992015e55ed489e0d4b成功
2017-09-06 14:47:42,462 INFO  - 白竹林场19:上孟冲:上孟冲本地库更新2c9f81ee5e54f992015e55ed44b20d4a成功
2017-09-06 14:47:42,466 INFO  - 白竹林场18:上孟冲:上孟冲本地库更新2c9f81ee5e54f992015e55ed40cc0d49成功
2017-09-06 14:47:42,470 INFO  - 白竹林场17:上孟冲:上孟冲本地库更新2c9f81ee5e54f992015e55ed3ce30d48成功
2017-09-06 14:47:42,474 INFO  - 白竹林场16:顶子冲:顶子冲本地库更新2c9f81ee5e54f992015e55ed38fc0d47成功
2017-09-06 14:47:42,477 INFO  - 白竹林场15:古崩:河冲本地库更新2c9f81ee5e54f992015e55ed35120d46成功
2017-09-06 14:47:42,481 INFO  - 白竹林场14:老黄冲:老黄冲本地库更新2c9f81ee5e54f992015e55ed31310d45成功
2017-09-06 14:47:42,485 INFO  - 白竹林场13:大茶那:六懂交界岭本地库更新2c9f81ee5e54f992015e55ed2d4c0d44成功
2017-09-06 14:47:42,489 INFO  - 白竹林场12:小茶那:江边本地库更新2c9f81ee5e54f992015e55ed29620d43成功
2017-09-06 14:47:42,493 INFO  - 白竹林场11:小茶那冲尾:江边本地库更新2c9f81ee5e54f992015e55ed257b0d42成功
2017-09-06 14:47:42,496 INFO  - 白竹林场10:五里坳:大冲本地库更新2c9f81ee5e54f992015e55ed21a10d41成功
2017-09-06 14:47:42,500 INFO  - 白竹林场1:猪头山:河饱冲口本地库更新2c9f81ee5e54f992015e55ed1dac0d40成功
2017-09-06 14:47:42,504 INFO  - 白竹林场34:六兰冲:六兰冲本地库更新2c9f81ee5e54f992015e55ed19ba0d3f成功
2017-09-06 14:47:42,508 INFO  - 坛里防火林道2::本地库更新2c9f81ee5e54f992015e55ed16170d3e成功
2017-09-06 14:47:42,512 INFO  - 坛里防火林道1::本地库更新2c9f81ee5e54f992015e55ed122d0d3d成功
2017-09-06 14:47:42,516 INFO  -  长客分场::高峰林场长客分场本地库更新2c9f81ee5e54f992015e55ed0e4d0d3c成功
2017-09-06 14:47:42,520 INFO  - 尖峰山防火林带:大胜:蒙田本地库更新2c9f81ee5e54f992015e55ed0a660d3b成功
2017-09-06 14:47:42,524 INFO  - 尖峰山:大胜:蒙田本地库更新2c9f81ee5e54f992015e55ed06790d3a成功
2017-09-06 14:47:42,528 INFO  - 八里林场:侧站岭:连塘本地库更新2c9f81ee5e54f992015e55ed02910d39成功
2017-09-06 14:47:42,531 INFO  - 拥军东源防火林带:东源:六毛河本地库更新2c9f81ee5e54f992015e55ecfe680d38成功
2017-09-06 14:47:42,535 INFO  - 拥军村:猪鼻山:樊家山本地库更新2c9f81ee5e54f992015e55ecfa800d37成功
2017-09-06 14:47:42,539 INFO  - 拥军:宋家山:樊家山本地库更新2c9f81ee5e54f992015e55ecf6dd0d36成功
2017-09-06 14:47:42,543 INFO  - 武陵镇桃源林场::本地库更新2c9f81ee5e54f992015e55ecf4f60d35成功
2017-09-06 14:47:42,546 INFO  - 十二岭防火线:十二岭:十二岭本地库更新2c9f81ee5e54f992015e55ecf4610d34成功
2017-09-06 14:47:42,550 INFO  - 耙齿岭防火线:欧洞:雷碑本地库更新2c9f81ee5e54f992015e55ecf3cc0d33成功
2017-09-06 14:47:42,554 INFO  - 大窝岭防火线:大窝岭:大窝岭本地库更新2c9f81ee5e54f992015e55ecf3360d32成功
2017-09-06 14:47:42,558 INFO  - 巷贤黎村防火林带:河村:黎村本地库更新2c9f81ee5e54f992015e55ecf2b80d31成功
2017-09-06 14:47:42,562 INFO  - 石棚背-鲁塘:石棚背:鲁塘本地库更新2c9f81ee5e54f992015e55ecf29f0d30成功
2017-09-06 14:47:42,566 INFO  - 那长岭::本地库更新2c9f81ee5e54f992015e55ecf20a0d2f成功
2017-09-06 14:47:42,569 INFO  - 冷塘路-龙母顶:冷塘路:龙母顶本地库更新2c9f81ee5e54f992015e55ecf16d0d2e成功
2017-09-06 14:47:42,573 INFO  - 分场屋背岭::本地库更新2c9f81ee5e54f992015e55ecf0d50d2d成功
2017-09-06 14:47:42,578 INFO  - 导江4林班:4林班:5林班本地库更新2c9f81ee5e54f992015e55ecf03e0d2c成功
2017-09-06 14:47:42,582 INFO  - 导江41林班::本地库更新2c9f81ee5e54f992015e55ecefea0d2b成功
2017-09-06 14:47:42,585 INFO  - 导江37林班::本地库更新2c9f81ee5e54f992015e55ecef860d2a成功
2017-09-06 14:47:42,589 INFO  - 导江33林班::本地库更新2c9f81ee5e54f992015e55ecef3a0d29成功
2017-09-06 14:47:42,593 INFO  - 导江29、32林班::本地库更新2c9f81ee5e54f992015e55eceeef0d28成功
2017-09-06 14:47:42,597 INFO  - 西燕云黄防火林带:云黄:安塘本地库更新2c9f81ee5e54f992015e55eceedd0d27成功
2017-09-06 14:47:42,601 INFO  - 导江24林班::本地库更新2c9f81ee5e54f992015e55ecee940d26成功
2017-09-06 14:47:42,604 INFO  - 导江10、12林班:10林班:12林班本地库更新2c9f81ee5e54f992015e55ecee480d25成功
2017-09-06 14:47:42,608 INFO  - 大朋石朋牛牧场::本地库更新2c9f81ee5e54f992015e55ecedf70d24成功
2017-09-06 14:47:42,612 INFO  - 大朋龙渡背1::本地库更新2c9f81ee5e54f992015e55eced610d23成功
2017-09-06 14:47:42,616 INFO  - 大朋江口片::本地库更新2c9f81ee5e54f992015e55ececd10d22成功
2017-09-06 14:47:42,620 INFO  - 正龙乡屯口老果塘::本地库更新2c9f81ee5e54f992015e55ecec440d21成功
2017-09-06 14:47:42,624 INFO  - 小平阳龙山::本地库更新2c9f81ee5e54f992015e55ecebf90d20成功
2017-09-06 14:47:42,628 INFO  - 陶邓乡大邓村委黄绿村::本地库更新2c9f81ee5e54f992015e55eceba40d1f成功
2017-09-06 14:47:42,631 INFO  - 桥巩乡旧周山::本地库更新2c9f81ee5e54f992015e55eceb520d1e成功
2017-09-06 14:47:42,635 INFO  - 蒙村银峡朗村::本地库更新2c9f81ee5e54f992015e55eceb070d1d成功
2017-09-06 14:47:42,639 INFO  - 木山防火林带:岜独:厂圩本地库更新2c9f81ee5e54f992015e55eceae80d1c成功
2017-09-06 14:47:42,643 INFO  - 良江镇塘权::本地库更新2c9f81ee5e54f992015e55ecea990d1b成功
2017-09-06 14:47:42,647 INFO  - 良江镇独女广隆::本地库更新2c9f81ee5e54f992015e55ecea360d1a成功
2017-09-06 14:47:42,650 INFO  - 凤凰北五楼梯坳2::本地库更新2c9f81ee5e54f992015e55ece9ec0d19成功
2017-09-06 14:47:42,654 INFO  - 大湾乡那谷::本地库更新2c9f81ee5e54f992015e55ece9a00d18成功
2017-09-06 14:47:42,658 INFO  - 城厢镇格兰::本地库更新2c9f81ee5e54f992015e55ece9560d17成功
2017-09-06 14:47:42,662 INFO  - 茶花山林场防火带::本地库更新2c9f81ee5e54f992015e55ece90a0d16成功
2017-09-06 14:47:42,666 INFO  - 电视塔岭::本地库更新2c9f81ee5e54f992015e55ece8730d15成功
2017-09-06 14:47:42,670 INFO  - 明亮六卡防火林带:大槽:六卡本地库更新2c9f81ee5e54f992015e55ece7020d11成功
2017-09-06 14:47:42,674 INFO  - 罗勘林带:黎口:渌公岭本地库更新2c9f81ee5e54f992015e55ece31a0d0f成功
2017-09-06 14:47:42,677 INFO  - 竹仓分场下竹仓新村背:下竹仓新村对面:下竹仓新村对面本地库更新2c9f81ee5e54f992015e55ece0440d0e成功
2017-09-06 14:47:42,681 INFO  - 罗勘分场:岽秃:渌公岭本地库更新2c9f81ee5e54f992015e55ecdf2b0d0d成功
2017-09-06 14:47:42,685 INFO  - 罗勘9:溪浸酒:岽欧本地库更新2c9f81ee5e54f992015e55ecdb430d0c成功
2017-09-06 14:47:42,689 INFO  - 罗勘8:小歇:旧硷北仓本地库更新2c9f81ee5e54f992015e55ecd7600d0b成功
2017-09-06 14:47:42,692 INFO  - 罗勘7:下龙围:上莫本地库更新2c9f81ee5e54f992015e55ecd3c80d0a成功
2017-09-06 14:47:42,696 INFO  - 罗勘6:岽楼:岽楼本地库更新2c9f81ee5e54f992015e55eccf910d09成功
2017-09-06 14:47:42,700 INFO  - 罗勘5:土地山:土地山本地库更新2c9f81ee5e54f992015e55eccbaa0d08成功
2017-09-06 14:47:42,704 INFO  - 罗勘1:知青背:岽秃本地库更新2c9f81ee5e54f992015e55ecc7c10d07成功
2017-09-06 14:47:42,708 INFO  - 黄泥山防火林带:大槽:茶场本地库更新2c9f81ee5e54f992015e55ecc3d90d06成功
2017-09-06 14:47:42,711 INFO  - 黄泥山2防火林带:大槽:茶场本地库更新2c9f81ee5e54f992015e55ecbff10d05成功
2017-09-06 14:47:42,715 INFO  - 甘栏河防火带2:甘栏河:甘栏河本地库更新2c9f81ee5e54f992015e55ecbc090d04成功
2017-09-06 14:47:42,719 INFO  - 甘栏河防火带1:甘栏河:甘栏河本地库更新2c9f81ee5e54f992015e55ecb8200d03成功
2017-09-06 14:47:42,723 INFO  - 大丰那里防火林带:那里:那里本地库更新2c9f81ee5e54f992015e55ecb73f0d02成功
2017-09-06 14:47:42,727 INFO  - 百合镇新圩防火带:新圩:马平交界处本地库更新2c9f81ee5e54f992015e55ecb6ee0d01成功
2017-09-06 14:47:42,730 INFO  - 望火楼-下湾尾:望火楼:下湾尾本地库更新2c9f81ee5e54f992015e55ecb6570d00成功
2017-09-06 14:47:42,734 INFO  - 永州林场::本地库更新2c9f81ee5e54f992015e55ecb5fd0cff成功
2017-09-06 14:47:42,738 INFO  - 青环路::本地库更新2c9f81ee5e54f992015e55ecb5a50cfe成功
2017-09-06 14:47:42,742 INFO  - 镇龙林场防火带:大吾:大站本地库更新2c9f81ee5e54f992015e55ecb4a80cfd成功
2017-09-06 14:47:42,746 INFO  - 耙齿岭防火线2:风车坳:上碑本地库更新2c9f81ee5e54f992015e55ecb4010cfc成功
2017-09-06 14:47:42,750 INFO  - 荷木冲防火线:荷木冲:蚂拐岭本地库更新2c9f81ee5e54f992015e55ecb36a0cf8成功
2017-09-06 14:47:42,753 INFO  - 思陇昆仑关主防火林带:昆仑关:六域坡本地库更新2c9f81ee5e54f992015e55ecb2d40cf7成功
2017-09-06 14:47:42,757 INFO  - 横城-旱塘:横城:旱塘本地库更新2c9f81ee5e54f992015e55ecb24d0cf6成功
2017-09-06 14:47:42,761 INFO  - 三台岭-石棚:三台岭:石棚本地库更新2c9f81ee5e54f992015e55ecb1f80cf5成功
2017-09-06 14:47:42,765 INFO  - 六王-昆山:六王:昆山本地库更新2c9f81ee5e54f992015e55ecb1a50cf4成功
2017-09-06 14:47:42,769 INFO  - 电厂对面-大朋田边::本地库更新2c9f81ee5e54f992015e55ecb1580cf3成功
2017-09-06 14:47:42,772 INFO  - 导江40林班::本地库更新2c9f81ee5e54f992015e55ecb0820cf2成功
2017-09-06 14:47:42,776 INFO  - 导江38林班::本地库更新2c9f81ee5e54f992015e55ecb03a0cf1成功
2017-09-06 14:47:42,780 INFO  - 导江36林班::本地库更新2c9f81ee5e54f992015e55ecafe60cf0成功
2017-09-06 14:47:42,784 INFO  - 导江28林班::本地库更新2c9f81ee5e54f992015e55ecaf0c0cee成功
2017-09-06 14:47:42,788 INFO  - 导江21林班::本地库更新2c9f81ee5e54f992015e55ecaec50ced成功
2017-09-06 14:47:42,792 INFO  - 大朋望火楼尾::本地库更新2c9f81ee5e54f992015e55ecae610cec成功
2017-09-06 14:47:42,796 INFO  - 大朋七星岭::本地库更新2c9f81ee5e54f992015e55ecaddb0ceb成功
2017-09-06 14:47:42,799 INFO  - 大朋龙渡背2::本地库更新2c9f81ee5e54f992015e55ecad550cea成功
2017-09-06 14:47:42,803 INFO  - 大朋六谷新火路::本地库更新2c9f81ee5e54f992015e55ecacd00ce9成功
2017-09-06 14:47:42,807 INFO  - 大朋大火路::本地库更新2c9f81ee5e54f992015e55ecac4a0ce8成功
2017-09-06 14:47:42,811 INFO  - 正龙口村屯口::本地库更新2c9f81ee5e54f992015e55ecabc30ce7成功
2017-09-06 14:47:42,815 INFO  - 竹仓分场加基林区防火:竹仓公路:加基田垌本地库更新2c9f81ee5e54f992015e55ecab8b0ce6成功
2017-09-06 14:47:42,818 INFO  - 陶邓乡五同村委联发村::本地库更新2c9f81ee5e54f992015e55ecab760ce5成功
2017-09-06 14:47:42,822 INFO  - 陶邓六会洪村防火道路::本地库更新2c9f81ee5e54f992015e55ecab2b0ce4成功
2017-09-06 14:47:42,826 INFO  - 桥巩乡吉林2::本地库更新2c9f81ee5e54f992015e55ecaae10ce3成功
2017-09-06 14:47:42,830 INFO  - 良江镇镇林场::本地库更新2c9f81ee5e54f992015e55ecaa950ce2成功
2017-09-06 14:47:42,834 INFO  - 良江防火道路::本地库更新2c9f81ee5e54f992015e55ecaa4d0ce1成功
2017-09-06 14:47:42,838 INFO  - 高安乡翁尧::本地库更新2c9f81ee5e54f992015e55eca98b0ce0成功
2017-09-06 14:47:42,842 INFO  - 高安乡鳌塘::本地库更新2c9f81ee5e54f992015e55eca9490cdf成功
2017-09-06 14:47:42,846 INFO  - 凤凰北五楼梯坳::本地库更新2c9f81ee5e54f992015e55eca9060cde成功
2017-09-06 14:47:42,849 INFO  - 大湾乡东番::本地库更新2c9f81ee5e54f992015e55eca8ba0cdd成功
2017-09-06 14:47:42,853 INFO  - 中虎岭林场防火带::本地库更新2c9f81ee5e54f992015e55eca8790cdc成功
2017-09-06 14:47:42,857 INFO  - 笔架山林场防火带::本地库更新2c9f81ee5e54f992015e55eca7f80cdb成功
2017-09-06 14:47:42,861 INFO  - 白沙坪江防火林带::本地库更新2c9f81ee5e54f992015e55eca7740cda成功
2017-09-06 14:47:42,865 INFO  - 竹仓分场六加坡防火林:八号井:十一号井本地库更新2c9f81ee5e54f992015e55ec9e6b0cd5成功
2017-09-06 14:47:42,868 INFO  - 加峰分场水泡岭防火林:1号井:董里村背本地库更新2c9f81ee5e54f992015e55ec5c080cd0成功
2017-09-06 14:47:42,872 INFO  - 加峰分场象眼防火林带:象眼防火线:大冲沟4号井本地库更新2c9f81ee5e54f992015e55ec516f0ccb成功
2017-09-06 14:47:42,876 INFO  - 冲谷分场古笔防火林带:竹林地:古笔屯背本地库更新2c9f81ee5e54f992015e55ec3eab0cc6成功
2017-09-06 14:47:42,880 INFO  - 冲谷林区707亩防火林:冲谷林区707亩:冲谷牛场岭本地库更新2c9f81ee5e54f992015e55ec21780cc1成功
2017-09-06 14:47:42,884 INFO  - 板江分场拉考防火林带:拉考路口:青龙山本地库更新2c9f81ee5e54f992015e55ebe0810cbc成功
2017-09-06 14:47:42,888 INFO  - 板江分场粮所背防火林:粮所背:弄相村田垌本地库更新2c9f81ee5e54f992015e55ebdadc0cbb成功
2017-09-06 14:47:42,892 INFO  - 板江分场钓鱼岭防火林:钓鱼岭:钓鱼岭本地库更新2c9f81ee5e54f992015e55ebd1700cb6成功
2017-09-06 14:47:42,896 INFO  - 三匹虎林场拉岩站::本地库更新2c9f81ee5e54f992015e55eb87a60cb5成功
2017-09-06 14:47:42,899 INFO  - 三匹虎林场高望站-3::本地库更新2c9f81ee5e54f992015e55eb83be0cb4成功
2017-09-06 14:47:42,903 INFO  - 三匹虎林场高望站-2::本地库更新2c9f81ee5e54f992015e55eb7fd60cb3成功
2017-09-06 14:47:42,907 INFO  - 三匹虎林场高望站-1::本地库更新2c9f81ee5e54f992015e55eb7bef0cb2成功
2017-09-06 14:47:42,911 INFO  - 林朵林场小口分场::本地库更新2c9f81ee5e54f992015e55eb78360cb1成功
2017-09-06 14:47:42,915 INFO  - 林朵林场顶皇分场::本地库更新2c9f81ee5e54f992015e55eb741f0cb0成功
2017-09-06 14:47:42,919 INFO  - 林朵林场芭龙分场::本地库更新2c9f81ee5e54f992015e55eb70350caf成功
2017-09-06 14:47:42,923 INFO  - 里拉八角场-6::本地库更新2c9f81ee5e54f992015e55eb6c4d0cae成功
2017-09-06 14:47:42,927 INFO  - 里拉八角场-5::本地库更新2c9f81ee5e54f992015e55eb68650cad成功
2017-09-06 14:47:42,930 INFO  - 里拉八角场-4::本地库更新2c9f81ee5e54f992015e55eb64800cac成功
2017-09-06 14:47:42,934 INFO  - 里拉八角场-3::本地库更新2c9f81ee5e54f992015e55eb60960cab成功
2017-09-06 14:47:42,938 INFO  - 里拉八角场-2::本地库更新2c9f81ee5e54f992015e55eb5cad0caa成功
2017-09-06 14:47:42,942 INFO  - 里拉八角场-1::本地库更新2c9f81ee5e54f992015e55eb58c50ca9成功
2017-09-06 14:47:42,945 INFO  - 三匹虎防火林带::威来屯本地库更新2c9f81ee5e54f992015e55eb549e0ca8成功
2017-09-06 14:47:42,949 INFO  - 山口林场五七林带::凉亭坳本地库更新2c9f81ee5e54f992015e55eb50c70ca7成功
2017-09-06 14:47:42,953 INFO  - 山口林场拉源林带::甲烈本地库更新2c9f81ee5e54f992015e55eb4ccf0ca6成功
2017-09-06 14:47:42,957 INFO  - 山口林场大山站林带::下王祥北、大湾北本地库更新2c9f81ee5e54f992015e55eb48e70ca5成功
2017-09-06 14:47:42,961 INFO  - 山口林场长湾林带::泡老沟、大村对面本地库更新2c9f81ee5e54f992015e55eb45000ca4成功
2017-09-06 14:47:42,964 INFO  - 山口林场::更打本地库更新2c9f81ee5e54f992015e55eb41170ca3成功
2017-09-06 14:47:42,968 INFO  - 三匹虎防火林带::威来屯本地库更新2c9f81ee5e54f992015e55eb3d300ca2成功
2017-09-06 14:47:42,972 INFO  - 纳色沟玉兰防火林带::板劳大河边、威马沟边本地库更新2c9f81ee5e54f992015e55eb39480ca1成功
2017-09-06 14:47:42,976 INFO  - 纳色沟林场防火林带::陇昔沟本地库更新2c9f81ee5e54f992015e55eb355f0ca0成功
2017-09-06 14:47:42,980 INFO  - 防火林带4:四堡永安:上肖家本地库更新2c9f81ee5e54f992015e55eb31770c9f成功
2017-09-06 14:47:42,984 INFO  - 防火林带3:尖坝湾:熬洞尾本地库更新2c9f81ee5e54f992015e55eb2dce0c9e成功
2017-09-06 14:47:42,988 INFO  - 防火林带2:四堡大岭:才芒道班本地库更新2c9f81ee5e54f992015e55eb29d20c9d成功
2017-09-06 14:47:42,992 INFO  - 防火林带1:黄金江口头坝岭脚:大塘本地库更新2c9f81ee5e54f992015e55eb25bd0c9c成功
2017-09-06 14:47:42,995 INFO  - 防火林带:黄金江口头坝岭脚:大塘本地库更新2c9f81ee5e54f992015e55eb22120c9b成功
2017-09-06 14:47:42,999 INFO  - 周若防火林带内::本地库更新2c9f81ee5e54f992015e55eb1e2a0c9a成功
2017-09-06 14:47:43,003 INFO  - 周若防火林带::本地库更新2c9f81ee5e54f992015e55eb1a510c99成功
2017-09-06 14:47:43,007 INFO  - 周乔防火林带3::本地库更新2c9f81ee5e54f992015e55eb165b0c98成功
2017-09-06 14:47:43,011 INFO  - 周乔防火林带::本地库更新2c9f81ee5e54f992015e55eb12740c97成功
2017-09-06 14:47:43,014 INFO  - 尾短防林带::本地库更新2c9f81ee5e54f992015e55eb11d00c96成功
2017-09-06 14:47:43,018 INFO  - 云盘山防火林带::本地库更新2c9f81ee5e54f992015e55eb0e8b0c92成功
2017-09-06 14:47:43,022 INFO  - 维新防火林带::本地库更新2c9f81ee5e54f992015e55eb0b8f0c90成功
2017-09-06 14:47:43,026 INFO  - 杨景坳防火林带::本地库更新2c9f81ee5e54f992015e55eb0aa20c8f成功
2017-09-06 14:47:43,030 INFO  - 岩想内防火林带::本地库更新2c9f81ee5e54f992015e55eb06bd0c8e成功
2017-09-06 14:47:43,033 INFO  - 岩想防火林带::本地库更新2c9f81ee5e54f992015e55eb02f80c8d成功
2017-09-06 14:47:43,037 INFO  - 岩散防火林带::本地库更新2c9f81ee5e54f992015e55eafeeb0c8c成功
2017-09-06 14:47:43,041 INFO  - 岩腊防火林带::本地库更新2c9f81ee5e54f992015e55eafd050c8b成功
2017-09-06 14:47:43,045 INFO  - 坡王内防火林带::本地库更新2c9f81ee5e54f992015e55eafc8b0c8a成功
2017-09-06 14:47:43,049 INFO  - 坡王防林带::本地库更新2c9f81ee5e54f992015e55eaf68f0c85成功
2017-09-06 14:47:43,053 INFO  - 威兰防火林带::本地库更新2c9f81ee5e54f992015e55eaef4e0c84成功
2017-09-06 14:47:43,056 INFO  - 沙林防火林带::本地库更新2c9f81ee5e54f992015e55eaeb6a0c83成功
2017-09-06 14:47:43,060 INFO  - 坡屯防火林带::本地库更新2c9f81ee5e54f992015e55eaeac90c82成功
2017-09-06 14:47:43,064 INFO  - 那瑶防火林带::本地库更新2c9f81ee5e54f992015e55eae7770c7f成功
2017-09-06 14:47:43,068 INFO  - 坡王防火林带内::本地库更新2c9f81ee5e54f992015e55eadfaa0c7e成功
2017-09-06 14:47:43,072 INFO  - 那网防火林带2::本地库更新2c9f81ee5e54f992015e55eaddfd0c7d成功
2017-09-06 14:47:43,075 INFO  - 坡王防火林带二::本地库更新2c9f81ee5e54f992015e55eadbed0c7a成功
2017-09-06 14:47:43,079 INFO  - 六牙防火林带::本地库更新2c9f81ee5e54f992015e55eada060c79成功
2017-09-06 14:47:43,083 INFO  - 坡王防火林带C::本地库更新2c9f81ee5e54f992015e55ead9fa0c78成功
2017-09-06 14:47:43,087 INFO  - 坡同防火林带::本地库更新2c9f81ee5e54f992015e55ead93b0c77成功
2017-09-06 14:47:43,091 INFO  - 盘云防火林带外::本地库更新2c9f81ee5e54f992015e55ead8c10c76成功
2017-09-06 14:47:43,095 INFO  - 盘云防火林带2::本地库更新2c9f81ee5e54f992015e55ead8460c75成功
2017-09-06 14:47:43,099 INFO  - 盘云防火林带::本地库更新2c9f81ee5e54f992015e55ead7ca0c74成功
2017-09-06 14:47:43,102 INFO  - 那元防火林带::本地库更新2c9f81ee5e54f992015e55ead1b60c6f成功
2017-09-06 14:47:43,106 INFO  - 林佑防火林带::本地库更新2c9f81ee5e54f992015e55eacb050c6a成功
2017-09-06 14:47:43,115 INFO  - 那网防火林带3::本地库更新2c9f81ee5e54f992015e55eabfad0c69成功
2017-09-06 14:47:43,119 INFO  - 那网防火林带1::本地库更新2c9f81ee5e54f992015e55eabeec0c68成功
2017-09-06 14:47:43,123 INFO  - 那网防火林带::本地库更新2c9f81ee5e54f992015e55eabe6f0c67成功
2017-09-06 14:47:43,127 INFO  - 那双防火林带::本地库更新2c9f81ee5e54f992015e55eabb160c64成功
2017-09-06 14:47:43,131 INFO  - 林西防火林带::本地库更新2c9f81ee5e54f992015e55eaa9930c63成功
2017-09-06 14:47:43,134 INFO  - 力央防火林带::本地库更新2c9f81ee5e54f992015e55eaa90f0c62成功
2017-09-06 14:47:43,138 INFO  - 内阳防火林带::本地库更新2c9f81ee5e54f992015e55eaa5130c5d成功
2017-09-06 14:47:43,142 INFO  - 乐孟防火林带:乐孟:坪上本地库更新2c9f81ee5e54f992015e55eaa2810c5c成功
2017-09-06 14:47:43,146 INFO  - 谋腊防火林带::本地库更新2c9f81ee5e54f992015e55eaa12c0c5b成功
2017-09-06 14:47:43,149 INFO  - 罗起坳防火林带::本地库更新2c9f81ee5e54f992015e55ea9dcd0c5a成功
2017-09-06 14:47:43,153 INFO  - 罗内防火火林带::本地库更新2c9f81ee5e54f992015e55ea9d350c59成功
2017-09-06 14:47:43,157 INFO  - 来花防火林带::本地库更新2c9f81ee5e54f992015e55ea9cb10c58成功
2017-09-06 14:47:43,161 INFO  - 巴盆防火林带::本地库更新2c9f81ee5e54f992015e55ea9c2e0c57成功
2017-09-06 14:47:43,165 INFO  - 巴哈防火林带::本地库更新2c9f81ee5e54f992015e55ea9bb10c56成功
2017-09-06 14:47:43,169 INFO  - 那料林场防火林带::本地库更新2c9f81ee5e54f992015e55ea9b300c55成功
2017-09-06 14:47:43,172 INFO  - 直属分分场煤场林区防:拉浪电厂公路:拉浪林场苗圃本地库更新2c9f81ee5e54f992015e55ea92610c50成功
2017-09-06 14:47:43,176 INFO  - 老站防火林带::本地库更新2c9f81ee5e54f992015e55ea89ef0c4d成功
2017-09-06 14:47:43,180 INFO  - 劳力坡防火林带::本地库更新2c9f81ee5e54f992015e55ea80cc0c4c成功
2017-09-06 14:47:43,184 INFO  - 拉岩防火林带::本地库更新2c9f81ee5e54f992015e55ea80460c4b成功
2017-09-06 14:47:43,187 INFO  - 拉盘防火林带::本地库更新2c9f81ee5e54f992015e55ea7fb70c4a成功
2017-09-06 14:47:43,192 INFO  - 久隆坳防火林带::本地库更新2c9f81ee5e54f992015e55ea7f3a0c49成功
2017-09-06 14:47:43,195 INFO  - 更旦防火林带:更旦:威风良本地库更新2c9f81ee5e54f992015e55ea7b450c46成功
2017-09-06 14:47:43,199 INFO  - 都日防火林带::本地库更新2c9f81ee5e54f992015e55ea6c890c45成功
2017-09-06 14:47:43,203 INFO  - 得飘防火林带::本地库更新2c9f81ee5e54f992015e55ea6c060c44成功
2017-09-06 14:47:43,207 INFO  - 大青山防火林带::本地库更新2c9f81ee5e54f992015e55ea68aa0c41成功
2017-09-06 14:47:43,210 INFO  - 坂坤防火林带::本地库更新2c9f81ee5e54f992015e55ea5ae60c40成功
2017-09-06 14:47:43,214 INFO  - 百乐坳防火林带::本地库更新2c9f81ee5e54f992015e55ea57520c3f成功
2017-09-06 14:47:43,218 INFO  - 那朋林场防火林带::本地库更新2c9f81ee5e54f992015e55ea56d00c3e成功
2017-09-06 14:47:43,222 INFO  - 那来防火林带::本地库更新2c9f81ee5e54f992015e55ea568e0c3d成功
2017-09-06 14:47:43,225 INFO  - 防火林带:盘洞:盘洞本地库更新2c9f81ee5e54f992015e55ea544b0c3a成功
2017-09-06 14:47:43,229 INFO  - 兴安镇南源半冲林场:兴安镇:兴安镇本地库更新2c9f81ee5e54f992015e55ea4f2e0c37成功
2017-09-06 14:47:43,233 INFO  - 兴安镇沅江小头岭林场:兴安镇:兴安镇本地库更新2c9f81ee5e54f992015e55ea47980c32成功
2017-09-06 14:47:43,237 INFO  - 石坑山粑塘防火线::本地库更新2c9f81ee5e54f992015e55ea47280c31成功
2017-09-06 14:47:43,240 INFO  - 溶江镇司门五爪山林场:溶江镇:溶江镇本地库更新2c9f81ee5e54f992015e55ea3cb60c2c成功
2017-09-06 14:47:43,244 INFO  - 溶江镇千家村路逢江林:溶江镇:溶江镇本地库更新2c9f81ee5e54f992015e55ea3cb10c2b成功
2017-09-06 14:47:43,248 INFO  - 溶江采育场林场:溶江镇:溶江镇本地库更新2c9f81ee5e54f992015e55ea33000c28成功
2017-09-06 14:47:43,251 INFO  - 界首镇白面江林场:界首镇:界首镇和平村委本地库更新2c9f81ee5e54f992015e55ea30d80c25成功
2017-09-06 14:47:43,255 INFO  - 漠川协兴林场:漠川乡:漠川乡本地库更新2c9f81ee5e54f992015e55ea299d0c22成功
2017-09-06 14:47:43,259 INFO  - 石岩头林带:平塘尾:本地库更新2c9f81ee5e54f992015e55ea23e10c1f成功
2017-09-06 14:47:43,263 INFO  - 界首镇白花岭林:兴安镇:界首镇本地库更新2c9f81ee5e54f992015e55ea21c90c1c成功
2017-09-06 14:47:43,266 INFO  - 千家洞生物防火林带:雷家江:水箐本地库更新2c9f81ee5e54f992015e55ea10630c1b成功
2017-09-06 14:47:43,270 INFO  - 营盘岭防火林带:营盘岭:金山本地库更新2c9f81ee5e54f992015e55ea0c7c0c1a成功
2017-09-06 14:47:43,274 INFO  - 小横汀防火林带:小横汀:印山本地库更新2c9f81ee5e54f992015e55ea08910c19成功
2017-09-06 14:47:43,278 INFO  - 镰刀湾防火林带:镰刀湾:镰刀湾本地库更新2c9f81ee5e54f992015e55ea04a90c18成功
2017-09-06 14:47:43,282 INFO  - 金子岭防火林带:南佛金子岭:虎豹电站本地库更新2c9f81ee5e54f992015e55ea00c20c17成功
2017-09-06 14:47:43,286 INFO  - 潮水桥防火林带:中华潮水桥:马渭造船厂本地库更新2c9f81ee5e54f992015e55e9fcde0c16成功
2017-09-06 14:47:43,290 INFO  - 省际防火林带:龙胜县.乐江乡,宝赠村,:龙胜县,平等乡,平定村,本地库更新2c9f81ee5e54f992015e55e9f9330c15成功
2017-09-06 14:47:43,294 INFO  - 防火林带::本地库更新2c9f81ee5e54f992015e55e9f5460c14成功
2017-09-06 14:47:43,297 INFO  - 杜莫镇榕洞村::本地库更新2c9f81ee5e54f992015e55e9f15c0c13成功
2017-09-06 14:47:43,301 INFO  - 指挥部::本地库更新2c9f81ee5e54f992015e55e9ed790c12成功
2017-09-06 14:47:43,305 INFO  - 灌阳镇排埠江马子箐::本地库更新2c9f81ee5e54f992015e55e9e9960c11成功
2017-09-06 14:47:43,308 INFO  - 防火林带:白马山:堡里乡拉木村本地库更新2c9f81ee5e54f992015e55e9e6cc0c0e成功
2017-09-06 14:47:43,312 INFO  - 七星::本地库更新2c9f81ee5e54f992015e55e9e1850c0d成功
2017-09-06 14:47:43,316 INFO  - 防火林带::本地库更新2c9f81ee5e54f992015e55e9dddb0c0c成功
2017-09-06 14:47:43,320 INFO  - 亚计山林场2::本地库更新2c9f81ee5e54f992015e55e9dc2c0c09成功
2017-09-06 14:47:43,324 INFO  - 亚计山林场1::本地库更新2c9f81ee5e54f992015e55e9d8e00c04成功
2017-09-06 14:47:43,328 INFO  - 亚计山林场::本地库更新2c9f81ee5e54f992015e55e9d5d90bff成功
2017-09-06 14:47:43,331 INFO  - 雅江分场防火道路4::本地库更新2c9f81ee5e54f992015e55e9cdfd0bfe成功
2017-09-06 14:47:43,335 INFO  - 雅江分场防火道路2::本地库更新2c9f81ee5e54f992015e55e9ca120bfd成功
2017-09-06 14:47:43,339 INFO  - 雅江分场防火道路::本地库更新2c9f81ee5e54f992015e55e9c64c0bfc成功
2017-09-06 14:47:43,343 INFO  - 维都分场荷木::本地库更新2c9f81ee5e54f992015e55e9c2460bfb成功
2017-09-06 14:47:43,347 INFO  - 维都分场防火道路5::本地库更新2c9f81ee5e54f992015e55e9be5f0bfa成功
2017-09-06 14:47:43,351 INFO  - 维都分场防火道路4::本地库更新2c9f81ee5e54f992015e55e9ba710bf9成功
2017-09-06 14:47:43,355 INFO  - 维都分场防火道路3::本地库更新2c9f81ee5e54f992015e55e9b68d0bf8成功
2017-09-06 14:47:43,358 INFO  - 维都分场5林班防火道2::本地库更新2c9f81ee5e54f992015e55e9b2a40bf7成功
2017-09-06 14:47:43,362 INFO  - 北山边镜防火林带::本地库更新2c9f81ee5e54f992015e55e9aec70bf4成功
2017-09-06 14:47:43,366 INFO  - 维都分场5林班1::本地库更新2c9f81ee5e54f992015e55e9aebf0bf3成功
2017-09-06 14:47:43,369 INFO  - 龙凤山7林班::本地库更新2c9f81ee5e54f992015e55e9aad80bf2成功
2017-09-06 14:47:43,374 INFO  - 龙凤山2林班::本地库更新2c9f81ee5e54f992015e55e9a6ee0bef成功
2017-09-06 14:47:43,377 INFO  - 北山边镜防火林班::本地库更新2c9f81ee5e54f992015e55e9a6350bee成功
2017-09-06 14:47:43,381 INFO  - 蒙山县蒙昭防火林带::本地库更新2c9f81ee5e54f992015e55e9a3040bed成功
2017-09-06 14:47:43,385 INFO  - 北山边境林班::本地库更新2c9f81ee5e54f992015e55e99c590bea成功
2017-09-06 14:47:43,389 INFO  - 垌中::本地库更新2c9f81ee5e54f992015e55e999c20be9成功
2017-09-06 14:47:43,393 INFO  - 江那村::本地库更新2c9f81ee5e54f992015e55e999440be8成功
2017-09-06 14:47:43,397 INFO  - 边境防火隔离带::本地库更新2c9f81ee5e54f992015e55e998c10be7成功
2017-09-06 14:47:43,401 INFO  - 热林中心英阳林带:坑英四号界碑:旧连队驻地 本地库更新2c9f81ee5e54f992015e55e994440be2成功
2017-09-06 14:47:43,405 INFO  - 532::本地库更新2c9f81ee5e54f992015e55e9937b0be1成功
2017-09-06 14:47:43,409 INFO  - 英明村::本地库更新2c9f81ee5e54f992015e55e992ac0be0成功
2017-09-06 14:47:43,413 INFO  - 边境防火隔离带及防护::本地库更新2c9f81ee5e54f992015e55e992240bdf成功
2017-09-06 14:47:43,417 INFO  - 热林中心榕水林带:丁兰鱼塘:板坤村本地库更新2c9f81ee5e54f992015e55e98ee40bdc成功
2017-09-06 14:47:43,421 INFO  - 热林中心北标林带:北二号界碑:坑英四号界碑本地库更新2c9f81ee5e54f992015e55e978750bd7成功
2017-09-06 14:47:43,425 INFO  - 热林中心剥皮林带:法卡山驻地:旧6号界碑本地库更新2c9f81ee5e54f992015e55e974270bd6成功
2017-09-06 14:47:43,429 INFO  - 热林中心边境生物防火::本地库更新2c9f81ee5e54f992015e55e9707c0bd5成功
2017-09-06 14:47:43,432 INFO  - 派阳山林场防火隔离带::本地库更新2c9f81ee5e54f992015e55e968a90bd4成功
2017-09-06 14:47:43,436 INFO  - 龙州边境生物防火林带:某处:某处本地库更新2c9f81ee5e54f992015e55e964bf0bd3成功
2017-09-06 14:47:43,440 INFO  - 虚拟防火带::本地库更新2c9f81ee5e54f992015e55e960db0bd2成功
2017-09-06 14:47:43,444 INFO  - 那赖分场13林班防火线::本地库更新2c9f81ee5e54f992015e55e95cf10bd1成功
2017-09-06 14:47:43,448 INFO  - 公武8林班防火线::本地库更新2c9f81ee5e54f992015e55e959060bd0成功
2017-09-06 14:47:43,452 INFO  - 公武7林班防火线::本地库更新2c9f81ee5e54f992015e55e9551c0bcf成功
2017-09-06 14:47:43,455 INFO  - 公武6林班防火线::本地库更新2c9f81ee5e54f992015e55e951360bce成功
2017-09-06 14:47:43,459 INFO  - 公武18林班防火线::本地库更新2c9f81ee5e54f992015e55e94d4d0bcd成功
2017-09-06 14:47:43,463 INFO  - 大王山6林班防火线::本地库更新2c9f81ee5e54f992015e55e949660bcc成功
2017-09-06 14:47:43,467 INFO  - 大王山5林班防火线::本地库更新2c9f81ee5e54f992015e55e9457f0bcb成功
2017-09-06 14:47:43,471 INFO  - 大王山2林班防火线::本地库更新2c9f81ee5e54f992015e55e941950bca成功
2017-09-06 14:47:43,474 INFO  - 东门古美林带::本地库更新2c9f81ee5e54f992015e55e93da60bc9成功
2017-09-06 14:47:43,478 INFO  - ZY45YJ001:百都乡弄陇村8林班45小旗开得胜:百省乡面良村3林班53小班本地库更新2c9f81ee5e54f992015e55e939c20bc8成功
2017-09-06 14:47:43,482 INFO  - zy4yj029:平孟镇平孟村9林班55小班:645界碑本地库更新2c9f81ee5e54f992015e55e937b00bc7成功
2017-09-06 14:47:43,486 INFO  - zy45yj039:"平孟镇弄汤村6林班35小班，
667界碑附近。":670界碑本地库更新2c9f81ee5e54f992015e55e935990bc6成功
2017-09-06 14:47:43,489 INFO  - zy45yj038:665界碑:平孟镇弄汤村6林班35小班本地库更新2c9f81ee5e54f992015e55e933860bc2成功
2017-09-06 14:47:43,493 INFO  - zy45yj037:663界碑:665界碑本地库更新2c9f81ee5e54f992015e55e931720bc0成功
2017-09-06 14:47:43,497 INFO  - zy45yj007:百省乡那孟村16林班40小班:百省乡那孟村20林班39小班本地库更新2c9f81ee5e54f992015e55e92f880bbf成功
2017-09-06 14:47:43,501 INFO  - zy45yj032:平孟镇平孟村4林班19小班:本地库更新2c9f81ee5e54f992015e55e92f5e0bbe成功
2017-09-06 14:47:43,505 INFO  - zy45yj028:平孟镇旧村村9林班23小班:平孟镇旧村村9林班12小班本地库更新2c9f81ee5e54f992015e55e92d4a0bbd成功
2017-09-06 14:47:43,508 INFO  - zy45yj024:630界碑:632界碑本地库更新2c9f81ee5e54f992015e55e92b400bbc成功
2017-09-06 14:47:43,512 INFO  - zy45yj023:627界碑:630界碑本地库更新2c9f81ee5e54f992015e55e929200bbb成功
2017-09-06 14:47:43,516 INFO  - zy45yj021:平孟镇念井村11林班47小班:626界碑本地库更新2c9f81ee5e54f992015e55e9270e0bba成功
2017-09-06 14:47:43,520 INFO  - zy45yj015:百南乡百南村7林班54小班:百南乡百南村6林班86小班本地库更新2c9f81ee5e54f992015e55e924fa0bb9成功
2017-09-06 14:47:43,524 INFO  - zy45yj013:570-2界碑:百南乡甲柳村5林班77小班本地库更新2c9f81ee5e54f992015e55e922e70bb8成功
2017-09-06 14:47:43,528 INFO  - zy45yj010:百省乡那孟村19林班24小班:百省乡那孟村20林班22小班本地库更新2c9f81ee5e54f992015e55e9226d0bb7成功
2017-09-06 14:47:43,532 INFO  - 祥周林场防火林带:百度林站村:百度林站村本地库更新2c9f81ee5e54f992015e55e921660bb4成功
2017-09-06 14:47:43,536 INFO  - zy45yj008:百省乡那孟村20林班53小班:百省乡那孟村19林班24小班本地库更新2c9f81ee5e54f992015e55e920270bb3成功
2017-09-06 14:47:43,540 INFO  - zy45yj005:百省乡那布村13林班81小班:百省乡那孟村16林班40小班本地库更新2c9f81ee5e54f992015e55e91fb90bb2成功
2017-09-06 14:47:43,544 INFO  - 敏阳生物防火林带:平桑林站那排岭:良一村雷岩岭本地库更新2c9f81ee5e54f992015e55e91f9f0bb1成功
2017-09-06 14:47:43,547 INFO  - ZY45YJ003:百省乡那布村13林班63小班:百省乡那布村13林班81小班本地库更新2c9f81ee5e54f992015e55e91f5c0bb0成功
2017-09-06 14:47:43,551 INFO  - 公武44林班防火线::本地库更新2c9f81ee5e54f992015e55e91f2c0baf成功
