2017-09-04 17:14:21,762 INFO  - 2c9f81ee5e4be393015e4c29244801c7插入success
2017-09-04 17:14:21,789 INFO  - 本地库插入成功
2017-09-04 17:14:21,789 INFO  - 2c9f81ee5e4be393015e4c29244701c6插入success
2017-09-04 17:14:21,791 INFO  - 本地库插入成功
2017-09-04 17:14:21,791 INFO  - 2c9f81ee5e4be393015e4c29251f01c8插入success
2017-09-04 17:14:21,792 INFO  - 本地库插入成功
2017-09-04 17:14:21,792 INFO  - 2c9f81ee5e4be393015e4c29252701c9插入success
2017-09-04 17:14:21,794 INFO  - 本地库插入成功
2017-09-04 17:14:21,794 INFO  - 2c9f81ee5e4be393015e4c2925d301ca插入success
2017-09-04 17:14:21,796 INFO  - 本地库插入成功
2017-09-04 17:14:21,796 INFO  - 2c9f81ee5e4be393015e4c2925db01cb插入success
2017-09-04 17:14:21,798 INFO  - 本地库插入成功
2017-09-04 17:14:21,798 INFO  - 2c9f81ee5e4be393015e4c29267b01cc插入success
2017-09-04 17:14:21,800 INFO  - 本地库插入成功
2017-09-04 17:14:21,800 INFO  - 2c9f81ee5e4be393015e4c29272b01cd插入success
2017-09-04 17:14:21,801 INFO  - 本地库插入成功
2017-09-04 17:14:21,801 INFO  - 2c9f81ee5e4be393015e4c29288d01ce插入success
2017-09-04 17:14:21,803 INFO  - 本地库插入成功
2017-09-04 17:14:21,803 INFO  - 2c9f81ee5e4be393015e4c292ab001cf插入success
2017-09-04 17:14:21,805 INFO  - 本地库插入成功
2017-09-04 17:14:21,805 INFO  - 2c9f81ee5e4be393015e4c292afb01d0插入success
2017-09-04 17:14:21,807 INFO  - 本地库插入成功
2017-09-04 17:14:21,807 INFO  - 2c9f81ee5e4be393015e4c292cb801d3插入success
2017-09-04 17:14:21,809 INFO  - 本地库插入成功
2017-09-04 17:14:21,809 INFO  - 2c9f81ee5e4be393015e4c292ec801d4插入success
2017-09-04 17:14:21,811 INFO  - 本地库插入成功
2017-09-04 17:14:21,811 INFO  - 2c9f81ee5e4be393015e4c2930df01d5插入success
2017-09-04 17:14:21,813 INFO  - 本地库插入成功
2017-09-04 17:14:21,813 INFO  - 2c9f81ee5e4be393015e4c2932ee01d6插入success
2017-09-04 17:14:21,814 INFO  - 本地库插入成功
2017-09-04 17:14:21,814 INFO  - 2c9f81ee5e4be393015e4c293acd01d7插入success
2017-09-04 17:14:21,816 INFO  - 本地库插入成功
2017-09-04 17:14:21,816 INFO  - 2c9f81ee5e4be393015e4c293ebd01d9插入success
2017-09-04 17:14:21,818 INFO  - 本地库插入成功
2017-09-04 17:14:21,818 INFO  - 2c9f81ee5e4be393015e4c293e0101d8插入success
2017-09-04 17:14:21,820 INFO  - 本地库插入成功
2017-09-04 17:14:21,820 INFO  - 2c9f81ee5e4be393015e4c29429e01dc插入success
2017-09-04 17:14:21,822 INFO  - 本地库插入成功
2017-09-04 17:14:21,822 INFO  - 2c9f81ee5e4be393015e4c29468601dd插入success
2017-09-04 17:14:21,824 INFO  - 本地库插入成功
2017-09-04 17:14:21,824 INFO  - 2c9f81ee5e4be393015e4c294a6e01de插入success
2017-09-04 17:14:21,825 INFO  - 本地库插入成功
2017-09-04 17:14:21,825 INFO  - 2c9f81ee5e4be393015e4c294e5501df插入success
2017-09-04 17:14:21,827 INFO  - 本地库插入成功
2017-09-04 17:14:21,827 INFO  - 2c9f81ee5e4be393015e4c29523c01e0插入success
2017-09-04 17:14:21,829 INFO  - 本地库插入成功
2017-09-04 17:14:21,829 INFO  - 2c9f81ee5e4be393015e4c29562401e1插入success
2017-09-04 17:14:21,831 INFO  - 本地库插入成功
2017-09-04 17:14:21,831 INFO  - 2c9f81ee5e4be393015e4c295a1301e2插入success
2017-09-04 17:14:21,832 INFO  - 本地库插入成功
2017-09-04 17:14:21,832 INFO  - 2c9f81ee5e4be393015e4c295dfb01e3插入success
2017-09-04 17:14:21,834 INFO  - 本地库插入成功
2017-09-04 17:14:21,834 INFO  - 2c9f81ee5e4be393015e4c2961df01e4插入success
2017-09-04 17:14:21,836 INFO  - 本地库插入成功
2017-09-04 17:14:21,836 INFO  - 2c9f81ee5e4be393015e4c2965c301e5插入success
2017-09-04 17:14:21,838 INFO  - 本地库插入成功
2017-09-04 17:14:21,838 INFO  - 2c9f81ee5e4be393015e4c2969ac01e6插入success
2017-09-04 17:14:21,840 INFO  - 本地库插入成功
2017-09-04 17:14:21,840 INFO  - 2c9f81ee5e4be393015e4c29718101e7插入success
2017-09-04 17:14:21,842 INFO  - 本地库插入成功
2017-09-04 17:14:21,842 INFO  - 2c9f81ee5e4be393015e4c29756801e8插入success
2017-09-04 17:14:21,844 INFO  - 本地库插入成功
2017-09-04 17:14:21,844 INFO  - 2c9f81ee5e4be393015e4c29795101e9插入success
2017-09-04 17:14:21,846 INFO  - 本地库插入成功
2017-09-04 17:14:21,846 INFO  - 2c9f81ee5e4be393015e4c297d3801eb插入success
2017-09-04 17:14:21,847 INFO  - 本地库插入成功
2017-09-04 17:14:21,848 INFO  - 2c9f81ee5e4be393015e4c297c5701ea插入success
2017-09-04 17:14:21,849 INFO  - 本地库插入成功
2017-09-04 17:14:21,850 INFO  - 2c9f81ee5e4be393015e4c29812301f0插入success
2017-09-04 17:14:21,851 INFO  - 本地库插入成功
2017-09-04 17:14:21,851 INFO  - 2c9f81ee5e4be393015e4c29850501f1插入success
2017-09-04 17:14:21,853 INFO  - 本地库插入成功
2017-09-04 17:14:21,853 INFO  - 2c9f81ee5e4be393015e4c2988ee01f2插入success
2017-09-04 17:14:21,855 INFO  - 本地库插入成功
2017-09-04 17:14:21,855 INFO  - 2c9f81ee5e4be393015e4c298e2201f3插入success
2017-09-04 17:14:21,857 INFO  - 本地库插入成功
2017-09-04 17:14:21,857 INFO  - 2c9f81ee5e4be393015e4c29908001f8插入success
2017-09-04 17:14:21,858 INFO  - 本地库插入成功
2017-09-04 17:14:21,858 INFO  - 2c9f81ee5e4be393015e4c29989301f9插入success
2017-09-04 17:14:21,860 INFO  - 本地库插入成功
2017-09-04 17:14:21,860 INFO  - 2c9f81ee5e4be393015e4c299c7d01fa插入success
2017-09-04 17:14:21,862 INFO  - 本地库插入成功
2017-09-04 17:14:21,862 INFO  - 2c9f81ee5e4be393015e4c29a05b01fb插入success
2017-09-04 17:14:21,864 INFO  - 本地库插入成功
2017-09-04 17:14:21,864 INFO  - 2c9f81ee5e4be393015e4c29b31101fd插入success
2017-09-04 17:14:21,866 INFO  - 本地库插入成功
2017-09-04 17:14:21,866 INFO  - 2c9f81ee5e4be393015e4c29aff501fc插入success
2017-09-04 17:14:21,867 INFO  - 本地库插入成功
2017-09-04 17:14:21,868 INFO  - 2c9f81ee5e4be393015e4c29b7cd0204插入success
2017-09-04 17:14:21,869 INFO  - 本地库插入成功
2017-09-04 17:14:21,869 INFO  - 2c9f81ee5e4be393015e4c29bc0f0205插入success
2017-09-04 17:14:21,871 INFO  - 本地库插入成功
2017-09-04 17:14:21,871 INFO  - 2c9f81ee5e4be393015e4c29bd3f0208插入success
2017-09-04 17:14:21,873 INFO  - 本地库插入成功
2017-09-04 17:14:21,873 INFO  - 2c9f81ee5e4be393015e4c29bdd40209插入success
2017-09-04 17:14:21,875 INFO  - 本地库插入成功
2017-09-04 17:14:21,875 INFO  - 2c9f81ee5e4be393015e4c29bf8d020c插入success
2017-09-04 17:14:21,877 INFO  - 本地库插入成功
2017-09-04 17:14:21,877 INFO  - 2c9f81ee5e4be393015e4c29c96c020f插入success
2017-09-04 17:14:21,881 INFO  - 本地库插入成功
2017-09-04 17:14:21,881 INFO  - 2c9f81ee5e4be393015e4c29cece0214插入success
2017-09-04 17:14:21,883 INFO  - 本地库插入成功
2017-09-04 17:14:21,883 INFO  - 2c9f81ee5e4be393015e4c29cf460215插入success
2017-09-04 17:14:21,885 INFO  - 本地库插入成功
2017-09-04 17:14:21,885 INFO  - 2c9f81ee5e4be393015e4c29d9ea0218插入success
2017-09-04 17:14:21,887 INFO  - 本地库插入成功
2017-09-04 17:14:21,887 INFO  - 2c9f81ee5e4be393015e4c29dce5021b插入success
2017-09-04 17:14:21,889 INFO  - 本地库插入成功
2017-09-04 17:14:21,889 INFO  - 2c9f81ee5e4be393015e4c29e268021e插入success
2017-09-04 17:14:21,891 INFO  - 本地库插入成功
2017-09-04 17:14:21,891 INFO  - 2c9f81ee5e4be393015e4c29e5440221插入success
2017-09-04 17:14:21,893 INFO  - 本地库插入成功
2017-09-04 17:14:21,894 INFO  - 2c9f81ee5e4be393015e4c29e6200222插入success
2017-09-04 17:14:21,896 INFO  - 本地库插入成功
2017-09-04 17:14:21,896 INFO  - 2c9f81ee5e4be393015e4c29ef520225插入success
2017-09-04 17:14:21,898 INFO  - 本地库插入成功
2017-09-04 17:14:21,898 INFO  - 2c9f81ee5e4be393015e4c29f3f30228插入success
2017-09-04 17:14:21,899 INFO  - 本地库插入成功
2017-09-04 17:14:21,900 INFO  - 2c9f81ee5e4be393015e4c29f765022b插入success
2017-09-04 17:14:21,901 INFO  - 本地库插入成功
2017-09-04 17:14:21,901 INFO  - 2c9f81ee5e4be393015e4c2a0126022e插入success
2017-09-04 17:14:21,903 INFO  - 本地库插入成功
2017-09-04 17:14:21,903 INFO  - 2c9f81ee5e4be393015e4c2a03d00231插入success
2017-09-04 17:14:21,904 INFO  - 本地库插入成功
2017-09-04 17:14:21,904 INFO  - 2c9f81ee5e4be393015e4c2a057c0232插入success
2017-09-04 17:14:21,906 INFO  - 本地库插入成功
2017-09-04 17:14:21,906 INFO  - 2c9f81ee5e4be393015e4c2a09600237插入success
2017-09-04 17:14:21,907 INFO  - 本地库插入成功
2017-09-04 17:14:21,907 INFO  - 2c9f81ee5e4be393015e4c2a0a39023a插入success
2017-09-04 17:14:21,909 INFO  - 本地库插入成功
2017-09-04 17:14:21,909 INFO  - 2c9f81ee5e4be393015e4c2a0ad7023b插入success
2017-09-04 17:14:21,912 INFO  - 本地库插入成功
2017-09-04 17:14:21,912 INFO  - 2c9f81ee5e4be393015e4c2a0d870242插入success
2017-09-04 17:14:21,914 INFO  - 本地库插入成功
2017-09-04 17:14:21,914 INFO  - 2c9f81ee5e4be393015e4c2a0fa30243插入success
2017-09-04 17:14:21,915 INFO  - 本地库插入成功
2017-09-04 17:14:21,915 INFO  - 2c9f81ee5e4be393015e4c2a127b0246插入success
2017-09-04 17:14:21,917 INFO  - 本地库插入成功
2017-09-04 17:14:21,917 INFO  - 2c9f81ee5e4be393015e4c2a13070249插入success
2017-09-04 17:14:21,918 INFO  - 本地库插入成功
2017-09-04 17:14:21,918 INFO  - 2c9f81ee5e4be393015e4c2a13a4024a插入success
2017-09-04 17:14:21,920 INFO  - 本地库插入成功
2017-09-04 17:14:21,920 INFO  - 2c9f81ee5e4be393015e4c2a143e024b插入success
2017-09-04 17:14:21,921 INFO  - 本地库插入成功
2017-09-04 17:14:21,921 INFO  - 2c9f81ee5e4be393015e4c2a1580024c插入success
2017-09-04 17:14:21,923 INFO  - 本地库插入成功
2017-09-04 17:14:21,923 INFO  - 2c9f81ee5e4be393015e4c2a1976024f插入success
2017-09-04 17:14:21,924 INFO  - 本地库插入成功
2017-09-04 17:14:21,924 INFO  - 2c9f81ee5e4be393015e4c2a1d5f0250插入success
2017-09-04 17:14:21,927 INFO  - 本地库插入成功
2017-09-04 17:14:21,927 INFO  - 2c9f81ee5e4be393015e4c2a228f0251插入success
2017-09-04 17:14:21,929 INFO  - 本地库插入成功
2017-09-04 17:14:21,929 INFO  - 2c9f81ee5e4be393015e4c2a24f10254插入success
2017-09-04 17:14:21,931 INFO  - 本地库插入成功
2017-09-04 17:14:21,931 INFO  - 2c9f81ee5e4be393015e4c2a29160255插入success
2017-09-04 17:14:21,933 INFO  - 本地库插入成功
2017-09-04 17:14:21,933 INFO  - 2c9f81ee5e4be393015e4c2a2cfe0256插入success
2017-09-04 17:14:21,935 INFO  - 本地库插入成功
2017-09-04 17:14:21,935 INFO  - 2c9f81ee5e4be393015e4c2a30e60257插入success
2017-09-04 17:14:21,936 INFO  - 本地库插入成功
2017-09-04 17:14:21,936 INFO  - 2c9f81ee5e4be393015e4c2a34cf0258插入success
2017-09-04 17:14:21,937 INFO  - 本地库插入成功
2017-09-04 17:14:21,937 INFO  - 2c9f81ee5e4be393015e4c2a38b60259插入success
2017-09-04 17:14:21,939 INFO  - 本地库插入成功
2017-09-04 17:14:21,939 INFO  - 2c9f81ee5e4be393015e4c2a3c9f025a插入success
2017-09-04 17:14:21,941 INFO  - 本地库插入成功
2017-09-04 17:14:21,941 INFO  - 2c9f81ee5e4be393015e4c2a4085025b插入success
2017-09-04 17:14:21,942 INFO  - 本地库插入成功
2017-09-04 17:14:21,942 INFO  - 2c9f81ee5e4be393015e4c2a446a025c插入success
2017-09-04 17:14:21,944 INFO  - 本地库插入成功
2017-09-04 17:14:21,944 INFO  - 2c9f81ee5e4be393015e4c2a4858025d插入success
2017-09-04 17:14:21,947 INFO  - 本地库插入成功
2017-09-04 17:14:21,947 INFO  - 2c9f81ee5e4be393015e4c2a4c3e025e插入success
2017-09-04 17:14:21,948 INFO  - 本地库插入成功
2017-09-04 17:14:21,948 INFO  - 2c9f81ee5e4be393015e4c2a4fed025f插入success
2017-09-04 17:14:21,950 INFO  - 本地库插入成功
2017-09-04 17:14:21,950 INFO  - 2c9f81ee5e4be393015e4c2a540f0260插入success
2017-09-04 17:14:21,951 INFO  - 本地库插入成功
2017-09-04 17:14:21,951 INFO  - 2c9f81ee5e4be393015e4c2a57f30261插入success
2017-09-04 17:14:21,952 INFO  - 本地库插入成功
2017-09-04 17:14:21,952 INFO  - 2c9f81ee5e4be393015e4c2a5bdc0262插入success
2017-09-04 17:14:21,954 INFO  - 本地库插入成功
2017-09-04 17:14:21,954 INFO  - 2c9f81ee5e4be393015e4c2a5fb90263插入success
2017-09-04 17:14:21,955 INFO  - 本地库插入成功
2017-09-04 17:14:21,955 INFO  - 2c9f81ee5e4be393015e4c2a677f0264插入success
2017-09-04 17:14:21,957 INFO  - 本地库插入成功
2017-09-04 17:14:21,957 INFO  - 2c9f81ee5e4be393015e4c2a6b7e0265插入success
2017-09-04 17:14:21,958 INFO  - 本地库插入成功
2017-09-04 17:14:21,958 INFO  - 2c9f81ee5e4be393015e4c2a6f6f0266插入success
2017-09-04 17:14:21,961 INFO  - 本地库插入成功
2017-09-04 17:14:21,961 INFO  - 2c9f81ee5e4be393015e4c2a73490267插入success
2017-09-04 17:14:21,963 INFO  - 本地库插入成功
2017-09-04 17:14:21,963 INFO  - 2c9f81ee5e4be393015e4c2a91a90268插入success
2017-09-04 17:14:21,965 INFO  - 本地库插入成功
2017-09-04 17:14:21,965 INFO  - 2c9f81ee5e4be393015e4c2aa2df026d插入success
2017-09-04 17:14:21,966 INFO  - 本地库插入成功
2017-09-04 17:14:21,966 INFO  - 2c9f81ee5e4be393015e4c2aa54d0270插入success
2017-09-04 17:14:21,968 INFO  - 本地库插入成功
2017-09-04 17:14:21,968 INFO  - 2c9f81ee5e4be393015e4c2aa5eb0271插入success
2017-09-04 17:14:21,969 INFO  - 本地库插入成功
2017-09-04 17:14:21,969 INFO  - 2c9f81ee5e4be393015e4c2aa68f0272插入success
2017-09-04 17:14:21,971 INFO  - 本地库插入成功
2017-09-04 17:14:21,971 INFO  - 2c9f81ee5e4be393015e4c2aa72e0273插入success
2017-09-04 17:14:21,972 INFO  - 本地库插入成功
2017-09-04 17:14:21,972 INFO  - 2c9f81ee5e4be393015e4c2aa7d70274插入success
2017-09-04 17:14:21,974 INFO  - 本地库插入成功
2017-09-04 17:14:21,974 INFO  - 2c9f81ee5e4be393015e4c2aa8770275插入success
2017-09-04 17:14:21,975 INFO  - 本地库插入成功
2017-09-04 17:14:21,975 INFO  - 2c9f81ee5e4be393015e4c2aa9fd0276插入success
2017-09-04 17:14:21,977 INFO  - 本地库插入成功
2017-09-04 17:14:21,978 INFO  - 2c9f81ee5e4be393015e4c2aae4e0277插入success
2017-09-04 17:14:21,980 INFO  - 本地库插入成功
2017-09-04 17:14:21,980 INFO  - 2c9f81ee5e4be393015e4c2ab1cd0278插入success
2017-09-04 17:14:21,982 INFO  - 本地库插入成功
2017-09-04 17:14:21,982 INFO  - 2c9f81ee5e4be393015e4c2ab5f10279插入success
2017-09-04 17:14:21,983 INFO  - 本地库插入成功
2017-09-04 17:14:21,983 INFO  - 2c9f81ee5e4be393015e4c2ab9e9027a插入success
2017-09-04 17:14:21,984 INFO  - 本地库插入成功
2017-09-04 17:14:21,985 INFO  - 2c9f81ee5e4be393015e4c2abdda027b插入success
2017-09-04 17:14:21,986 INFO  - 本地库插入成功
2017-09-04 17:14:21,986 INFO  - 2c9f81ee5e4be393015e4c2ac1da027c插入success
2017-09-04 17:14:21,987 INFO  - 本地库插入成功
2017-09-04 17:14:21,987 INFO  - 2c9f81ee5e4be393015e4c2ac5c2027d插入success
2017-09-04 17:14:21,989 INFO  - 本地库插入成功
2017-09-04 17:14:21,989 INFO  - 2c9f81ee5e4be393015e4c2ac9c1027e插入success
2017-09-04 17:14:21,991 INFO  - 本地库插入成功
2017-09-04 17:14:21,991 INFO  - 2c9f81ee5e4be393015e4c2acdb6027f插入success
2017-09-04 17:14:21,992 INFO  - 本地库插入成功
2017-09-04 17:14:21,992 INFO  - 2c9f81ee5e4be393015e4c2aeb960280插入success
2017-09-04 17:14:21,995 INFO  - 本地库插入成功
2017-09-04 17:14:21,995 INFO  - 2c9f81ee5e4be393015e4c2aef8f0285插入success
2017-09-04 17:14:21,997 INFO  - 本地库插入成功
2017-09-04 17:14:21,997 INFO  - 2c9f81ee5e4be393015e4c2b01380286插入success
2017-09-04 17:14:21,999 INFO  - 本地库插入成功
2017-09-04 17:14:21,999 INFO  - 2c9f81ee5e4be393015e4c2b03d40289插入success
2017-09-04 17:14:22,000 INFO  - 本地库插入成功
2017-09-04 17:14:22,000 INFO  - 2c9f81ee5e4be393015e4c2b04f2028a插入success
2017-09-04 17:14:22,002 INFO  - 本地库插入成功
2017-09-04 17:14:22,002 INFO  - 2c9f81ee5e4be393015e4c2b061c028b插入success
2017-09-04 17:14:22,003 INFO  - 本地库插入成功
2017-09-04 17:14:22,003 INFO  - 2c9f81ee5e4be393015e4c2b0740028c插入success
2017-09-04 17:14:22,005 INFO  - 本地库插入成功
2017-09-04 17:14:22,005 INFO  - 2c9f81ee5e4be393015e4c2b0867028d插入success
2017-09-04 17:14:22,006 INFO  - 本地库插入成功
2017-09-04 17:14:22,006 INFO  - 2c9f81ee5e4be393015e4c2b09c6028e插入success
2017-09-04 17:14:22,008 INFO  - 本地库插入成功
2017-09-04 17:14:22,008 INFO  - 2c9f81ee5e4be393015e4c2b0a6f028f插入success
2017-09-04 17:14:22,010 INFO  - 本地库插入成功
2017-09-04 17:14:22,015 INFO  - 2c9f81ee5e4be393015e4c2b0bb40290插入success
2017-09-04 17:14:22,017 INFO  - 本地库插入成功
2017-09-04 17:14:22,391 INFO  - 2c9f81ee5e4be393015e4c2b0d990291插入success
2017-09-04 17:14:22,394 INFO  - 本地库插入成功
2017-09-04 17:14:22,758 INFO  - 2c9f81ee5e4be393015e4c2b0f070292插入success
2017-09-04 17:14:22,761 INFO  - 本地库插入成功
2017-09-04 17:14:26,933 INFO  - 2c9f81ee5e4be393015e4c2b1ad70293插入success
2017-09-04 17:14:26,936 INFO  - 本地库插入成功
2017-09-04 17:14:27,155 INFO  - 2c9f81ee5e4be393015e4c2b1ff6029a插入success
2017-09-04 17:14:27,159 INFO  - 本地库插入成功
2017-09-04 17:14:27,342 INFO  - 2c9f81ee5e4be393015e4c2b20e0029b插入success
2017-09-04 17:14:27,345 INFO  - 本地库插入成功
2017-09-04 17:14:27,499 INFO  - 2c9f81ee5e4be393015e4c2b218d029c插入success
2017-09-04 17:14:27,502 INFO  - 本地库插入成功
2017-09-04 17:14:27,657 INFO  - 2c9f81ee5e4be393015e4c2b222f029d插入success
2017-09-04 17:14:27,661 INFO  - 本地库插入成功
2017-09-04 17:14:27,816 INFO  - 2c9f81ee5e4be393015e4c2b22c8029e插入success
2017-09-04 17:14:27,819 INFO  - 本地库插入成功
2017-09-04 17:14:28,029 INFO  - 2c9f81ee5e4be393015e4c2b232b029f插入success
2017-09-04 17:14:28,031 INFO  - 本地库插入成功
2017-09-04 17:14:28,167 INFO  - 2c9f81ee5e4be393015e4c2b240102a0插入success
2017-09-04 17:14:28,170 INFO  - 本地库插入成功
2017-09-04 17:14:28,341 INFO  - 2c9f81ee5e4be393015e4c2b24c602a1插入success
2017-09-04 17:14:28,344 INFO  - 本地库插入2c9f81ee5e4be393015e4c1a4f9701c4成功
2017-09-04 17:18:28,928 INFO  - 删除success
2017-09-04 17:18:28,983 INFO  - 删除success
2017-09-04 17:18:29,007 INFO  - 删除success
2017-09-04 17:18:29,084 INFO  - 删除success
2017-09-04 17:18:29,107 INFO  - 删除success
2017-09-04 17:18:29,127 INFO  - 删除success
2017-09-04 17:18:29,158 INFO  - 删除success
2017-09-04 17:18:29,185 INFO  - 删除success
2017-09-04 17:18:29,265 INFO  - 删除success
2017-09-04 17:18:29,307 INFO  - 删除success
2017-09-04 17:18:29,325 INFO  - 删除success
2017-09-04 17:18:29,372 INFO  - 删除success
2017-09-04 17:18:29,392 INFO  - 删除success
2017-09-04 17:18:29,409 INFO  - 删除success
2017-09-04 17:18:29,432 INFO  - 删除success
2017-09-04 17:18:29,451 INFO  - 删除success
2017-09-04 17:18:29,495 INFO  - 删除success
2017-09-04 17:18:29,516 INFO  - 删除success
2017-09-04 17:18:29,554 INFO  - 删除success
2017-09-04 17:18:29,616 INFO  - 删除success
2017-09-04 17:18:29,634 INFO  - 删除success
2017-09-04 17:18:29,696 INFO  - 删除success
2017-09-04 17:18:29,717 INFO  - 删除success
2017-09-04 17:18:29,735 INFO  - 删除success
2017-09-04 17:18:29,751 INFO  - 删除success
2017-09-04 17:18:29,767 INFO  - 删除success
2017-09-04 17:18:29,783 INFO  - 删除success
2017-09-04 17:18:29,801 INFO  - 删除success
2017-09-04 17:18:29,823 INFO  - 删除success
2017-09-04 17:18:29,842 INFO  - 删除success
2017-09-04 17:18:29,865 INFO  - 删除success
2017-09-04 17:18:29,884 INFO  - 删除success
2017-09-04 17:18:29,907 INFO  - 删除success
2017-09-04 17:18:29,926 INFO  - 删除success
2017-09-04 17:18:29,948 INFO  - 删除success
2017-09-04 17:18:29,967 INFO  - 删除success
2017-09-04 17:18:29,984 INFO  - 删除success
2017-09-04 17:18:30,000 INFO  - 删除success
2017-09-04 17:18:30,025 INFO  - 删除success
2017-09-04 17:18:30,042 INFO  - 删除success
2017-09-04 17:18:30,082 INFO  - 删除success
2017-09-04 17:18:30,111 INFO  - 删除success
2017-09-04 17:18:30,154 INFO  - 删除success
2017-09-04 17:18:30,188 INFO  - 删除success
2017-09-04 17:18:30,216 INFO  - 删除success
2017-09-04 17:18:30,233 INFO  - 删除success
2017-09-04 17:18:30,250 INFO  - 删除success
2017-09-04 17:18:30,267 INFO  - 删除success
2017-09-04 17:18:30,284 INFO  - 删除success
2017-09-04 17:18:30,301 INFO  - 删除success
2017-09-04 17:18:30,317 INFO  - 删除success
2017-09-04 17:18:30,333 INFO  - 删除success
2017-09-04 17:18:30,350 INFO  - 删除success
2017-09-04 17:18:30,367 INFO  - 删除success
2017-09-04 17:18:30,384 INFO  - 删除success
2017-09-04 17:18:30,400 INFO  - 删除success
2017-09-04 17:18:30,417 INFO  - 删除success
2017-09-04 17:18:30,433 INFO  - 删除success
2017-09-04 17:18:30,450 INFO  - 删除success
2017-09-04 17:18:30,467 INFO  - 删除success
2017-09-04 17:18:30,503 INFO  - 删除success
2017-09-04 17:18:30,532 INFO  - 删除success
2017-09-04 17:18:30,551 INFO  - 删除success
2017-09-04 17:18:30,567 INFO  - 删除success
2017-09-04 17:18:30,584 INFO  - 删除success
2017-09-04 17:18:30,600 INFO  - 删除success
2017-09-04 17:18:30,624 INFO  - 删除success
2017-09-04 17:18:30,641 INFO  - 删除success
2017-09-04 17:18:30,659 INFO  - 删除success
2017-09-04 17:18:30,681 INFO  - 删除success
2017-09-04 17:18:30,701 INFO  - 删除success
2017-09-04 17:18:30,726 INFO  - 删除success
2017-09-04 17:18:30,749 INFO  - 删除success
2017-09-04 17:18:30,773 INFO  - 删除success
2017-09-04 17:18:30,799 INFO  - 删除success
2017-09-04 17:18:30,823 INFO  - 删除success
2017-09-04 17:18:30,848 INFO  - 删除success
2017-09-04 17:18:30,873 INFO  - 删除success
2017-09-04 17:18:30,899 INFO  - 删除success
2017-09-04 17:18:30,958 INFO  - 删除success
2017-09-04 17:18:30,975 INFO  - 删除success
2017-09-04 17:18:30,991 INFO  - 删除success
2017-09-04 17:18:31,009 INFO  - 删除success
2017-09-04 17:18:31,031 INFO  - 删除success
2017-09-04 17:18:31,050 INFO  - 删除success
2017-09-04 17:18:31,291 INFO  - 删除success
2017-09-04 17:18:31,442 INFO  - 删除success
2017-09-04 17:18:31,458 INFO  - 删除success
2017-09-04 17:18:31,476 INFO  - 删除success
2017-09-04 17:18:31,500 INFO  - 删除success
2017-09-04 17:18:31,540 INFO  - 删除success
2017-09-04 17:18:31,579 INFO  - 删除success
2017-09-04 17:18:31,601 INFO  - 删除success
2017-09-04 17:18:31,626 INFO  - 删除success
2017-09-04 17:18:31,642 INFO  - 删除success
2017-09-04 17:18:31,659 INFO  - 删除success
2017-09-04 17:18:31,675 INFO  - 删除success
2017-09-04 17:18:31,692 INFO  - 删除success
2017-09-04 17:18:31,731 INFO  - 删除success
2017-09-04 17:18:31,750 INFO  - 删除success
2017-09-04 17:18:31,767 INFO  - 删除success
2017-09-04 17:18:31,783 INFO  - 删除success
2017-09-04 17:18:31,811 INFO  - 删除success
2017-09-04 17:18:31,825 INFO  - 删除success
2017-09-04 17:18:31,842 INFO  - 删除success
2017-09-04 17:18:31,859 INFO  - 删除success
2017-09-04 17:18:31,898 INFO  - 删除success
2017-09-04 17:18:31,917 INFO  - 删除success
2017-09-04 17:18:31,934 INFO  - 删除success
2017-09-04 17:18:31,970 INFO  - 删除success
2017-09-04 17:18:32,000 INFO  - 删除success
2017-09-04 17:18:32,017 INFO  - 删除success
2017-09-04 17:18:32,034 INFO  - 删除success
2017-09-04 17:18:32,058 INFO  - 删除success
2017-09-04 17:18:32,100 INFO  - 删除success
2017-09-04 17:18:32,134 INFO  - 删除success
2017-09-04 17:18:32,167 INFO  - 删除success
2017-09-04 17:18:32,184 INFO  - 删除success
2017-09-04 17:18:32,207 INFO  - 删除success
2017-09-04 17:18:32,225 INFO  - 删除success
2017-09-04 17:18:32,242 INFO  - 删除success
2017-09-04 17:18:32,258 INFO  - 删除success
2017-09-04 17:18:32,304 INFO  - 删除success
2017-09-04 17:18:32,333 INFO  - 删除success
2017-09-04 17:18:32,357 INFO  - 删除success
2017-09-04 17:18:32,375 INFO  - 删除success
2017-09-04 17:18:32,408 INFO  - 删除success
2017-09-04 17:18:32,426 INFO  - 删除success
2017-09-04 17:18:32,442 INFO  - 删除success
2017-09-04 17:18:32,459 INFO  - 删除success
2017-09-04 17:18:32,475 INFO  - 删除success
2017-09-04 17:18:32,492 INFO  - 删除success
2017-09-04 17:18:32,508 INFO  - 删除success
2017-09-04 17:18:32,527 INFO  - 删除success
2017-09-04 17:18:32,550 INFO  - 删除success
2017-09-04 17:18:32,598 INFO  - 删除success
2017-09-04 17:20:57,763 INFO  - 2c9f81ee5e4be393015e4c2f356602a2插入success
2017-09-04 17:20:57,788 INFO  - 本地库插入2c9f81ee5e4be393015e4c2f356602a2成功
2017-09-04 17:20:57,788 INFO  - 2c9f81ee5e4be393015e4c2f356b02a3插入success
2017-09-04 17:20:57,792 INFO  - 本地库插入2c9f81ee5e4be393015e4c2f356b02a3成功
2017-09-04 17:20:57,792 INFO  - 2c9f81ee5e4be393015e4c2f364702a4插入success
2017-09-04 17:20:57,795 INFO  - 本地库插入2c9f81ee5e4be393015e4c2f364702a4成功
2017-09-04 17:20:57,795 INFO  - 2c9f81ee5e4be393015e4c2f368502a5插入success
2017-09-04 17:20:57,798 INFO  - 本地库插入2c9f81ee5e4be393015e4c2f368502a5成功
2017-09-04 17:20:57,798 INFO  - 2c9f81ee5e4be393015e4c2f36fc02a6插入success
2017-09-04 17:20:57,801 INFO  - 本地库插入2c9f81ee5e4be393015e4c2f36fc02a6成功
2017-09-04 17:20:57,801 INFO  - 2c9f81ee5e4be393015e4c2f373f02a7插入success
2017-09-04 17:20:57,804 INFO  - 本地库插入2c9f81ee5e4be393015e4c2f373f02a7成功
2017-09-04 17:20:57,804 INFO  - 2c9f81ee5e4be393015e4c2f37ec02a8插入success
2017-09-04 17:20:57,805 INFO  - 本地库插入2c9f81ee5e4be393015e4c2f37ec02a8成功
2017-09-04 17:20:57,805 INFO  - 2c9f81ee5e4be393015e4c2f38bf02a9插入success
2017-09-04 17:20:57,807 INFO  - 本地库插入2c9f81ee5e4be393015e4c2f38bf02a9成功
2017-09-04 17:20:57,807 INFO  - 2c9f81ee5e4be393015e4c2f3ad402aa插入success
2017-09-04 17:20:57,808 INFO  - 本地库插入2c9f81ee5e4be393015e4c2f3ad402aa成功
2017-09-04 17:20:57,808 INFO  - 2c9f81ee5e4be393015e4c2f3ce802ac插入success
2017-09-04 17:20:57,809 INFO  - 本地库插入2c9f81ee5e4be393015e4c2f3ce802ac成功
2017-09-04 17:20:57,809 INFO  - 2c9f81ee5e4be393015e4c2f3c3b02ab插入success
2017-09-04 17:20:57,811 INFO  - 本地库插入2c9f81ee5e4be393015e4c2f3c3b02ab成功
2017-09-04 17:20:57,811 INFO  - 2c9f81ee5e4be393015e4c2f3efe02af插入success
2017-09-04 17:20:57,812 INFO  - 本地库插入2c9f81ee5e4be393015e4c2f3efe02af成功
2017-09-04 17:20:57,812 INFO  - 2c9f81ee5e4be393015e4c2f411002b0插入success
2017-09-04 17:20:57,814 INFO  - 本地库插入2c9f81ee5e4be393015e4c2f411002b0成功
2017-09-04 17:20:57,814 INFO  - 2c9f81ee5e4be393015e4c2f432402b1插入success
2017-09-04 17:20:57,815 INFO  - 本地库插入2c9f81ee5e4be393015e4c2f432402b1成功
2017-09-04 17:20:57,815 INFO  - 2c9f81ee5e4be393015e4c2f453702b2插入success
2017-09-04 17:20:57,817 INFO  - 本地库插入2c9f81ee5e4be393015e4c2f453702b2成功
2017-09-04 17:20:57,817 INFO  - 2c9f81ee5e4be393015e4c2f495902b3插入success
2017-09-04 17:20:57,818 INFO  - 本地库插入2c9f81ee5e4be393015e4c2f495902b3成功
2017-09-04 17:20:57,818 INFO  - 2c9f81ee5e4be393015e4c2f4b7202b4插入success
2017-09-04 17:20:57,819 INFO  - 本地库插入2c9f81ee5e4be393015e4c2f4b7202b4成功
2017-09-04 17:20:57,819 INFO  - 2c9f81ee5e4be393015e4c2f4d8102b5插入success
2017-09-04 17:20:57,821 INFO  - 本地库插入2c9f81ee5e4be393015e4c2f4d8102b5成功
2017-09-04 17:20:57,821 INFO  - 2c9f81ee5e4be393015e4c2f516902b7插入success
2017-09-04 17:20:57,822 INFO  - 本地库插入2c9f81ee5e4be393015e4c2f516902b7成功
2017-09-04 17:20:57,822 INFO  - 2c9f81ee5e4be393015e4c2f504b02b6插入success
2017-09-04 17:20:57,824 INFO  - 本地库插入2c9f81ee5e4be393015e4c2f504b02b6成功
2017-09-04 17:20:57,824 INFO  - 2c9f81ee5e4be393015e4c2f555902ba插入success
2017-09-04 17:20:57,825 INFO  - 本地库插入2c9f81ee5e4be393015e4c2f555902ba成功
2017-09-04 17:20:57,825 INFO  - 2c9f81ee5e4be393015e4c2f594002bb插入success
2017-09-04 17:20:57,827 INFO  - 本地库插入2c9f81ee5e4be393015e4c2f594002bb成功
2017-09-04 17:20:57,827 INFO  - 2c9f81ee5e4be393015e4c2f5d2302bc插入success
2017-09-04 17:20:57,828 INFO  - 本地库插入2c9f81ee5e4be393015e4c2f5d2302bc成功
2017-09-04 17:20:57,828 INFO  - 2c9f81ee5e4be393015e4c2f610f02bd插入success
2017-09-04 17:20:57,830 INFO  - 本地库插入2c9f81ee5e4be393015e4c2f610f02bd成功
2017-09-04 17:20:57,830 INFO  - 2c9f81ee5e4be393015e4c2f64f702be插入success
2017-09-04 17:20:57,831 INFO  - 本地库插入2c9f81ee5e4be393015e4c2f64f702be成功
2017-09-04 17:20:57,831 INFO  - 2c9f81ee5e4be393015e4c2f68e002bf插入success
2017-09-04 17:20:57,832 INFO  - 本地库插入2c9f81ee5e4be393015e4c2f68e002bf成功
2017-09-04 17:20:57,832 INFO  - 2c9f81ee5e4be393015e4c2f6cce02c0插入success
2017-09-04 17:20:57,834 INFO  - 本地库插入2c9f81ee5e4be393015e4c2f6cce02c0成功
2017-09-04 17:20:57,834 INFO  - 2c9f81ee5e4be393015e4c2f70af02c1插入success
2017-09-04 17:20:57,835 INFO  - 本地库插入2c9f81ee5e4be393015e4c2f70af02c1成功
2017-09-04 17:20:57,835 INFO  - 2c9f81ee5e4be393015e4c2f749a02c2插入success
2017-09-04 17:20:57,837 INFO  - 本地库插入2c9f81ee5e4be393015e4c2f749a02c2成功
2017-09-04 17:20:57,837 INFO  - 2c9f81ee5e4be393015e4c2f7c6002c3插入success
2017-09-04 17:20:57,838 INFO  - 本地库插入2c9f81ee5e4be393015e4c2f7c6002c3成功
2017-09-04 17:20:57,838 INFO  - 2c9f81ee5e4be393015e4c2f804902c4插入success
2017-09-04 17:20:57,840 INFO  - 本地库插入2c9f81ee5e4be393015e4c2f804902c4成功
2017-09-04 17:20:57,840 INFO  - 2c9f81ee5e4be393015e4c2f843b02c5插入success
2017-09-04 17:20:57,841 INFO  - 本地库插入2c9f81ee5e4be393015e4c2f843b02c5成功
2017-09-04 17:20:57,841 INFO  - 2c9f81ee5e4be393015e4c2f881a02c6插入success
2017-09-04 17:20:57,843 INFO  - 本地库插入2c9f81ee5e4be393015e4c2f881a02c6成功
2017-09-04 17:20:57,843 INFO  - 2c9f81ee5e4be393015e4c2f8c0b02c8插入success
2017-09-04 17:20:57,844 INFO  - 本地库插入2c9f81ee5e4be393015e4c2f8c0b02c8成功
2017-09-04 17:20:57,844 INFO  - 2c9f81ee5e4be393015e4c2f89e202c7插入success
2017-09-04 17:20:57,846 INFO  - 本地库插入2c9f81ee5e4be393015e4c2f89e202c7成功
2017-09-04 17:20:57,846 INFO  - 2c9f81ee5e4be393015e4c2f8fef02cd插入success
2017-09-04 17:20:57,848 INFO  - 本地库插入2c9f81ee5e4be393015e4c2f8fef02cd成功
2017-09-04 17:20:57,848 INFO  - 2c9f81ee5e4be393015e4c2f93d702ce插入success
2017-09-04 17:20:57,849 INFO  - 本地库插入2c9f81ee5e4be393015e4c2f93d702ce成功
2017-09-04 17:20:57,849 INFO  - 2c9f81ee5e4be393015e4c2f998802cf插入success
2017-09-04 17:20:57,851 INFO  - 本地库插入2c9f81ee5e4be393015e4c2f998802cf成功
2017-09-04 17:20:57,851 INFO  - 2c9f81ee5e4be393015e4c2f9b6202d4插入success
2017-09-04 17:20:57,853 INFO  - 本地库插入2c9f81ee5e4be393015e4c2f9b6202d4成功
2017-09-04 17:20:57,853 INFO  - 2c9f81ee5e4be393015e4c2fa37b02d5插入success
2017-09-04 17:20:57,854 INFO  - 本地库插入2c9f81ee5e4be393015e4c2fa37b02d5成功
2017-09-04 17:20:57,854 INFO  - 2c9f81ee5e4be393015e4c2fa75a02d6插入success
2017-09-04 17:20:57,855 INFO  - 本地库插入2c9f81ee5e4be393015e4c2fa75a02d6成功
2017-09-04 17:20:57,855 INFO  - 2c9f81ee5e4be393015e4c2fab4b02d7插入success
2017-09-04 17:20:57,857 INFO  - 本地库插入2c9f81ee5e4be393015e4c2fab4b02d7成功
2017-09-04 17:20:57,857 INFO  - 2c9f81ee5e4be393015e4c2fb3ce02d8插入success
2017-09-04 17:20:57,858 INFO  - 本地库插入2c9f81ee5e4be393015e4c2fb3ce02d8成功
2017-09-04 17:20:57,859 INFO  - 2c9f81ee5e4be393015e4c2fbf9802dc插入success
2017-09-04 17:20:57,860 INFO  - 本地库插入2c9f81ee5e4be393015e4c2fbf9802dc成功
2017-09-04 17:20:57,860 INFO  - 2c9f81ee5e4be393015e4c2fc0ef02e0插入success
2017-09-04 17:20:57,861 INFO  - 本地库插入2c9f81ee5e4be393015e4c2fc0ef02e0成功
2017-09-04 17:20:57,861 INFO  - 2c9f81ee5e4be393015e4c2fbeb302db插入success
2017-09-04 17:20:57,863 INFO  - 本地库插入2c9f81ee5e4be393015e4c2fbeb302db成功
2017-09-04 17:20:57,863 INFO  - 2c9f81ee5e4be393015e4c2fc22e02e4插入success
2017-09-04 17:20:57,864 INFO  - 本地库插入2c9f81ee5e4be393015e4c2fc22e02e4成功
2017-09-04 17:20:57,864 INFO  - 2c9f81ee5e4be393015e4c2fc68702e5插入success
2017-09-04 17:20:57,866 INFO  - 本地库插入2c9f81ee5e4be393015e4c2fc68702e5成功
2017-09-04 17:20:57,866 INFO  - 2c9f81ee5e4be393015e4c2fca6e02e8插入success
2017-09-04 17:20:57,867 INFO  - 本地库插入2c9f81ee5e4be393015e4c2fca6e02e8成功
2017-09-04 17:20:57,867 INFO  - 2c9f81ee5e4be393015e4c2fd29102eb插入success
2017-09-04 17:20:57,869 INFO  - 本地库插入2c9f81ee5e4be393015e4c2fd29102eb成功
2017-09-04 17:20:57,869 INFO  - 2c9f81ee5e4be393015e4c2fd7b902f0插入success
2017-09-04 17:20:57,870 INFO  - 本地库插入2c9f81ee5e4be393015e4c2fd7b902f0成功
2017-09-04 17:20:57,870 INFO  - 2c9f81ee5e4be393015e4c2fd88102f1插入success
2017-09-04 17:20:57,871 INFO  - 本地库插入2c9f81ee5e4be393015e4c2fd88102f1成功
2017-09-04 17:20:57,872 INFO  - 2c9f81ee5e4be393015e4c2fdd7b02f2插入success
2017-09-04 17:20:57,873 INFO  - 本地库插入2c9f81ee5e4be393015e4c2fdd7b02f2成功
2017-09-04 17:20:57,873 INFO  - 2c9f81ee5e4be393015e4c2fe70c02f5插入success
2017-09-04 17:20:57,874 INFO  - 本地库插入2c9f81ee5e4be393015e4c2fe70c02f5成功
2017-09-04 17:20:57,874 INFO  - 2c9f81ee5e4be393015e4c2feb2a02f8插入success
2017-09-04 17:20:57,876 INFO  - 本地库插入2c9f81ee5e4be393015e4c2feb2a02f8成功
2017-09-04 17:20:57,876 INFO  - 2c9f81ee5e4be393015e4c2fec4b02fb插入success
2017-09-04 17:20:57,877 INFO  - 本地库插入2c9f81ee5e4be393015e4c2fec4b02fb成功
2017-09-04 17:20:57,877 INFO  - 2c9f81ee5e4be393015e4c2ff5e802fe插入success
2017-09-04 17:20:57,879 INFO  - 本地库插入2c9f81ee5e4be393015e4c2ff5e802fe成功
2017-09-04 17:20:57,879 INFO  - 2c9f81ee5e4be393015e4c2ffa590301插入success
2017-09-04 17:20:57,880 INFO  - 本地库插入2c9f81ee5e4be393015e4c2ffa590301成功
2017-09-04 17:20:57,880 INFO  - 2c9f81ee5e4be393015e4c2ffd620304插入success
2017-09-04 17:20:57,882 INFO  - 本地库插入2c9f81ee5e4be393015e4c2ffd620304成功
2017-09-04 17:20:57,882 INFO  - 2c9f81ee5e4be393015e4c30028a0307插入success
2017-09-04 17:20:57,883 INFO  - 本地库插入2c9f81ee5e4be393015e4c30028a0307成功
2017-09-04 17:20:57,883 INFO  - 2c9f81ee5e4be393015e4c30107a030a插入success
2017-09-04 17:20:57,884 INFO  - 本地库插入2c9f81ee5e4be393015e4c30107a030a成功
2017-09-04 17:20:57,885 INFO  - 2c9f81ee5e4be393015e4c3013d1030e插入success
2017-09-04 17:20:57,886 INFO  - 本地库插入2c9f81ee5e4be393015e4c3013d1030e成功
2017-09-04 17:20:57,886 INFO  - 2c9f81ee5e4be393015e4c30147f030f插入success
2017-09-04 17:20:57,887 INFO  - 本地库插入2c9f81ee5e4be393015e4c30147f030f成功
2017-09-04 17:20:57,887 INFO  - 2c9f81ee5e4be393015e4c3012ca030b插入success
2017-09-04 17:20:57,889 INFO  - 本地库插入2c9f81ee5e4be393015e4c3012ca030b成功
2017-09-04 17:20:57,889 INFO  - 2c9f81ee5e4be393015e4c3015e50312插入success
2017-09-04 17:20:57,890 INFO  - 本地库插入2c9f81ee5e4be393015e4c3015e50312成功
2017-09-04 17:20:57,890 INFO  - 2c9f81ee5e4be393015e4c30180f0315插入success
2017-09-04 17:20:57,892 INFO  - 本地库插入2c9f81ee5e4be393015e4c30180f0315成功
2017-09-04 17:20:57,892 INFO  - 2c9f81ee5e4be393015e4c301909031c插入success
2017-09-04 17:20:57,893 INFO  - 本地库插入2c9f81ee5e4be393015e4c301909031c成功
2017-09-04 17:20:57,893 INFO  - 2c9f81ee5e4be393015e4c301967031d插入success
2017-09-04 17:20:57,895 INFO  - 本地库插入2c9f81ee5e4be393015e4c301967031d成功
2017-09-04 17:20:57,895 INFO  - 2c9f81ee5e4be393015e4c301db5031f插入success
2017-09-04 17:20:57,896 INFO  - 本地库插入2c9f81ee5e4be393015e4c301db5031f成功
2017-09-04 17:20:57,896 INFO  - 2c9f81ee5e4be393015e4c301ca7031e插入success
2017-09-04 17:20:57,898 INFO  - 本地库插入2c9f81ee5e4be393015e4c301ca7031e成功
2017-09-04 17:20:57,898 INFO  - 2c9f81ee5e4be393015e4c3020660324插入success
2017-09-04 17:20:57,899 INFO  - 本地库插入2c9f81ee5e4be393015e4c3020660324成功
2017-09-04 17:20:57,899 INFO  - 2c9f81ee5e4be393015e4c3021370327插入success
2017-09-04 17:20:57,901 INFO  - 本地库插入2c9f81ee5e4be393015e4c3021370327成功
2017-09-04 17:20:57,901 INFO  - 2c9f81ee5e4be393015e4c30221a032a插入success
2017-09-04 17:20:57,902 INFO  - 本地库插入2c9f81ee5e4be393015e4c30221a032a成功
2017-09-04 17:20:57,902 INFO  - 2c9f81ee5e4be393015e4c302461032b插入success
2017-09-04 17:20:57,904 INFO  - 本地库插入2c9f81ee5e4be393015e4c302461032b成功
2017-09-04 17:20:57,904 INFO  - 2c9f81ee5e4be393015e4c302848032c插入success
2017-09-04 17:20:57,905 INFO  - 本地库插入2c9f81ee5e4be393015e4c302848032c成功
2017-09-04 17:20:57,905 INFO  - 2c9f81ee5e4be393015e4c302cc3032d插入success
2017-09-04 17:20:57,907 INFO  - 本地库插入2c9f81ee5e4be393015e4c302cc3032d成功
2017-09-04 17:20:57,907 INFO  - 2c9f81ee5e4be393015e4c302fd30330插入success
2017-09-04 17:20:57,908 INFO  - 本地库插入2c9f81ee5e4be393015e4c302fd30330成功
2017-09-04 17:20:57,908 INFO  - 2c9f81ee5e4be393015e4c3034020331插入success
2017-09-04 17:20:57,910 INFO  - 本地库插入2c9f81ee5e4be393015e4c3034020331成功
2017-09-04 17:20:57,910 INFO  - 2c9f81ee5e4be393015e4c3037e80332插入success
2017-09-04 17:20:57,911 INFO  - 本地库插入2c9f81ee5e4be393015e4c3037e80332成功
2017-09-04 17:20:57,911 INFO  - 2c9f81ee5e4be393015e4c303bd00333插入success
2017-09-04 17:20:57,913 INFO  - 本地库插入2c9f81ee5e4be393015e4c303bd00333成功
2017-09-04 17:20:57,913 INFO  - 2c9f81ee5e4be393015e4c303fb80334插入success
2017-09-04 17:20:57,914 INFO  - 本地库插入2c9f81ee5e4be393015e4c303fb80334成功
2017-09-04 17:20:57,914 INFO  - 2c9f81ee5e4be393015e4c30439f0335插入success
2017-09-04 17:20:57,916 INFO  - 本地库插入2c9f81ee5e4be393015e4c30439f0335成功
2017-09-04 17:20:57,916 INFO  - 2c9f81ee5e4be393015e4c3047880336插入success
2017-09-04 17:20:57,917 INFO  - 本地库插入2c9f81ee5e4be393015e4c3047880336成功
2017-09-04 17:20:57,917 INFO  - 2c9f81ee5e4be393015e4c304b6f0337插入success
2017-09-04 17:20:57,918 INFO  - 本地库插入2c9f81ee5e4be393015e4c304b6f0337成功
2017-09-04 17:20:57,918 INFO  - 2c9f81ee5e4be393015e4c304f570338插入success
2017-09-04 17:20:57,920 INFO  - 本地库插入2c9f81ee5e4be393015e4c304f570338成功
2017-09-04 17:20:57,920 INFO  - 2c9f81ee5e4be393015e4c30533d0339插入success
2017-09-04 17:20:57,922 INFO  - 本地库插入2c9f81ee5e4be393015e4c30533d0339成功
2017-09-04 17:20:57,922 INFO  - 2c9f81ee5e4be393015e4c305723033a插入success
2017-09-04 17:20:57,923 INFO  - 本地库插入2c9f81ee5e4be393015e4c305723033a成功
2017-09-04 17:20:57,923 INFO  - 2c9f81ee5e4be393015e4c305aca033b插入success
2017-09-04 17:20:57,924 INFO  - 本地库插入2c9f81ee5e4be393015e4c305aca033b成功
2017-09-04 17:20:57,924 INFO  - 2c9f81ee5e4be393015e4c305ef5033c插入success
2017-09-04 17:20:57,926 INFO  - 本地库插入2c9f81ee5e4be393015e4c305ef5033c成功
2017-09-04 17:20:57,926 INFO  - 2c9f81ee5e4be393015e4c3062db033d插入success
2017-09-04 17:20:57,927 INFO  - 本地库插入2c9f81ee5e4be393015e4c3062db033d成功
2017-09-04 17:20:57,927 INFO  - 2c9f81ee5e4be393015e4c3066c9033e插入success
2017-09-04 17:20:57,929 INFO  - 本地库插入2c9f81ee5e4be393015e4c3066c9033e成功
2017-09-04 17:20:57,929 INFO  - 2c9f81ee5e4be393015e4c306ab1033f插入success
2017-09-04 17:20:57,930 INFO  - 本地库插入2c9f81ee5e4be393015e4c306ab1033f成功
2017-09-04 17:20:57,930 INFO  - 2c9f81ee5e4be393015e4c3072360340插入success
2017-09-04 17:20:57,932 INFO  - 本地库插入2c9f81ee5e4be393015e4c3072360340成功
2017-09-04 17:20:57,932 INFO  - 2c9f81ee5e4be393015e4c3076610341插入success
2017-09-04 17:20:57,933 INFO  - 本地库插入2c9f81ee5e4be393015e4c3076610341成功
2017-09-04 17:20:57,933 INFO  - 2c9f81ee5e4be393015e4c307a4b0342插入success
2017-09-04 17:20:57,934 INFO  - 本地库插入2c9f81ee5e4be393015e4c307a4b0342成功
2017-09-04 17:20:57,934 INFO  - 2c9f81ee5e4be393015e4c307e310343插入success
2017-09-04 17:20:57,936 INFO  - 本地库插入2c9f81ee5e4be393015e4c307e310343成功
2017-09-04 17:20:57,936 INFO  - 2c9f81ee5e4be393015e4c3099a70344插入success
2017-09-04 17:20:57,937 INFO  - 本地库插入2c9f81ee5e4be393015e4c3099a70344成功
2017-09-04 17:20:57,937 INFO  - 2c9f81ee5e4be393015e4c30a59e0349插入success
2017-09-04 17:20:57,939 INFO  - 本地库插入2c9f81ee5e4be393015e4c30a59e0349成功
2017-09-04 17:20:57,939 INFO  - 2c9f81ee5e4be393015e4c30a804034c插入success
2017-09-04 17:20:57,940 INFO  - 本地库插入2c9f81ee5e4be393015e4c30a804034c成功
2017-09-04 17:20:57,940 INFO  - 2c9f81ee5e4be393015e4c30a8ab034d插入success
2017-09-04 17:20:57,942 INFO  - 本地库插入2c9f81ee5e4be393015e4c30a8ab034d成功
2017-09-04 17:20:57,942 INFO  - 2c9f81ee5e4be393015e4c30a951034e插入success
2017-09-04 17:20:57,943 INFO  - 本地库插入2c9f81ee5e4be393015e4c30a951034e成功
2017-09-04 17:20:57,943 INFO  - 2c9f81ee5e4be393015e4c30a9f9034f插入success
2017-09-04 17:20:57,945 INFO  - 本地库插入2c9f81ee5e4be393015e4c30a9f9034f成功
2017-09-04 17:20:57,945 INFO  - 2c9f81ee5e4be393015e4c30aaea0350插入success
2017-09-04 17:20:57,946 INFO  - 本地库插入2c9f81ee5e4be393015e4c30aaea0350成功
2017-09-04 17:20:57,946 INFO  - 2c9f81ee5e4be393015e4c30ad110351插入success
2017-09-04 17:20:57,948 INFO  - 本地库插入2c9f81ee5e4be393015e4c30ad110351成功
2017-09-04 17:20:57,948 INFO  - 2c9f81ee5e4be393015e4c30b0f80352插入success
2017-09-04 17:20:57,949 INFO  - 本地库插入2c9f81ee5e4be393015e4c30b0f80352成功
2017-09-04 17:20:57,949 INFO  - 2c9f81ee5e4be393015e4c30b4e30353插入success
2017-09-04 17:20:57,951 INFO  - 本地库插入2c9f81ee5e4be393015e4c30b4e30353成功
2017-09-04 17:20:57,951 INFO  - 2c9f81ee5e4be393015e4c30b8d20354插入success
2017-09-04 17:20:57,952 INFO  - 本地库插入2c9f81ee5e4be393015e4c30b8d20354成功
2017-09-04 17:20:57,952 INFO  - 2c9f81ee5e4be393015e4c30bcb30355插入success
2017-09-04 17:20:57,953 INFO  - 本地库插入2c9f81ee5e4be393015e4c30bcb30355成功
2017-09-04 17:20:57,953 INFO  - 2c9f81ee5e4be393015e4c30c09b0356插入success
2017-09-04 17:20:57,955 INFO  - 本地库插入2c9f81ee5e4be393015e4c30c09b0356成功
2017-09-04 17:20:57,955 INFO  - 2c9f81ee5e4be393015e4c30c4780357插入success
2017-09-04 17:20:57,956 INFO  - 本地库插入2c9f81ee5e4be393015e4c30c4780357成功
2017-09-04 17:20:57,956 INFO  - 2c9f81ee5e4be393015e4c30c86d0358插入success
2017-09-04 17:20:57,958 INFO  - 本地库插入2c9f81ee5e4be393015e4c30c86d0358成功
2017-09-04 17:20:57,958 INFO  - 2c9f81ee5e4be393015e4c30cc530359插入success
2017-09-04 17:20:57,959 INFO  - 本地库插入2c9f81ee5e4be393015e4c30cc530359成功
2017-09-04 17:20:57,959 INFO  - 2c9f81ee5e4be393015e4c30d035035a插入success
2017-09-04 17:20:57,961 INFO  - 本地库插入2c9f81ee5e4be393015e4c30d035035a成功
2017-09-04 17:20:57,961 INFO  - 2c9f81ee5e4be393015e4c30d422035b插入success
2017-09-04 17:20:57,962 INFO  - 本地库插入2c9f81ee5e4be393015e4c30d422035b成功
2017-09-04 17:20:57,963 INFO  - 2c9f81ee5e4be393015e4c30d80a035c插入success
2017-09-04 17:20:57,964 INFO  - 本地库插入2c9f81ee5e4be393015e4c30d80a035c成功
2017-09-04 17:20:57,964 INFO  - 2c9f81ee5e4be393015e4c30e670035d插入success
2017-09-04 17:20:57,965 INFO  - 本地库插入2c9f81ee5e4be393015e4c30e670035d成功
2017-09-04 17:20:57,965 INFO  - 2c9f81ee5e4be393015e4c30e9f00362插入success
2017-09-04 17:20:57,967 INFO  - 本地库插入2c9f81ee5e4be393015e4c30e9f00362成功
2017-09-04 17:20:57,967 INFO  - 2c9f81ee5e4be393015e4c30f6da0363插入success
2017-09-04 17:20:57,968 INFO  - 本地库插入2c9f81ee5e4be393015e4c30f6da0363成功
2017-09-04 17:20:57,968 INFO  - 2c9f81ee5e4be393015e4c30f9300366插入success
2017-09-04 17:20:57,970 INFO  - 本地库插入2c9f81ee5e4be393015e4c30f9300366成功
2017-09-04 17:20:57,970 INFO  - 2c9f81ee5e4be393015e4c30f9d90367插入success
2017-09-04 17:20:57,971 INFO  - 本地库插入2c9f81ee5e4be393015e4c30f9d90367成功
2017-09-04 17:20:57,971 INFO  - 2c9f81ee5e4be393015e4c30fa820368插入success
2017-09-04 17:20:57,973 INFO  - 本地库插入2c9f81ee5e4be393015e4c30fa820368成功
2017-09-04 17:20:57,973 INFO  - 2c9f81ee5e4be393015e4c30fae90369插入success
2017-09-04 17:20:57,974 INFO  - 本地库插入2c9f81ee5e4be393015e4c30fae90369成功
2017-09-04 17:20:57,974 INFO  - 2c9f81ee5e4be393015e4c30fbdd036a插入success
2017-09-04 17:20:57,976 INFO  - 本地库插入2c9f81ee5e4be393015e4c30fbdd036a成功
2017-09-04 17:20:57,976 INFO  - 2c9f81ee5e4be393015e4c30ff19036b插入success
2017-09-04 17:20:57,977 INFO  - 本地库插入2c9f81ee5e4be393015e4c30ff19036b成功
2017-09-04 17:20:57,977 INFO  - 2c9f81ee5e4be393015e4c3102be036c插入success
2017-09-04 17:20:57,979 INFO  - 本地库插入2c9f81ee5e4be393015e4c3102be036c成功
2017-09-04 17:20:57,979 INFO  - 2c9f81ee5e4be393015e4c3106a5036d插入success
2017-09-04 17:20:57,980 INFO  - 本地库插入2c9f81ee5e4be393015e4c3106a5036d成功
2017-09-04 17:20:57,980 INFO  - 2c9f81ee5e4be393015e4c310ad2036e插入success
2017-09-04 17:20:57,981 INFO  - 本地库插入2c9f81ee5e4be393015e4c310ad2036e成功
2017-09-04 17:20:57,981 INFO  - 2c9f81ee5e4be393015e4c310ec4036f插入success
2017-09-04 17:20:57,983 INFO  - 本地库插入2c9f81ee5e4be393015e4c310ec4036f成功
2017-09-04 17:20:57,983 INFO  - 2c9f81ee5e4be393015e4c3112a10370插入success
2017-09-04 17:20:57,984 INFO  - 本地库插入2c9f81ee5e4be393015e4c3112a10370成功
2017-09-04 17:20:57,984 INFO  - 2c9f81ee5e4be393015e4c3116970371插入success
2017-09-04 17:20:57,986 INFO  - 本地库插入2c9f81ee5e4be393015e4c3116970371成功
2017-09-04 17:21:05,793 INFO  - 2c9f81ee5e4be393015e4c31313a0372插入success
2017-09-04 17:21:05,796 INFO  - 本地库插入2c9f81ee5e4be393015e4c31313a0372成功
2017-09-04 17:21:06,391 INFO  - 2c9f81ee5e4be393015e4c31360d0379插入success
2017-09-04 17:21:06,394 INFO  - 本地库插入2c9f81ee5e4be393015e4c31360d0379成功
2017-09-04 17:21:06,711 INFO  - 2c9f81ee5e4be393015e4c313861037a插入success
2017-09-04 17:21:06,714 INFO  - 本地库插入2c9f81ee5e4be393015e4c313861037a成功
2017-09-04 17:21:06,891 INFO  - 2c9f81ee5e4be393015e4c3139a1037b插入success
2017-09-04 17:21:06,893 INFO  - 本地库插入2c9f81ee5e4be393015e4c3139a1037b成功
2017-09-04 17:21:07,068 INFO  - 2c9f81ee5e4be393015e4c313a55037c插入success
2017-09-04 17:21:07,072 INFO  - 本地库插入2c9f81ee5e4be393015e4c313a55037c成功
2017-09-04 17:21:07,240 INFO  - 2c9f81ee5e4be393015e4c313b07037d插入success
2017-09-04 17:21:07,243 INFO  - 本地库插入2c9f81ee5e4be393015e4c313b07037d成功
2017-09-04 18:10:58,774 INFO  - 2c9f81ee5e4be393015e4c5a171d037e插入success
2017-09-04 18:10:58,802 INFO  - 本地库插入2c9f81ee5e4be393015e4c5a171d037e成功
2017-09-04 18:10:58,802 INFO  - 2c9f81ee5e4be393015e4c5a1738037f插入success
2017-09-04 18:10:58,804 INFO  - 本地库插入2c9f81ee5e4be393015e4c5a1738037f成功
2017-09-04 18:10:58,804 INFO  - 2c9f81ee5e4be393015e4c5a18300380插入success
2017-09-04 18:10:58,806 INFO  - 本地库插入2c9f81ee5e4be393015e4c5a18300380成功
2017-09-04 18:10:58,806 INFO  - 2c9f81ee5e4be393015e4c5a18590381插入success
2017-09-04 18:10:58,808 INFO  - 本地库插入2c9f81ee5e4be393015e4c5a18590381成功
2017-09-04 18:10:58,808 INFO  - 2c9f81ee5e4be393015e4c5a18dc0382插入success
2017-09-04 18:10:58,810 INFO  - 本地库插入2c9f81ee5e4be393015e4c5a18dc0382成功
2017-09-04 18:10:58,810 INFO  - 2c9f81ee5e4be393015e4c5a19180383插入success
2017-09-04 18:10:58,812 INFO  - 本地库插入2c9f81ee5e4be393015e4c5a19180383成功
2017-09-04 18:10:58,812 INFO  - 2c9f81ee5e4be393015e4c5a197e0384插入success
2017-09-04 18:10:58,814 INFO  - 本地库插入2c9f81ee5e4be393015e4c5a197e0384成功
2017-09-04 18:10:58,814 INFO  - 2c9f81ee5e4be393015e4c5a19d50385插入success
2017-09-04 18:10:58,815 INFO  - 本地库插入2c9f81ee5e4be393015e4c5a19d50385成功
2017-09-04 18:10:58,816 INFO  - 2c9f81ee5e4be393015e4c5a1ac10386插入success
2017-09-04 18:10:58,817 INFO  - 本地库插入2c9f81ee5e4be393015e4c5a1ac10386成功
2017-09-04 18:10:58,817 INFO  - 2c9f81ee5e4be393015e4c5a1cd60387插入success
2017-09-04 18:10:58,819 INFO  - 本地库插入2c9f81ee5e4be393015e4c5a1cd60387成功
2017-09-04 18:10:58,819 INFO  - 2c9f81ee5e4be393015e4c5a1eec0388插入success
2017-09-04 18:10:58,821 INFO  - 本地库插入2c9f81ee5e4be393015e4c5a1eec0388成功
2017-09-04 18:10:58,821 INFO  - 2c9f81ee5e4be393015e4c5a21010389插入success
2017-09-04 18:10:58,823 INFO  - 本地库插入2c9f81ee5e4be393015e4c5a21010389成功
2017-09-04 18:10:58,823 INFO  - 2c9f81ee5e4be393015e4c5a2316038a插入success
2017-09-04 18:10:58,825 INFO  - 本地库插入2c9f81ee5e4be393015e4c5a2316038a成功
2017-09-04 18:10:58,825 INFO  - 2c9f81ee5e4be393015e4c5a2529038b插入success
2017-09-04 18:10:58,827 INFO  - 本地库插入2c9f81ee5e4be393015e4c5a2529038b成功
2017-09-04 18:10:58,827 INFO  - 2c9f81ee5e4be393015e4c5a273c038c插入success
2017-09-04 18:10:58,828 INFO  - 本地库插入2c9f81ee5e4be393015e4c5a273c038c成功
2017-09-04 18:10:58,829 INFO  - 2c9f81ee5e4be393015e4c5a295f038d插入success
2017-09-04 18:10:58,830 INFO  - 本地库插入2c9f81ee5e4be393015e4c5a295f038d成功
2017-09-04 18:10:58,831 INFO  - 2c9f81ee5e4be393015e4c5a2b61038e插入success
2017-09-04 18:10:58,832 INFO  - 本地库插入2c9f81ee5e4be393015e4c5a2b61038e成功
2017-09-04 18:10:58,832 INFO  - 2c9f81ee5e4be393015e4c5a2d78038f插入success
2017-09-04 18:10:58,834 INFO  - 本地库插入2c9f81ee5e4be393015e4c5a2d78038f成功
2017-09-04 18:10:58,834 INFO  - 2c9f81ee5e4be393015e4c5a2f890390插入success
2017-09-04 18:10:58,836 INFO  - 本地库插入2c9f81ee5e4be393015e4c5a2f890390成功
2017-09-04 18:10:58,836 INFO  - 2c9f81ee5e4be393015e4c5a31a00391插入success
2017-09-04 18:10:58,838 INFO  - 本地库插入2c9f81ee5e4be393015e4c5a31a00391成功
2017-09-04 18:10:58,838 INFO  - 2c9f81ee5e4be393015e4c5a33b40392插入success
2017-09-04 18:10:58,840 INFO  - 本地库插入2c9f81ee5e4be393015e4c5a33b40392成功
2017-09-04 18:10:58,840 INFO  - 2c9f81ee5e4be393015e4c5a35bb0393插入success
2017-09-04 18:10:58,842 INFO  - 本地库插入2c9f81ee5e4be393015e4c5a35bb0393成功
2017-09-04 18:10:58,842 INFO  - 2c9f81ee5e4be393015e4c5a39a90394插入success
2017-09-04 18:10:58,843 INFO  - 本地库插入2c9f81ee5e4be393015e4c5a39a90394成功
2017-09-04 18:10:58,844 INFO  - 2c9f81ee5e4be393015e4c5a3d8b0395插入success
2017-09-04 18:10:58,845 INFO  - 本地库插入2c9f81ee5e4be393015e4c5a3d8b0395成功
2017-09-04 18:10:58,845 INFO  - 2c9f81ee5e4be393015e4c5a41730396插入success
2017-09-04 18:10:58,847 INFO  - 本地库插入2c9f81ee5e4be393015e4c5a41730396成功
2017-09-04 18:10:58,847 INFO  - 2c9f81ee5e4be393015e4c5a455c0397插入success
2017-09-04 18:10:58,849 INFO  - 本地库插入2c9f81ee5e4be393015e4c5a455c0397成功
2017-09-04 18:10:58,849 INFO  - 2c9f81ee5e4be393015e4c5a49430398插入success
2017-09-04 18:10:58,851 INFO  - 本地库插入2c9f81ee5e4be393015e4c5a49430398成功
2017-09-04 18:10:58,851 INFO  - 2c9f81ee5e4be393015e4c5a4d2c0399插入success
2017-09-04 18:10:58,853 INFO  - 本地库插入2c9f81ee5e4be393015e4c5a4d2c0399成功
2017-09-04 18:10:58,853 INFO  - 2c9f81ee5e4be393015e4c5a5110039a插入success
2017-09-04 18:10:58,855 INFO  - 本地库插入2c9f81ee5e4be393015e4c5a5110039a成功
2017-09-04 18:10:58,855 INFO  - 2c9f81ee5e4be393015e4c5a54fb039b插入success
2017-09-04 18:10:58,856 INFO  - 本地库插入2c9f81ee5e4be393015e4c5a54fb039b成功
2017-09-04 18:10:58,856 INFO  - 2c9f81ee5e4be393015e4c5a58e1039c插入success
2017-09-04 18:10:58,858 INFO  - 本地库插入2c9f81ee5e4be393015e4c5a58e1039c成功
2017-09-04 18:10:58,858 INFO  - 2c9f81ee5e4be393015e4c5a5cc8039d插入success
2017-09-04 18:10:58,859 INFO  - 本地库插入2c9f81ee5e4be393015e4c5a5cc8039d成功
2017-09-04 18:10:58,859 INFO  - 2c9f81ee5e4be393015e4c5a60b0039e插入success
2017-09-04 18:10:58,860 INFO  - 本地库插入2c9f81ee5e4be393015e4c5a60b0039e成功
2017-09-04 18:10:58,861 INFO  - 2c9f81ee5e4be393015e4c5a649c039f插入success
2017-09-04 18:10:58,862 INFO  - 本地库插入2c9f81ee5e4be393015e4c5a649c039f成功
2017-09-04 18:10:58,862 INFO  - 2c9f81ee5e4be393015e4c5a688203a0插入success
2017-09-04 18:10:58,864 INFO  - 本地库插入2c9f81ee5e4be393015e4c5a688203a0成功
2017-09-04 18:10:58,864 INFO  - 2c9f81ee5e4be393015e4c5a6c6a03a1插入success
2017-09-04 18:10:58,865 INFO  - 本地库插入2c9f81ee5e4be393015e4c5a6c6a03a1成功
2017-09-04 18:10:58,865 INFO  - 2c9f81ee5e4be393015e4c5a705203a2插入success
2017-09-04 18:10:58,866 INFO  - 本地库插入2c9f81ee5e4be393015e4c5a705203a2成功
2017-09-04 18:10:58,866 INFO  - 2c9f81ee5e4be393015e4c5a743c03a3插入success
2017-09-04 18:10:58,868 INFO  - 本地库插入2c9f81ee5e4be393015e4c5a743c03a3成功
2017-09-04 18:10:58,868 INFO  - 2c9f81ee5e4be393015e4c5a782303a4插入success
2017-09-04 18:10:58,869 INFO  - 本地库插入2c9f81ee5e4be393015e4c5a782303a4成功
2017-09-04 18:10:58,869 INFO  - 2c9f81ee5e4be393015e4c5a7c0c03a5插入success
2017-09-04 18:10:58,871 INFO  - 本地库插入2c9f81ee5e4be393015e4c5a7c0c03a5成功
2017-09-04 18:10:58,871 INFO  - 2c9f81ee5e4be393015e4c5a7ff303a6插入success
2017-09-04 18:10:58,872 INFO  - 本地库插入2c9f81ee5e4be393015e4c5a7ff303a6成功
2017-09-04 18:10:58,872 INFO  - 2c9f81ee5e4be393015e4c5a83db03a7插入success
2017-09-04 18:10:58,874 INFO  - 本地库插入2c9f81ee5e4be393015e4c5a83db03a7成功
2017-09-04 18:10:58,874 INFO  - 2c9f81ee5e4be393015e4c5a87c303a8插入success
2017-09-04 18:10:58,875 INFO  - 本地库插入2c9f81ee5e4be393015e4c5a87c303a8成功
2017-09-04 18:10:58,875 INFO  - 2c9f81ee5e4be393015e4c5a8bab03a9插入success
2017-09-04 18:10:58,877 INFO  - 本地库插入2c9f81ee5e4be393015e4c5a8bab03a9成功
2017-09-04 18:10:58,877 INFO  - 2c9f81ee5e4be393015e4c5a8f5403aa插入success
2017-09-04 18:10:58,878 INFO  - 本地库插入2c9f81ee5e4be393015e4c5a8f5403aa成功
2017-09-04 18:10:58,878 INFO  - 2c9f81ee5e4be393015e4c5a937c03ab插入success
2017-09-04 18:10:58,880 INFO  - 本地库插入2c9f81ee5e4be393015e4c5a937c03ab成功
2017-09-04 18:10:58,880 INFO  - 2c9f81ee5e4be393015e4c5a972403ac插入success
2017-09-04 18:10:58,881 INFO  - 本地库插入2c9f81ee5e4be393015e4c5a972403ac成功
2017-09-04 18:10:58,882 INFO  - 2c9f81ee5e4be393015e4c5a9b4c03ad插入success
2017-09-04 18:10:58,883 INFO  - 本地库插入2c9f81ee5e4be393015e4c5a9b4c03ad成功
2017-09-04 18:10:58,883 INFO  - 2c9f81ee5e4be393015e4c5a9ef503ae插入success
2017-09-04 18:10:58,884 INFO  - 本地库插入2c9f81ee5e4be393015e4c5a9ef503ae成功
2017-09-04 18:10:58,884 INFO  - 2c9f81ee5e4be393015e4c5aa2de03af插入success
2017-09-04 18:10:58,886 INFO  - 本地库插入2c9f81ee5e4be393015e4c5aa2de03af成功
2017-09-04 18:10:58,886 INFO  - 2c9f81ee5e4be393015e4c5aa70203b0插入success
2017-09-04 18:10:58,888 INFO  - 本地库插入2c9f81ee5e4be393015e4c5aa70203b0成功
2017-09-04 18:10:58,888 INFO  - 2c9f81ee5e4be393015e4c5aaaac03b1插入success
2017-09-04 18:10:58,889 INFO  - 本地库插入2c9f81ee5e4be393015e4c5aaaac03b1成功
2017-09-04 18:10:58,889 INFO  - 2c9f81ee5e4be393015e4c5aaed403b2插入success
2017-09-04 18:10:58,891 INFO  - 本地库插入2c9f81ee5e4be393015e4c5aaed403b2成功
2017-09-04 18:10:58,891 INFO  - 2c9f81ee5e4be393015e4c5ab2bc03b3插入success
2017-09-04 18:10:58,892 INFO  - 本地库插入2c9f81ee5e4be393015e4c5ab2bc03b3成功
2017-09-04 18:10:58,892 INFO  - 2c9f81ee5e4be393015e4c5ab66503b4插入success
2017-09-04 18:10:58,894 INFO  - 本地库插入2c9f81ee5e4be393015e4c5ab66503b4成功
2017-09-04 18:10:58,894 INFO  - 2c9f81ee5e4be393015e4c5aba8b03b5插入success
2017-09-04 18:10:58,895 INFO  - 本地库插入2c9f81ee5e4be393015e4c5aba8b03b5成功
2017-09-04 18:10:58,895 INFO  - 2c9f81ee5e4be393015e4c5abe7303b6插入success
2017-09-04 18:10:58,897 INFO  - 本地库插入2c9f81ee5e4be393015e4c5abe7303b6成功
2017-09-04 18:10:58,897 INFO  - 2c9f81ee5e4be393015e4c5ac25b03b7插入success
2017-09-04 18:10:58,898 INFO  - 本地库插入2c9f81ee5e4be393015e4c5ac25b03b7成功
2017-09-04 18:10:58,898 INFO  - 2c9f81ee5e4be393015e4c5ac64403b8插入success
2017-09-04 18:10:58,900 INFO  - 本地库插入2c9f81ee5e4be393015e4c5ac64403b8成功
2017-09-04 18:10:58,900 INFO  - 2c9f81ee5e4be393015e4c5aca2b03b9插入success
2017-09-04 18:10:58,901 INFO  - 本地库插入2c9f81ee5e4be393015e4c5aca2b03b9成功
2017-09-04 18:10:58,901 INFO  - 2c9f81ee5e4be393015e4c5ace1303ba插入success
2017-09-04 18:10:58,903 INFO  - 本地库插入2c9f81ee5e4be393015e4c5ace1303ba成功
2017-09-04 18:10:58,903 INFO  - 2c9f81ee5e4be393015e4c5ad1fb03bb插入success
2017-09-04 18:10:58,904 INFO  - 本地库插入2c9f81ee5e4be393015e4c5ad1fb03bb成功
2017-09-04 18:10:58,904 INFO  - 2c9f81ee5e4be393015e4c5ad5e303bc插入success
2017-09-04 18:10:58,906 INFO  - 本地库插入2c9f81ee5e4be393015e4c5ad5e303bc成功
2017-09-04 18:10:58,906 INFO  - 2c9f81ee5e4be393015e4c5ad9cd03bd插入success
2017-09-04 18:10:58,907 INFO  - 本地库插入2c9f81ee5e4be393015e4c5ad9cd03bd成功
2017-09-04 18:10:58,907 INFO  - 2c9f81ee5e4be393015e4c5addb303be插入success
2017-09-04 18:10:58,909 INFO  - 本地库插入2c9f81ee5e4be393015e4c5addb303be成功
2017-09-04 18:10:58,909 INFO  - 2c9f81ee5e4be393015e4c5ae58003bf插入success
2017-09-04 18:10:58,911 INFO  - 本地库插入2c9f81ee5e4be393015e4c5ae58003bf成功
2017-09-04 18:10:58,911 INFO  - 2c9f81ee5e4be393015e4c5ae93203c0插入success
2017-09-04 18:10:58,912 INFO  - 本地库插入2c9f81ee5e4be393015e4c5ae93203c0成功
2017-09-04 18:10:58,912 INFO  - 2c9f81ee5e4be393015e4c5aed1c03c2插入success
2017-09-04 18:10:58,914 INFO  - 本地库插入2c9f81ee5e4be393015e4c5aed1c03c2成功
2017-09-04 18:10:58,914 INFO  - 2c9f81ee5e4be393015e4c5aecce03c1插入success
2017-09-04 18:10:58,915 INFO  - 本地库插入2c9f81ee5e4be393015e4c5aecce03c1成功
2017-09-04 18:10:58,915 INFO  - 2c9f81ee5e4be393015e4c5af0fc03c5插入success
2017-09-04 18:10:58,917 INFO  - 本地库插入2c9f81ee5e4be393015e4c5af0fc03c5成功
2017-09-04 18:10:58,917 INFO  - 2c9f81ee5e4be393015e4c5af4e503c6插入success
2017-09-04 18:10:58,918 INFO  - 本地库插入2c9f81ee5e4be393015e4c5af4e503c6成功
2017-09-04 18:10:58,918 INFO  - 2c9f81ee5e4be393015e4c5af8cd03c7插入success
2017-09-04 18:10:58,919 INFO  - 本地库插入2c9f81ee5e4be393015e4c5af8cd03c7成功
2017-09-04 18:10:58,920 INFO  - 2c9f81ee5e4be393015e4c5afcb403c8插入success
2017-09-04 18:10:58,921 INFO  - 本地库插入2c9f81ee5e4be393015e4c5afcb403c8成功
2017-09-04 18:10:58,921 INFO  - 2c9f81ee5e4be393015e4c5b009c03c9插入success
2017-09-04 18:10:58,922 INFO  - 本地库插入2c9f81ee5e4be393015e4c5b009c03c9成功
2017-09-04 18:10:58,922 INFO  - 2c9f81ee5e4be393015e4c5b048503ca插入success
2017-09-04 18:10:58,924 INFO  - 本地库插入2c9f81ee5e4be393015e4c5b048503ca成功
2017-09-04 18:10:58,924 INFO  - 2c9f81ee5e4be393015e4c5b0ca403cb插入success
2017-09-04 18:10:58,925 INFO  - 本地库插入2c9f81ee5e4be393015e4c5b0ca403cb成功
2017-09-04 18:10:58,925 INFO  - 2c9f81ee5e4be393015e4c5b108503cd插入success
2017-09-04 18:10:58,927 INFO  - 本地库插入2c9f81ee5e4be393015e4c5b108503cd成功
2017-09-04 18:10:58,927 INFO  - 2c9f81ee5e4be393015e4c5b105103cc插入success
2017-09-04 18:10:58,928 INFO  - 本地库插入2c9f81ee5e4be393015e4c5b105103cc成功
2017-09-04 18:10:58,929 INFO  - 2c9f81ee5e4be393015e4c5b147c03d0插入success
2017-09-04 18:10:58,930 INFO  - 本地库插入2c9f81ee5e4be393015e4c5b147c03d0成功
2017-09-04 18:10:58,930 INFO  - 2c9f81ee5e4be393015e4c5b184b03d1插入success
2017-09-04 18:10:58,931 INFO  - 本地库插入2c9f81ee5e4be393015e4c5b184b03d1成功
2017-09-04 18:10:58,931 INFO  - 2c9f81ee5e4be393015e4c5b1c3303d2插入success
2017-09-04 18:10:58,933 INFO  - 本地库插入2c9f81ee5e4be393015e4c5b1c3303d2成功
2017-09-04 18:10:58,933 INFO  - 2c9f81ee5e4be393015e4c5b201b03d3插入success
2017-09-04 18:10:58,934 INFO  - 本地库插入2c9f81ee5e4be393015e4c5b201b03d3成功
2017-09-04 18:10:58,934 INFO  - 2c9f81ee5e4be393015e4c5b27fb03d4插入success
2017-09-04 18:10:58,936 INFO  - 本地库插入2c9f81ee5e4be393015e4c5b27fb03d4成功
2017-09-04 18:10:58,936 INFO  - 2c9f81ee5e4be393015e4c5b2be203d6插入success
2017-09-04 18:10:58,937 INFO  - 本地库插入2c9f81ee5e4be393015e4c5b2be203d6成功
2017-09-04 18:10:58,937 INFO  - 2c9f81ee5e4be393015e4c5b29bf03d5插入success
2017-09-04 18:10:58,939 INFO  - 本地库插入2c9f81ee5e4be393015e4c5b29bf03d5成功
2017-09-04 18:10:58,939 INFO  - 2c9f81ee5e4be393015e4c5b2fbb03d9插入success
2017-09-04 18:10:58,940 INFO  - 本地库插入2c9f81ee5e4be393015e4c5b2fbb03d9成功
2017-09-04 18:10:58,940 INFO  - 2c9f81ee5e4be393015e4c5b379a03da插入success
2017-09-04 18:10:58,942 INFO  - 本地库插入2c9f81ee5e4be393015e4c5b379a03da成功
2017-09-04 18:10:58,942 INFO  - 2c9f81ee5e4be393015e4c5b3b8203db插入success
2017-09-04 18:10:58,944 INFO  - 本地库插入2c9f81ee5e4be393015e4c5b3b8203db成功
2017-09-04 18:10:58,944 INFO  - 2c9f81ee5e4be393015e4c5b3f6a03dc插入success
2017-09-04 18:10:58,945 INFO  - 本地库插入2c9f81ee5e4be393015e4c5b3f6a03dc成功
2017-09-04 18:10:58,945 INFO  - 2c9f81ee5e4be393015e4c5b404603dd插入success
2017-09-04 18:10:58,947 INFO  - 本地库插入2c9f81ee5e4be393015e4c5b404603dd成功
2017-09-04 18:10:58,947 INFO  - 2c9f81ee5e4be393015e4c5b472903e2插入success
2017-09-04 18:10:58,948 INFO  - 本地库插入2c9f81ee5e4be393015e4c5b472903e2成功
2017-09-04 18:10:58,948 INFO  - 2c9f81ee5e4be393015e4c5b4b1303e3插入success
2017-09-04 18:10:58,950 INFO  - 本地库插入2c9f81ee5e4be393015e4c5b4b1303e3成功
2017-09-04 18:10:58,950 INFO  - 2c9f81ee5e4be393015e4c5b4c5f03e4插入success
2017-09-04 18:10:58,951 INFO  - 本地库插入2c9f81ee5e4be393015e4c5b4c5f03e4成功
2017-09-04 18:10:58,951 INFO  - 2c9f81ee5e4be393015e4c5b4f1c03e7插入success
2017-09-04 18:10:58,953 INFO  - 本地库插入2c9f81ee5e4be393015e4c5b4f1c03e7成功
2017-09-04 18:10:58,953 INFO  - 2c9f81ee5e4be393015e4c5b52e003e8插入success
2017-09-04 18:10:58,954 INFO  - 本地库插入2c9f81ee5e4be393015e4c5b52e003e8成功
2017-09-04 18:10:58,954 INFO  - 2c9f81ee5e4be393015e4c5b56c703e9插入success
2017-09-04 18:10:58,956 INFO  - 本地库插入2c9f81ee5e4be393015e4c5b56c703e9成功
2017-09-04 18:10:58,956 INFO  - 2c9f81ee5e4be393015e4c5b5ab403ea插入success
2017-09-04 18:10:58,957 INFO  - 本地库插入2c9f81ee5e4be393015e4c5b5ab403ea成功
2017-09-04 18:10:58,957 INFO  - 2c9f81ee5e4be393015e4c5b5e9c03eb插入success
2017-09-04 18:10:58,959 INFO  - 本地库插入2c9f81ee5e4be393015e4c5b5e9c03eb成功
2017-09-04 18:10:58,959 INFO  - 2c9f81ee5e4be393015e4c5b627f03ec插入success
2017-09-04 18:10:58,960 INFO  - 本地库插入2c9f81ee5e4be393015e4c5b627f03ec成功
2017-09-04 18:10:58,960 INFO  - 2c9f81ee5e4be393015e4c5b662f03ed插入success
2017-09-04 18:10:58,962 INFO  - 本地库插入2c9f81ee5e4be393015e4c5b662f03ed成功
2017-09-04 18:10:58,962 INFO  - 2c9f81ee5e4be393015e4c5b6a1503ee插入success
2017-09-04 18:10:58,963 INFO  - 本地库插入2c9f81ee5e4be393015e4c5b6a1503ee成功
2017-09-04 18:10:58,963 INFO  - 2c9f81ee5e4be393015e4c5b6e4303ef插入success
2017-09-04 18:10:58,965 INFO  - 本地库插入2c9f81ee5e4be393015e4c5b6e4303ef成功
2017-09-04 18:10:58,965 INFO  - 2c9f81ee5e4be393015e4c5b722503f0插入success
2017-09-04 18:10:58,966 INFO  - 本地库插入2c9f81ee5e4be393015e4c5b722503f0成功
2017-09-04 18:10:58,966 INFO  - 2c9f81ee5e4be393015e4c5b760c03f1插入success
2017-09-04 18:10:58,968 INFO  - 本地库插入2c9f81ee5e4be393015e4c5b760c03f1成功
2017-09-04 18:10:58,968 INFO  - 2c9f81ee5e4be393015e4c5b79f503f2插入success
2017-09-04 18:10:58,969 INFO  - 本地库插入2c9f81ee5e4be393015e4c5b79f503f2成功
2017-09-04 18:10:58,969 INFO  - 2c9f81ee5e4be393015e4c5b7d9903f3插入success
2017-09-04 18:10:58,971 INFO  - 本地库插入2c9f81ee5e4be393015e4c5b7d9903f3成功
2017-09-04 18:10:58,971 INFO  - 2c9f81ee5e4be393015e4c5b81c003f4插入success
2017-09-04 18:10:58,972 INFO  - 本地库插入2c9f81ee5e4be393015e4c5b81c003f4成功
2017-09-04 18:10:58,972 INFO  - 2c9f81ee5e4be393015e4c5b85ac03f5插入success
2017-09-04 18:10:58,973 INFO  - 本地库插入2c9f81ee5e4be393015e4c5b85ac03f5成功
2017-09-04 18:10:58,973 INFO  - 2c9f81ee5e4be393015e4c5b899303f6插入success
2017-09-04 18:10:58,975 INFO  - 本地库插入2c9f81ee5e4be393015e4c5b899303f6成功
2017-09-04 18:10:58,975 INFO  - 2c9f81ee5e4be393015e4c5b8d7b03f7插入success
2017-09-04 18:10:58,976 INFO  - 本地库插入2c9f81ee5e4be393015e4c5b8d7b03f7成功
2017-09-04 18:10:58,976 INFO  - 2c9f81ee5e4be393015e4c5b912503f8插入success
2017-09-04 18:10:58,978 INFO  - 本地库插入2c9f81ee5e4be393015e4c5b912503f8成功
2017-09-04 18:10:58,978 INFO  - 2c9f81ee5e4be393015e4c5b954c03f9插入success
2017-09-04 18:10:58,979 INFO  - 本地库插入2c9f81ee5e4be393015e4c5b954c03f9成功
2017-09-04 18:10:58,979 INFO  - 2c9f81ee5e4be393015e4c5b993403fa插入success
2017-09-04 18:10:58,981 INFO  - 本地库插入2c9f81ee5e4be393015e4c5b993403fa成功
2017-09-04 18:10:58,981 INFO  - 2c9f81ee5e4be393015e4c5b9d1903fb插入success
2017-09-04 18:10:58,982 INFO  - 本地库插入2c9f81ee5e4be393015e4c5b9d1903fb成功
2017-09-04 18:10:58,982 INFO  - 2c9f81ee5e4be393015e4c5ba10403fc插入success
2017-09-04 18:10:58,984 INFO  - 本地库插入2c9f81ee5e4be393015e4c5ba10403fc成功
2017-09-04 18:10:58,984 INFO  - 2c9f81ee5e4be393015e4c5ba53303fd插入success
2017-09-04 18:10:58,985 INFO  - 本地库插入2c9f81ee5e4be393015e4c5ba53303fd成功
2017-09-04 18:10:58,985 INFO  - 2c9f81ee5e4be393015e4c5ba89d03fe插入success
2017-09-04 18:10:58,986 INFO  - 本地库插入2c9f81ee5e4be393015e4c5ba89d03fe成功
2017-09-04 18:10:58,986 INFO  - 2c9f81ee5e4be393015e4c5bacc503ff插入success
2017-09-04 18:10:58,988 INFO  - 本地库插入2c9f81ee5e4be393015e4c5bacc503ff成功
2017-09-04 18:10:58,988 INFO  - 2c9f81ee5e4be393015e4c5bb0af0400插入success
2017-09-04 18:10:58,989 INFO  - 本地库插入2c9f81ee5e4be393015e4c5bb0af0400成功
2017-09-04 18:10:58,989 INFO  - 2c9f81ee5e4be393015e4c5bb49d0401插入success
2017-09-04 18:10:58,991 INFO  - 本地库插入2c9f81ee5e4be393015e4c5bb49d0401成功
2017-09-04 18:10:58,991 INFO  - 2c9f81ee5e4be393015e4c5bb87f0402插入success
2017-09-04 18:10:58,992 INFO  - 本地库插入2c9f81ee5e4be393015e4c5bb87f0402成功
2017-09-04 18:10:58,992 INFO  - 2c9f81ee5e4be393015e4c5bbc640403插入success
2017-09-04 18:10:58,994 INFO  - 本地库插入2c9f81ee5e4be393015e4c5bbc640403成功
2017-09-04 18:10:58,994 INFO  - 2c9f81ee5e4be393015e4c5bc0500404插入success
2017-09-04 18:10:58,995 INFO  - 本地库插入2c9f81ee5e4be393015e4c5bc0500404成功
2017-09-04 18:10:58,995 INFO  - 2c9f81ee5e4be393015e4c5bc5b70405插入success
2017-09-04 18:10:58,997 INFO  - 本地库插入2c9f81ee5e4be393015e4c5bc5b70405成功
2017-09-04 18:10:58,997 INFO  - 2c9f81ee5e4be393015e4c5bc8480408插入success
2017-09-04 18:10:58,998 INFO  - 本地库插入2c9f81ee5e4be393015e4c5bc8480408成功
2017-09-04 18:10:58,998 INFO  - 2c9f81ee5e4be393015e4c5bcc050409插入success
2017-09-04 18:10:59,000 INFO  - 本地库插入2c9f81ee5e4be393015e4c5bcc050409成功
2017-09-04 18:10:59,000 INFO  - 2c9f81ee5e4be393015e4c5bcfee040a插入success
2017-09-04 18:10:59,001 INFO  - 本地库插入2c9f81ee5e4be393015e4c5bcfee040a成功
2017-09-04 18:10:59,001 INFO  - 2c9f81ee5e4be393015e4c5bd3d8040b插入success
2017-09-04 18:10:59,003 INFO  - 本地库插入2c9f81ee5e4be393015e4c5bd3d8040b成功
2017-09-04 18:10:59,003 INFO  - 2c9f81ee5e4be393015e4c5bd7c1040c插入success
2017-09-04 18:10:59,004 INFO  - 本地库插入2c9f81ee5e4be393015e4c5bd7c1040c成功
2017-09-04 18:10:59,005 INFO  - 2c9f81ee5e4be393015e4c5bdba9040d插入success
2017-09-04 18:10:59,006 INFO  - 本地库插入2c9f81ee5e4be393015e4c5bdba9040d成功
2017-09-04 18:10:59,006 INFO  - 2c9f81ee5e4be393015e4c5bdf8d040e插入success
2017-09-04 18:10:59,007 INFO  - 本地库插入2c9f81ee5e4be393015e4c5bdf8d040e成功
2017-09-04 18:10:59,007 INFO  - 2c9f81ee5e4be393015e4c5be377040f插入success
2017-09-04 18:10:59,009 INFO  - 本地库插入2c9f81ee5e4be393015e4c5be377040f成功
2017-09-04 18:10:59,009 INFO  - 2c9f81ee5e4be393015e4c5be7ac0410插入success
2017-09-04 18:10:59,010 INFO  - 本地库插入2c9f81ee5e4be393015e4c5be7ac0410成功
2017-09-04 18:10:59,011 INFO  - 2c9f81ee5e4be393015e4c5beb480413插入success
2017-09-04 18:10:59,012 INFO  - 本地库插入2c9f81ee5e4be393015e4c5beb480413成功
2017-09-04 18:10:59,012 INFO  - 2c9f81ee5e4be393015e4c5bef2c0414插入success
2017-09-04 18:10:59,014 INFO  - 本地库插入2c9f81ee5e4be393015e4c5bef2c0414成功
2017-09-04 18:10:59,014 INFO  - 2c9f81ee5e4be393015e4c5bf3140415插入success
2017-09-04 18:10:59,015 INFO  - 本地库插入2c9f81ee5e4be393015e4c5bf3140415成功
2017-09-04 18:10:59,015 INFO  - 2c9f81ee5e4be393015e4c5bf7000416插入success
2017-09-04 18:10:59,017 INFO  - 本地库插入2c9f81ee5e4be393015e4c5bf7000416成功
2017-09-04 18:10:59,017 INFO  - 2c9f81ee5e4be393015e4c5bfae80417插入success
2017-09-04 18:10:59,018 INFO  - 本地库插入2c9f81ee5e4be393015e4c5bfae80417成功
2017-09-04 18:10:59,018 INFO  - 2c9f81ee5e4be393015e4c5bfecf0418插入success
2017-09-04 18:10:59,020 INFO  - 本地库插入2c9f81ee5e4be393015e4c5bfecf0418成功
2017-09-04 18:10:59,020 INFO  - 2c9f81ee5e4be393015e4c5c02bd0419插入success
2017-09-04 18:10:59,021 INFO  - 本地库插入2c9f81ee5e4be393015e4c5c02bd0419成功
2017-09-04 18:10:59,021 INFO  - 2c9f81ee5e4be393015e4c5c069c041a插入success
2017-09-04 18:10:59,023 INFO  - 本地库插入2c9f81ee5e4be393015e4c5c069c041a成功
2017-09-04 18:10:59,023 INFO  - 2c9f81ee5e4be393015e4c5c0a40041b插入success
2017-09-04 18:10:59,024 INFO  - 本地库插入2c9f81ee5e4be393015e4c5c0a40041b成功
2017-09-04 18:10:59,024 INFO  - 2c9f81ee5e4be393015e4c5c0e28041c插入success
2017-09-04 18:10:59,026 INFO  - 本地库插入2c9f81ee5e4be393015e4c5c0e28041c成功
2017-09-04 18:10:59,026 INFO  - 2c9f81ee5e4be393015e4c5c1257041d插入success
2017-09-04 18:10:59,027 INFO  - 本地库插入2c9f81ee5e4be393015e4c5c1257041d成功
2017-09-04 18:10:59,027 INFO  - 2c9f81ee5e4be393015e4c5c163c041e插入success
2017-09-04 18:10:59,028 INFO  - 本地库插入2c9f81ee5e4be393015e4c5c163c041e成功
2017-09-04 18:10:59,029 INFO  - 2c9f81ee5e4be393015e4c5c1a80041f插入success
2017-09-04 18:10:59,030 INFO  - 本地库插入2c9f81ee5e4be393015e4c5c1a80041f成功
2017-09-04 18:10:59,030 INFO  - 2c9f81ee5e4be393015e4c5c1e100424插入success
2017-09-04 18:10:59,031 INFO  - 本地库插入2c9f81ee5e4be393015e4c5c1e100424成功
2017-09-04 18:10:59,031 INFO  - 2c9f81ee5e4be393015e4c5c21f40425插入success
2017-09-04 18:10:59,033 INFO  - 本地库插入2c9f81ee5e4be393015e4c5c21f40425成功
2017-09-04 18:10:59,033 INFO  - 2c9f81ee5e4be393015e4c5c25e00426插入success
2017-09-04 18:10:59,034 INFO  - 本地库插入2c9f81ee5e4be393015e4c5c25e00426成功
2017-09-04 18:10:59,034 INFO  - 2c9f81ee5e4be393015e4c5c29c80427插入success
2017-09-04 18:10:59,036 INFO  - 本地库插入2c9f81ee5e4be393015e4c5c29c80427成功
2017-09-04 18:10:59,036 INFO  - 2c9f81ee5e4be393015e4c5c2d6d0428插入success
2017-09-04 18:10:59,037 INFO  - 本地库插入2c9f81ee5e4be393015e4c5c2d6d0428成功
2017-09-04 18:10:59,037 INFO  - 2c9f81ee5e4be393015e4c5c31500429插入success
2017-09-04 18:10:59,039 INFO  - 本地库插入2c9f81ee5e4be393015e4c5c31500429成功
2017-09-04 18:10:59,039 INFO  - 2c9f81ee5e4be393015e4c5c3541042a插入success
2017-09-04 18:10:59,040 INFO  - 本地库插入2c9f81ee5e4be393015e4c5c3541042a成功
2017-09-04 18:10:59,040 INFO  - 2c9f81ee5e4be393015e4c5c3925042b插入success
2017-09-04 18:10:59,042 INFO  - 本地库插入2c9f81ee5e4be393015e4c5c3925042b成功
2017-09-04 18:10:59,042 INFO  - 2c9f81ee5e4be393015e4c5c3d08042c插入success
2017-09-04 18:10:59,043 INFO  - 本地库插入2c9f81ee5e4be393015e4c5c3d08042c成功
2017-09-04 18:10:59,043 INFO  - 2c9f81ee5e4be393015e4c5c40f4042d插入success
2017-09-04 18:10:59,045 INFO  - 本地库插入2c9f81ee5e4be393015e4c5c40f4042d成功
2017-09-04 18:10:59,045 INFO  - 2c9f81ee5e4be393015e4c5c44dc042e插入success
2017-09-04 18:10:59,046 INFO  - 本地库插入2c9f81ee5e4be393015e4c5c44dc042e成功
2017-09-04 18:10:59,046 INFO  - 2c9f81ee5e4be393015e4c5c48bf042f插入success
2017-09-04 18:10:59,048 INFO  - 本地库插入2c9f81ee5e4be393015e4c5c48bf042f成功
2017-09-04 18:10:59,048 INFO  - 2c9f81ee5e4be393015e4c5c4cf50430插入success
2017-09-04 18:10:59,049 INFO  - 本地库插入2c9f81ee5e4be393015e4c5c4cf50430成功
2017-09-04 18:10:59,049 INFO  - 2c9f81ee5e4be393015e4c5c554b0431插入success
2017-09-04 18:10:59,051 INFO  - 本地库插入2c9f81ee5e4be393015e4c5c554b0431成功
2017-09-04 18:10:59,051 INFO  - 2c9f81ee5e4be393015e4c5c5d7e0436插入success
2017-09-04 18:10:59,052 INFO  - 本地库插入2c9f81ee5e4be393015e4c5c5d7e0436成功
2017-09-04 18:10:59,052 INFO  - 2c9f81ee5e4be393015e4c5c60dd043b插入success
2017-09-04 18:10:59,054 INFO  - 本地库插入2c9f81ee5e4be393015e4c5c60dd043b成功
2017-09-04 18:10:59,054 INFO  - 2c9f81ee5e4be393015e4c5c7c2f0440插入success
2017-09-04 18:10:59,055 INFO  - 本地库插入2c9f81ee5e4be393015e4c5c7c2f0440成功
2017-09-04 18:10:59,055 INFO  - 2c9f81ee5e4be393015e4c5c80c00445插入success
2017-09-04 18:10:59,057 INFO  - 本地库插入2c9f81ee5e4be393015e4c5c80c00445成功
2017-09-04 18:10:59,057 INFO  - 2c9f81ee5e4be393015e4c5c84530446插入success
2017-09-04 18:10:59,058 INFO  - 本地库插入2c9f81ee5e4be393015e4c5c84530446成功
2017-09-04 18:10:59,058 INFO  - 2c9f81ee5e4be393015e4c5c8c70044b插入success
2017-09-04 18:10:59,060 INFO  - 本地库插入2c9f81ee5e4be393015e4c5c8c70044b成功
2017-09-04 18:10:59,060 INFO  - 2c9f81ee5e4be393015e4c5c8f2b044e插入success
2017-09-04 18:10:59,061 INFO  - 本地库插入2c9f81ee5e4be393015e4c5c8f2b044e成功
2017-09-04 18:10:59,061 INFO  - 2c9f81ee5e4be393015e4c5c8fd8044f插入success
2017-09-04 18:10:59,063 INFO  - 本地库插入2c9f81ee5e4be393015e4c5c8fd8044f成功
2017-09-04 18:10:59,063 INFO  - 2c9f81ee5e4be393015e4c5c908a0450插入success
2017-09-04 18:10:59,064 INFO  - 本地库插入2c9f81ee5e4be393015e4c5c908a0450成功
2017-09-04 18:10:59,064 INFO  - 2c9f81ee5e4be393015e4c5c912f0451插入success
2017-09-04 18:10:59,066 INFO  - 本地库插入2c9f81ee5e4be393015e4c5c912f0451成功
2017-09-04 18:10:59,066 INFO  - 2c9f81ee5e4be393015e4c5c91f50453插入success
2017-09-04 18:10:59,068 INFO  - 本地库插入2c9f81ee5e4be393015e4c5c91f50453成功
2017-09-04 18:10:59,068 INFO  - 2c9f81ee5e4be393015e4c5c933e0456插入success
2017-09-04 18:10:59,069 INFO  - 本地库插入2c9f81ee5e4be393015e4c5c933e0456成功
2017-09-04 18:10:59,069 INFO  - 2c9f81ee5e4be393015e4c5c913c0452插入success
2017-09-04 18:10:59,071 INFO  - 本地库插入2c9f81ee5e4be393015e4c5c913c0452成功
2017-09-04 18:10:59,071 INFO  - 2c9f81ee5e4be393015e4c5c946a045b插入success
2017-09-04 18:10:59,072 INFO  - 本地库插入2c9f81ee5e4be393015e4c5c946a045b成功
2017-09-04 18:10:59,072 INFO  - 2c9f81ee5e4be393015e4c5c950b045c插入success
2017-09-04 18:10:59,074 INFO  - 本地库插入2c9f81ee5e4be393015e4c5c950b045c成功
2017-09-04 18:10:59,074 INFO  - 2c9f81ee5e4be393015e4c5c95ab045d插入success
2017-09-04 18:10:59,075 INFO  - 本地库插入2c9f81ee5e4be393015e4c5c95ab045d成功
2017-09-04 18:10:59,076 INFO  - 2c9f81ee5e4be393015e4c5c964c045e插入success
2017-09-04 18:10:59,077 INFO  - 本地库插入2c9f81ee5e4be393015e4c5c964c045e成功
2017-09-04 18:10:59,077 INFO  - 2c9f81ee5e4be393015e4c5c9734045f插入success
2017-09-04 18:10:59,078 INFO  - 本地库插入2c9f81ee5e4be393015e4c5c9734045f成功
2017-09-04 18:10:59,078 INFO  - 2c9f81ee5e4be393015e4c5c9b0b0460插入success
2017-09-04 18:10:59,080 INFO  - 本地库插入2c9f81ee5e4be393015e4c5c9b0b0460成功
2017-09-04 18:10:59,080 INFO  - 2c9f81ee5e4be393015e4c5c9ef80461插入success
2017-09-04 18:10:59,081 INFO  - 本地库插入2c9f81ee5e4be393015e4c5c9ef80461成功
2017-09-04 18:10:59,081 INFO  - 2c9f81ee5e4be393015e4c5ca2df0462插入success
2017-09-04 18:10:59,083 INFO  - 本地库插入2c9f81ee5e4be393015e4c5ca2df0462成功
2017-09-04 18:10:59,083 INFO  - 2c9f81ee5e4be393015e4c5ca6850463插入success
2017-09-04 18:10:59,084 INFO  - 本地库插入2c9f81ee5e4be393015e4c5ca6850463成功
2017-09-04 18:10:59,084 INFO  - 2c9f81ee5e4be393015e4c5caa6d0464插入success
2017-09-04 18:10:59,086 INFO  - 本地库插入2c9f81ee5e4be393015e4c5caa6d0464成功
2017-09-04 18:10:59,086 INFO  - 2c9f81ee5e4be393015e4c5cae550465插入success
2017-09-04 18:10:59,087 INFO  - 本地库插入2c9f81ee5e4be393015e4c5cae550465成功
2017-09-04 18:10:59,087 INFO  - 2c9f81ee5e4be393015e4c5cb62c0466插入success
2017-09-04 18:10:59,089 INFO  - 本地库插入2c9f81ee5e4be393015e4c5cb62c0466成功
2017-09-04 18:10:59,089 INFO  - 2c9f81ee5e4be393015e4c5cba820468插入success
2017-09-04 18:10:59,090 INFO  - 本地库插入2c9f81ee5e4be393015e4c5cba820468成功
2017-09-04 18:10:59,090 INFO  - 2c9f81ee5e4be393015e4c5cb7e70467插入success
2017-09-04 18:10:59,092 INFO  - 本地库插入2c9f81ee5e4be393015e4c5cb7e70467成功
2017-09-04 18:10:59,092 INFO  - 2c9f81ee5e4be393015e4c5cbdf5046b插入success
2017-09-04 18:10:59,093 INFO  - 本地库插入2c9f81ee5e4be393015e4c5cbdf5046b成功
2017-09-04 18:10:59,093 INFO  - 2c9f81ee5e4be393015e4c5cc1dd046c插入success
2017-09-04 18:10:59,095 INFO  - 本地库插入2c9f81ee5e4be393015e4c5cc1dd046c成功
2017-09-04 18:10:59,095 INFO  - 2c9f81ee5e4be393015e4c5cc5c5046d插入success
2017-09-04 18:10:59,096 INFO  - 本地库插入2c9f81ee5e4be393015e4c5cc5c5046d成功
2017-09-04 18:10:59,096 INFO  - 2c9f81ee5e4be393015e4c5ccd8e046e插入success
2017-09-04 18:10:59,098 INFO  - 本地库插入2c9f81ee5e4be393015e4c5ccd8e046e成功
2017-09-04 18:10:59,098 INFO  - 2c9f81ee5e4be393015e4c5cd174046f插入success
2017-09-04 18:10:59,099 INFO  - 本地库插入2c9f81ee5e4be393015e4c5cd174046f成功
2017-09-04 18:10:59,099 INFO  - 2c9f81ee5e4be393015e4c5cd5610471插入success
2017-09-04 18:10:59,101 INFO  - 本地库插入2c9f81ee5e4be393015e4c5cd5610471成功
2017-09-04 18:10:59,101 INFO  - 2c9f81ee5e4be393015e4c5cd3100470插入success
2017-09-04 18:10:59,102 INFO  - 本地库插入2c9f81ee5e4be393015e4c5cd3100470成功
2017-09-04 18:10:59,102 INFO  - 2c9f81ee5e4be393015e4c5cd9940474插入success
2017-09-04 18:10:59,104 INFO  - 本地库插入2c9f81ee5e4be393015e4c5cd9940474成功
2017-09-04 18:10:59,104 INFO  - 2c9f81ee5e4be393015e4c5cdd790475插入success
2017-09-04 18:10:59,105 INFO  - 本地库插入2c9f81ee5e4be393015e4c5cdd790475成功
2017-09-04 18:10:59,105 INFO  - 2c9f81ee5e4be393015e4c5ce1170476插入success
2017-09-04 18:10:59,107 INFO  - 本地库插入2c9f81ee5e4be393015e4c5ce1170476成功
2017-09-04 18:10:59,107 INFO  - 2c9f81ee5e4be393015e4c5ce5490477插入success
2017-09-04 18:10:59,108 INFO  - 本地库插入2c9f81ee5e4be393015e4c5ce5490477成功
2017-09-04 18:10:59,108 INFO  - 2c9f81ee5e4be393015e4c5ce9310478插入success
2017-09-04 18:10:59,110 INFO  - 本地库插入2c9f81ee5e4be393015e4c5ce9310478成功
2017-09-04 18:10:59,110 INFO  - 2c9f81ee5e4be393015e4c5ced190479插入success
2017-09-04 18:10:59,111 INFO  - 本地库插入2c9f81ee5e4be393015e4c5ced190479成功
2017-09-04 18:10:59,111 INFO  - 2c9f81ee5e4be393015e4c5cf101047a插入success
2017-09-04 18:10:59,113 INFO  - 本地库插入2c9f81ee5e4be393015e4c5cf101047a成功
2017-09-04 18:10:59,113 INFO  - 2c9f81ee5e4be393015e4c5cf4e8047b插入success
2017-09-04 18:10:59,114 INFO  - 本地库插入2c9f81ee5e4be393015e4c5cf4e8047b成功
2017-09-04 18:10:59,114 INFO  - 2c9f81ee5e4be393015e4c5cf8d1047c插入success
2017-09-04 18:10:59,116 INFO  - 本地库插入2c9f81ee5e4be393015e4c5cf8d1047c成功
2017-09-04 18:10:59,116 INFO  - 2c9f81ee5e4be393015e4c5cfcb9047d插入success
2017-09-04 18:10:59,117 INFO  - 本地库插入2c9f81ee5e4be393015e4c5cfcb9047d成功
2017-09-04 18:10:59,117 INFO  - 2c9f81ee5e4be393015e4c5d00a0047e插入success
2017-09-04 18:10:59,119 INFO  - 本地库插入2c9f81ee5e4be393015e4c5d00a0047e成功
2017-09-04 18:10:59,119 INFO  - 2c9f81ee5e4be393015e4c5d048a047f插入success
2017-09-04 18:10:59,120 INFO  - 本地库插入2c9f81ee5e4be393015e4c5d048a047f成功
2017-09-04 18:10:59,120 INFO  - 2c9f81ee5e4be393015e4c5d082e0480插入success
2017-09-04 18:10:59,122 INFO  - 本地库插入2c9f81ee5e4be393015e4c5d082e0480成功
2017-09-04 18:10:59,122 INFO  - 2c9f81ee5e4be393015e4c5d0c4a0481插入success
2017-09-04 18:10:59,123 INFO  - 本地库插入2c9f81ee5e4be393015e4c5d0c4a0481成功
2017-09-04 18:10:59,123 INFO  - 2c9f81ee5e4be393015e4c5d10400482插入success
2017-09-04 18:10:59,125 INFO  - 本地库插入2c9f81ee5e4be393015e4c5d10400482成功
2017-09-04 18:10:59,125 INFO  - 2c9f81ee5e4be393015e4c5d14270483插入success
2017-09-04 18:10:59,126 INFO  - 本地库插入2c9f81ee5e4be393015e4c5d14270483成功
2017-09-04 18:10:59,126 INFO  - 2c9f81ee5e4be393015e4c5d180e0484插入success
2017-09-04 18:10:59,128 INFO  - 本地库插入2c9f81ee5e4be393015e4c5d180e0484成功
2017-09-04 18:10:59,128 INFO  - 2c9f81ee5e4be393015e4c5d1ff00485插入success
2017-09-04 18:10:59,129 INFO  - 本地库插入2c9f81ee5e4be393015e4c5d1ff00485成功
2017-09-04 18:10:59,129 INFO  - 2c9f81ee5e4be393015e4c5d2a4e0486插入success
2017-09-04 18:10:59,131 INFO  - 本地库插入2c9f81ee5e4be393015e4c5d2a4e0486成功
2017-09-04 18:10:59,131 INFO  - 2c9f81ee5e4be393015e4c5d2c820489插入success
2017-09-04 18:10:59,133 INFO  - 本地库插入2c9f81ee5e4be393015e4c5d2c820489成功
2017-09-04 18:10:59,133 INFO  - 2c9f81ee5e4be393015e4c5d30c0048a插入success
2017-09-04 18:10:59,134 INFO  - 本地库插入2c9f81ee5e4be393015e4c5d30c0048a成功
2017-09-04 18:10:59,134 INFO  - 2c9f81ee5e4be393015e4c5d345a048c插入success
2017-09-04 18:10:59,136 INFO  - 本地库插入2c9f81ee5e4be393015e4c5d345a048c成功
2017-09-04 18:10:59,136 INFO  - 2c9f81ee5e4be393015e4c5d36af0492插入success
2017-09-04 18:10:59,137 INFO  - 本地库插入2c9f81ee5e4be393015e4c5d36af0492成功
2017-09-04 18:10:59,137 INFO  - 2c9f81ee5e4be393015e4c5d3ab50493插入success
2017-09-04 18:10:59,139 INFO  - 本地库插入2c9f81ee5e4be393015e4c5d3ab50493成功
2017-09-04 18:10:59,139 INFO  - 2c9f81ee5e4be393015e4c5d3cc30496插入success
2017-09-04 18:10:59,140 INFO  - 本地库插入2c9f81ee5e4be393015e4c5d3cc30496成功
2017-09-04 18:10:59,140 INFO  - 2c9f81ee5e4be393015e4c5d3f1f0498插入success
2017-09-04 18:10:59,141 INFO  - 本地库插入2c9f81ee5e4be393015e4c5d3f1f0498成功
2017-09-04 18:10:59,142 INFO  - 2c9f81ee5e4be393015e4c5d3e630497插入success
2017-09-04 18:10:59,143 INFO  - 本地库插入2c9f81ee5e4be393015e4c5d3e630497成功
2017-09-04 18:10:59,143 INFO  - 2c9f81ee5e4be393015e4c5d4bbb04a1插入success
2017-09-04 18:10:59,144 INFO  - 本地库插入2c9f81ee5e4be393015e4c5d4bbb04a1成功
2017-09-04 18:10:59,145 INFO  - 2c9f81ee5e4be393015e4c5d561404a4插入success
2017-09-04 18:10:59,146 INFO  - 本地库插入2c9f81ee5e4be393015e4c5d561404a4成功
2017-09-04 18:10:59,146 INFO  - 2c9f81ee5e4be393015e4c5d56af04a5插入success
2017-09-04 18:10:59,147 INFO  - 本地库插入2c9f81ee5e4be393015e4c5d56af04a5成功
2017-09-04 18:10:59,147 INFO  - 2c9f81ee5e4be393015e4c5d600804ac插入success
2017-09-04 18:10:59,149 INFO  - 本地库插入2c9f81ee5e4be393015e4c5d600804ac成功
2017-09-04 18:10:59,149 INFO  - 2c9f81ee5e4be393015e4c5d626c04af插入success
2017-09-04 18:10:59,151 INFO  - 本地库插入2c9f81ee5e4be393015e4c5d626c04af成功
2017-09-04 18:10:59,151 INFO  - 2c9f81ee5e4be393015e4c5d683104b2插入success
2017-09-04 18:10:59,152 INFO  - 本地库插入2c9f81ee5e4be393015e4c5d683104b2成功
2017-09-04 18:10:59,152 INFO  - 2c9f81ee5e4be393015e4c5d69ca04b6插入success
2017-09-04 18:10:59,154 INFO  - 本地库插入2c9f81ee5e4be393015e4c5d69ca04b6成功
2017-09-04 18:10:59,154 INFO  - 2c9f81ee5e4be393015e4c5d6a7304b7插入success
2017-09-04 18:10:59,155 INFO  - 本地库插入2c9f81ee5e4be393015e4c5d6a7304b7成功
2017-09-04 18:10:59,155 INFO  - 2c9f81ee5e4be393015e4c5d6b3f04b8插入success
2017-09-04 18:10:59,157 INFO  - 本地库插入2c9f81ee5e4be393015e4c5d6b3f04b8成功
2017-09-04 18:10:59,157 INFO  - 2c9f81ee5e4be393015e4c5d693104b5插入success
2017-09-04 18:10:59,158 INFO  - 本地库插入2c9f81ee5e4be393015e4c5d693104b5成功
2017-09-04 18:10:59,158 INFO  - 2c9f81ee5e4be393015e4c5d6c1704bb插入success
2017-09-04 18:10:59,160 INFO  - 本地库插入2c9f81ee5e4be393015e4c5d6c1704bb成功
2017-09-04 18:10:59,160 INFO  - 2c9f81ee5e4be393015e4c5d6dff04bc插入success
2017-09-04 18:10:59,161 INFO  - 本地库插入2c9f81ee5e4be393015e4c5d6dff04bc成功
2017-09-04 18:10:59,162 INFO  - 2c9f81ee5e4be393015e4c5d71e904bd插入success
2017-09-04 18:10:59,163 INFO  - 本地库插入2c9f81ee5e4be393015e4c5d71e904bd成功
2017-09-04 18:10:59,163 INFO  - 2c9f81ee5e4be393015e4c5d75d004be插入success
2017-09-04 18:10:59,165 INFO  - 本地库插入2c9f81ee5e4be393015e4c5d75d004be成功
2017-09-04 18:10:59,165 INFO  - 2c9f81ee5e4be393015e4c5d79b904bf插入success
2017-09-04 18:10:59,166 INFO  - 本地库插入2c9f81ee5e4be393015e4c5d79b904bf成功
2017-09-04 18:10:59,166 INFO  - 2c9f81ee5e4be393015e4c5d7da204c0插入success
2017-09-04 18:10:59,168 INFO  - 本地库插入2c9f81ee5e4be393015e4c5d7da204c0成功
2017-09-04 18:10:59,168 INFO  - 2c9f81ee5e4be393015e4c5d818804c1插入success
2017-09-04 18:10:59,169 INFO  - 本地库插入2c9f81ee5e4be393015e4c5d818804c1成功
2017-09-04 18:10:59,169 INFO  - 2c9f81ee5e4be393015e4c5d857004c2插入success
2017-09-04 18:10:59,171 INFO  - 本地库插入2c9f81ee5e4be393015e4c5d857004c2成功
2017-09-04 18:10:59,171 INFO  - 2c9f81ee5e4be393015e4c5d895a04c3插入success
2017-09-04 18:10:59,172 INFO  - 本地库插入2c9f81ee5e4be393015e4c5d895a04c3成功
2017-09-04 18:10:59,172 INFO  - 2c9f81ee5e4be393015e4c5d8d4104c4插入success
2017-09-04 18:10:59,174 INFO  - 本地库插入2c9f81ee5e4be393015e4c5d8d4104c4成功
2017-09-04 18:10:59,174 INFO  - 2c9f81ee5e4be393015e4c5d912904c5插入success
2017-09-04 18:10:59,175 INFO  - 本地库插入2c9f81ee5e4be393015e4c5d912904c5成功
2017-09-04 18:10:59,175 INFO  - 2c9f81ee5e4be393015e4c5d951804c6插入success
2017-09-04 18:10:59,176 INFO  - 本地库插入2c9f81ee5e4be393015e4c5d951804c6成功
2017-09-04 18:10:59,176 INFO  - 2c9f81ee5e4be393015e4c5d98f004c7插入success
2017-09-04 18:10:59,178 INFO  - 本地库插入2c9f81ee5e4be393015e4c5d98f004c7成功
2017-09-04 18:10:59,178 INFO  - 2c9f81ee5e4be393015e4c5d9cdf04c8插入success
2017-09-04 18:10:59,180 INFO  - 本地库插入2c9f81ee5e4be393015e4c5d9cdf04c8成功
2017-09-04 18:10:59,180 INFO  - 2c9f81ee5e4be393015e4c5da0c804c9插入success
2017-09-04 18:10:59,181 INFO  - 本地库插入2c9f81ee5e4be393015e4c5da0c804c9成功
2017-09-04 18:10:59,181 INFO  - 2c9f81ee5e4be393015e4c5da4a904ca插入success
2017-09-04 18:10:59,182 INFO  - 本地库插入2c9f81ee5e4be393015e4c5da4a904ca成功
2017-09-04 18:10:59,183 INFO  - 2c9f81ee5e4be393015e4c5da88f04cb插入success
2017-09-04 18:10:59,184 INFO  - 本地库插入2c9f81ee5e4be393015e4c5da88f04cb成功
2017-09-04 18:10:59,184 INFO  - 2c9f81ee5e4be393015e4c5dac7a04cc插入success
2017-09-04 18:10:59,185 INFO  - 本地库插入2c9f81ee5e4be393015e4c5dac7a04cc成功
2017-09-04 18:10:59,185 INFO  - 2c9f81ee5e4be393015e4c5db06704cd插入success
2017-09-04 18:10:59,187 INFO  - 本地库插入2c9f81ee5e4be393015e4c5db06704cd成功
2017-09-04 18:10:59,187 INFO  - 2c9f81ee5e4be393015e4c5db44f04ce插入success
2017-09-04 18:10:59,188 INFO  - 本地库插入2c9f81ee5e4be393015e4c5db44f04ce成功
2017-09-04 18:10:59,188 INFO  - 2c9f81ee5e4be393015e4c5db83804cf插入success
2017-09-04 18:10:59,190 INFO  - 本地库插入2c9f81ee5e4be393015e4c5db83804cf成功
2017-09-04 18:10:59,190 INFO  - 2c9f81ee5e4be393015e4c5dbbd704d0插入success
2017-09-04 18:10:59,191 INFO  - 本地库插入2c9f81ee5e4be393015e4c5dbbd704d0成功
2017-09-04 18:10:59,191 INFO  - 2c9f81ee5e4be393015e4c5dc00704d1插入success
2017-09-04 18:10:59,193 INFO  - 本地库插入2c9f81ee5e4be393015e4c5dc00704d1成功
2017-09-04 18:10:59,193 INFO  - 2c9f81ee5e4be393015e4c5dc3ef04d2插入success
2017-09-04 18:10:59,194 INFO  - 本地库插入2c9f81ee5e4be393015e4c5dc3ef04d2成功
2017-09-04 18:10:59,195 INFO  - 2c9f81ee5e4be393015e4c5dc7d804d3插入success
2017-09-04 18:10:59,196 INFO  - 本地库插入2c9f81ee5e4be393015e4c5dc7d804d3成功
2017-09-04 18:10:59,196 INFO  - 2c9f81ee5e4be393015e4c5dcbbf04d4插入success
2017-09-04 18:10:59,197 INFO  - 本地库插入2c9f81ee5e4be393015e4c5dcbbf04d4成功
2017-09-04 18:10:59,198 INFO  - 2c9f81ee5e4be393015e4c5dcfa704d5插入success
2017-09-04 18:10:59,199 INFO  - 本地库插入2c9f81ee5e4be393015e4c5dcfa704d5成功
2017-09-04 18:10:59,199 INFO  - 2c9f81ee5e4be393015e4c5dd39004d6插入success
2017-09-04 18:10:59,200 INFO  - 本地库插入2c9f81ee5e4be393015e4c5dd39004d6成功
2017-09-04 18:10:59,201 INFO  - 2c9f81ee5e4be393015e4c5dd77704d7插入success
2017-09-04 18:10:59,202 INFO  - 本地库插入2c9f81ee5e4be393015e4c5dd77704d7成功
2017-09-04 18:10:59,202 INFO  - 2c9f81ee5e4be393015e4c5ddb5e04d8插入success
2017-09-04 18:10:59,203 INFO  - 本地库插入2c9f81ee5e4be393015e4c5ddb5e04d8成功
2017-09-04 18:10:59,203 INFO  - 2c9f81ee5e4be393015e4c5ddf4804d9插入success
2017-09-04 18:10:59,205 INFO  - 本地库插入2c9f81ee5e4be393015e4c5ddf4804d9成功
2017-09-04 18:10:59,205 INFO  - 2c9f81ee5e4be393015e4c5de32f04da插入success
2017-09-04 18:10:59,206 INFO  - 本地库插入2c9f81ee5e4be393015e4c5de32f04da成功
2017-09-04 18:10:59,206 INFO  - 2c9f81ee5e4be393015e4c5de71704db插入success
2017-09-04 18:10:59,208 INFO  - 本地库插入2c9f81ee5e4be393015e4c5de71704db成功
2017-09-04 18:10:59,208 INFO  - 2c9f81ee5e4be393015e4c5deb0004dc插入success
2017-09-04 18:10:59,209 INFO  - 本地库插入2c9f81ee5e4be393015e4c5deb0004dc成功
2017-09-04 18:10:59,210 INFO  - 2c9f81ee5e4be393015e4c5deee604dd插入success
2017-09-04 18:10:59,211 INFO  - 本地库插入2c9f81ee5e4be393015e4c5deee604dd成功
2017-09-04 18:10:59,211 INFO  - 2c9f81ee5e4be393015e4c5df2cf04de插入success
2017-09-04 18:10:59,212 INFO  - 本地库插入2c9f81ee5e4be393015e4c5df2cf04de成功
2017-09-04 18:10:59,213 INFO  - 2c9f81ee5e4be393015e4c5df6b704df插入success
2017-09-04 18:10:59,214 INFO  - 本地库插入2c9f81ee5e4be393015e4c5df6b704df成功
2017-09-04 18:10:59,214 INFO  - 2c9f81ee5e4be393015e4c5dfa5804e0插入success
2017-09-04 18:10:59,215 INFO  - 本地库插入2c9f81ee5e4be393015e4c5dfa5804e0成功
2017-09-04 18:10:59,215 INFO  - 2c9f81ee5e4be393015e4c5dfe8704e1插入success
2017-09-04 18:10:59,217 INFO  - 本地库插入2c9f81ee5e4be393015e4c5dfe8704e1成功
2017-09-04 18:10:59,217 INFO  - 2c9f81ee5e4be393015e4c5e027004e2插入success
2017-09-04 18:10:59,218 INFO  - 本地库插入2c9f81ee5e4be393015e4c5e027004e2成功
2017-09-04 18:10:59,218 INFO  - 2c9f81ee5e4be393015e4c5e065704e3插入success
2017-09-04 18:10:59,220 INFO  - 本地库插入2c9f81ee5e4be393015e4c5e065704e3成功
2017-09-04 18:10:59,220 INFO  - 2c9f81ee5e4be393015e4c5e09f804e4插入success
2017-09-04 18:10:59,221 INFO  - 本地库插入2c9f81ee5e4be393015e4c5e09f804e4成功
2017-09-04 18:10:59,221 INFO  - 2c9f81ee5e4be393015e4c5e0de004e5插入success
2017-09-04 18:10:59,223 INFO  - 本地库插入2c9f81ee5e4be393015e4c5e0de004e5成功
2017-09-04 18:10:59,223 INFO  - 2c9f81ee5e4be393015e4c5e11c804e6插入success
2017-09-04 18:10:59,225 INFO  - 本地库插入2c9f81ee5e4be393015e4c5e11c804e6成功
2017-09-04 18:10:59,225 INFO  - 2c9f81ee5e4be393015e4c5e15b104e7插入success
2017-09-04 18:10:59,226 INFO  - 本地库插入2c9f81ee5e4be393015e4c5e15b104e7成功
2017-09-04 18:10:59,226 INFO  - 2c9f81ee5e4be393015e4c5e199804e8插入success
2017-09-04 18:10:59,227 INFO  - 本地库插入2c9f81ee5e4be393015e4c5e199804e8成功
2017-09-04 18:10:59,228 INFO  - 2c9f81ee5e4be393015e4c5e1d8004e9插入success
2017-09-04 18:10:59,229 INFO  - 本地库插入2c9f81ee5e4be393015e4c5e1d8004e9成功
2017-09-04 18:10:59,229 INFO  - 2c9f81ee5e4be393015e4c5e21ae04ea插入success
2017-09-04 18:10:59,230 INFO  - 本地库插入2c9f81ee5e4be393015e4c5e21ae04ea成功
2017-09-04 18:10:59,230 INFO  - 2c9f81ee5e4be393015e4c5e255004eb插入success
2017-09-04 18:10:59,232 INFO  - 本地库插入2c9f81ee5e4be393015e4c5e255004eb成功
2017-09-04 18:10:59,232 INFO  - 2c9f81ee5e4be393015e4c5e297f04ec插入success
2017-09-04 18:10:59,233 INFO  - 本地库插入2c9f81ee5e4be393015e4c5e297f04ec成功
2017-09-04 18:10:59,233 INFO  - 2c9f81ee5e4be393015e4c5e2d7004ed插入success
2017-09-04 18:10:59,235 INFO  - 本地库插入2c9f81ee5e4be393015e4c5e2d7004ed成功
2017-09-04 18:10:59,235 INFO  - 2c9f81ee5e4be393015e4c5e310704ee插入success
2017-09-04 18:10:59,236 INFO  - 本地库插入2c9f81ee5e4be393015e4c5e310704ee成功
2017-09-04 18:10:59,236 INFO  - 2c9f81ee5e4be393015e4c5e353804ef插入success
2017-09-04 18:10:59,238 INFO  - 本地库插入2c9f81ee5e4be393015e4c5e353804ef成功
2017-09-04 18:10:59,238 INFO  - 2c9f81ee5e4be393015e4c5e38d904f0插入success
2017-09-04 18:10:59,239 INFO  - 本地库插入2c9f81ee5e4be393015e4c5e38d904f0成功
2017-09-04 18:10:59,239 INFO  - 2c9f81ee5e4be393015e4c5e3d0704f1插入success
2017-09-04 18:10:59,241 INFO  - 本地库插入2c9f81ee5e4be393015e4c5e3d0704f1成功
2017-09-04 18:10:59,241 INFO  - 2c9f81ee5e4be393015e4c5e40ef04f2插入success
2017-09-04 18:10:59,242 INFO  - 本地库插入2c9f81ee5e4be393015e4c5e40ef04f2成功
2017-09-04 18:10:59,242 INFO  - 2c9f81ee5e4be393015e4c5e44d604f3插入success
2017-09-04 18:10:59,244 INFO  - 本地库插入2c9f81ee5e4be393015e4c5e44d604f3成功
2017-09-04 18:10:59,244 INFO  - 2c9f81ee5e4be393015e4c5e48ba04f4插入success
2017-09-04 18:10:59,245 INFO  - 本地库插入2c9f81ee5e4be393015e4c5e48ba04f4成功
2017-09-04 18:10:59,245 INFO  - 2c9f81ee5e4be393015e4c5e4c6104f5插入success
2017-09-04 18:10:59,247 INFO  - 本地库插入2c9f81ee5e4be393015e4c5e4c6104f5成功
2017-09-04 18:10:59,247 INFO  - 2c9f81ee5e4be393015e4c5e508f04f6插入success
2017-09-04 18:10:59,248 INFO  - 本地库插入2c9f81ee5e4be393015e4c5e508f04f6成功
2017-09-04 18:10:59,248 INFO  - 2c9f81ee5e4be393015e4c5e542f04f7插入success
2017-09-04 18:10:59,250 INFO  - 本地库插入2c9f81ee5e4be393015e4c5e542f04f7成功
2017-09-04 18:10:59,250 INFO  - 2c9f81ee5e4be393015e4c5e581104f8插入success
2017-09-04 18:10:59,251 INFO  - 本地库插入2c9f81ee5e4be393015e4c5e581104f8成功
2017-09-04 18:10:59,251 INFO  - 2c9f81ee5e4be393015e4c5e5c0104f9插入success
2017-09-04 18:10:59,253 INFO  - 本地库插入2c9f81ee5e4be393015e4c5e5c0104f9成功
2017-09-04 18:10:59,253 INFO  - 2c9f81ee5e4be393015e4c5e5fe204fa插入success
2017-09-04 18:10:59,254 INFO  - 本地库插入2c9f81ee5e4be393015e4c5e5fe204fa成功
2017-09-04 18:10:59,254 INFO  - 2c9f81ee5e4be393015e4c5e63ca04fb插入success
2017-09-04 18:10:59,256 INFO  - 本地库插入2c9f81ee5e4be393015e4c5e63ca04fb成功
2017-09-04 18:10:59,256 INFO  - 2c9f81ee5e4be393015e4c5e67c304fc插入success
2017-09-04 18:10:59,257 INFO  - 本地库插入2c9f81ee5e4be393015e4c5e67c304fc成功
2017-09-04 18:10:59,257 INFO  - 2c9f81ee5e4be393015e4c5e6b9f04fd插入success
2017-09-04 18:10:59,259 INFO  - 本地库插入2c9f81ee5e4be393015e4c5e6b9f04fd成功
2017-09-04 18:10:59,259 INFO  - 2c9f81ee5e4be393015e4c5e6f8704fe插入success
2017-09-04 18:10:59,260 INFO  - 本地库插入2c9f81ee5e4be393015e4c5e6f8704fe成功
2017-09-04 18:10:59,260 INFO  - 2c9f81ee5e4be393015e4c5e73b604ff插入success
2017-09-04 18:10:59,262 INFO  - 本地库插入2c9f81ee5e4be393015e4c5e73b604ff成功
2017-09-04 18:10:59,262 INFO  - 2c9f81ee5e4be393015e4c5e779f0500插入success
2017-09-04 18:10:59,264 INFO  - 本地库插入2c9f81ee5e4be393015e4c5e779f0500成功
2017-09-04 18:10:59,264 INFO  - 2c9f81ee5e4be393015e4c5e7b870501插入success
2017-09-04 18:10:59,265 INFO  - 本地库插入2c9f81ee5e4be393015e4c5e7b870501成功
2017-09-04 18:10:59,265 INFO  - 2c9f81ee5e4be393015e4c5e7f700502插入success
2017-09-04 18:10:59,266 INFO  - 本地库插入2c9f81ee5e4be393015e4c5e7f700502成功
2017-09-04 18:10:59,267 INFO  - 2c9f81ee5e4be393015e4c5e83570503插入success
2017-09-04 18:10:59,268 INFO  - 本地库插入2c9f81ee5e4be393015e4c5e83570503成功
2017-09-04 18:10:59,268 INFO  - 2c9f81ee5e4be393015e4c5e86f90504插入success
2017-09-04 18:10:59,269 INFO  - 本地库插入2c9f81ee5e4be393015e4c5e86f90504成功
2017-09-04 18:10:59,270 INFO  - 2c9f81ee5e4be393015e4c5e8b290505插入success
2017-09-04 18:10:59,271 INFO  - 本地库插入2c9f81ee5e4be393015e4c5e8b290505成功
2017-09-04 18:10:59,271 INFO  - 2c9f81ee5e4be393015e4c5e8f0f0506插入success
2017-09-04 18:10:59,272 INFO  - 本地库插入2c9f81ee5e4be393015e4c5e8f0f0506成功
2017-09-04 18:10:59,273 INFO  - 2c9f81ee5e4be393015e4c5e92f80507插入success
2017-09-04 18:10:59,274 INFO  - 本地库插入2c9f81ee5e4be393015e4c5e92f80507成功
2017-09-04 18:10:59,274 INFO  - 2c9f81ee5e4be393015e4c5e96e20508插入success
2017-09-04 18:10:59,275 INFO  - 本地库插入2c9f81ee5e4be393015e4c5e96e20508成功
2017-09-04 18:10:59,275 INFO  - 2c9f81ee5e4be393015e4c5e9ac90509插入success
2017-09-04 18:10:59,277 INFO  - 本地库插入2c9f81ee5e4be393015e4c5e9ac90509成功
2017-09-04 18:10:59,277 INFO  - 2c9f81ee5e4be393015e4c5e9eaf050a插入success
2017-09-04 18:10:59,278 INFO  - 本地库插入2c9f81ee5e4be393015e4c5e9eaf050a成功
2017-09-04 18:10:59,278 INFO  - 2c9f81ee5e4be393015e4c5ea299050b插入success
2017-09-04 18:10:59,280 INFO  - 本地库插入2c9f81ee5e4be393015e4c5ea299050b成功
2017-09-04 18:10:59,280 INFO  - 2c9f81ee5e4be393015e4c5ea67f050c插入success
2017-09-04 18:10:59,281 INFO  - 本地库插入2c9f81ee5e4be393015e4c5ea67f050c成功
2017-09-04 18:10:59,281 INFO  - 2c9f81ee5e4be393015e4c5eaa68050d插入success
2017-09-04 18:10:59,283 INFO  - 本地库插入2c9f81ee5e4be393015e4c5eaa68050d成功
2017-09-04 18:10:59,283 INFO  - 2c9f81ee5e4be393015e4c5eae4f050e插入success
2017-09-04 18:10:59,284 INFO  - 本地库插入2c9f81ee5e4be393015e4c5eae4f050e成功
2017-09-04 18:10:59,284 INFO  - 2c9f81ee5e4be393015e4c5eb23a050f插入success
2017-09-04 18:10:59,286 INFO  - 本地库插入2c9f81ee5e4be393015e4c5eb23a050f成功
2017-09-04 18:10:59,286 INFO  - 2c9f81ee5e4be393015e4c5eb6340510插入success
2017-09-04 18:10:59,287 INFO  - 本地库插入2c9f81ee5e4be393015e4c5eb6340510成功
2017-09-04 18:10:59,287 INFO  - 2c9f81ee5e4be393015e4c5eb9c00511插入success
2017-09-04 18:10:59,289 INFO  - 本地库插入2c9f81ee5e4be393015e4c5eb9c00511成功
2017-09-04 18:10:59,289 INFO  - 2c9f81ee5e4be393015e4c5ebddb0512插入success
2017-09-04 18:10:59,290 INFO  - 本地库插入2c9f81ee5e4be393015e4c5ebddb0512成功
2017-09-04 18:10:59,291 INFO  - 2c9f81ee5e4be393015e4c5ec1c30513插入success
2017-09-04 18:10:59,292 INFO  - 本地库插入2c9f81ee5e4be393015e4c5ec1c30513成功
2017-09-04 18:10:59,292 INFO  - 2c9f81ee5e4be393015e4c5ec5ab0514插入success
2017-09-04 18:10:59,293 INFO  - 本地库插入2c9f81ee5e4be393015e4c5ec5ab0514成功
2017-09-04 18:10:59,293 INFO  - 2c9f81ee5e4be393015e4c5ec9930515插入success
2017-09-04 18:10:59,295 INFO  - 本地库插入2c9f81ee5e4be393015e4c5ec9930515成功
2017-09-04 18:10:59,295 INFO  - 2c9f81ee5e4be393015e4c5ecd480516插入success
2017-09-04 18:10:59,296 INFO  - 本地库插入2c9f81ee5e4be393015e4c5ecd480516成功
2017-09-04 18:10:59,296 INFO  - 2c9f81ee5e4be393015e4c5ed1300517插入success
2017-09-04 18:10:59,298 INFO  - 本地库插入2c9f81ee5e4be393015e4c5ed1300517成功
2017-09-04 18:10:59,298 INFO  - 2c9f81ee5e4be393015e4c5ed5180518插入success
2017-09-04 18:10:59,299 INFO  - 本地库插入2c9f81ee5e4be393015e4c5ed5180518成功
2017-09-04 18:10:59,299 INFO  - 2c9f81ee5e4be393015e4c5ed9010519插入success
2017-09-04 18:10:59,301 INFO  - 本地库插入2c9f81ee5e4be393015e4c5ed9010519成功
2017-09-04 18:10:59,301 INFO  - 2c9f81ee5e4be393015e4c5edce9051a插入success
2017-09-04 18:10:59,302 INFO  - 本地库插入2c9f81ee5e4be393015e4c5edce9051a成功
2017-09-04 18:10:59,302 INFO  - 2c9f81ee5e4be393015e4c5ee101051b插入success
2017-09-04 18:10:59,304 INFO  - 本地库插入2c9f81ee5e4be393015e4c5ee101051b成功
